<?xml version="1.0" encoding="UTF-8"?>
<coverage generated="1748441107511" clover="3.2.0">
  <project timestamp="1748441107511" name="All files">
    <metrics statements="1104" coveredstatements="746" conditionals="455" coveredconditionals="238" methods="187" coveredmethods="130" elements="1746" coveredelements="1114" complexity="0" loc="1104" ncloc="1104" packages="7" files="39" classes="39"/>
    <package name="app">
      <metrics statements="6" coveredstatements="6" conditionals="0" coveredconditionals="0" methods="1" coveredmethods="1"/>
      <file name="page.tsx" path="/Users/jrpj2010/vibe-coding/app/import/14_tanren-emotion-analysis/app/page.tsx">
        <metrics statements="6" coveredstatements="6" conditionals="0" coveredconditionals="0" methods="1" coveredmethods="1"/>
        <line num="3" count="2" type="stmt"/>
        <line num="4" count="2" type="stmt"/>
        <line num="5" count="2" type="stmt"/>
        <line num="6" count="2" type="stmt"/>
        <line num="8" count="18" type="stmt"/>
        <line num="9" count="22" type="stmt"/>
      </file>
    </package>
    <package name="components">
      <metrics statements="447" coveredstatements="345" conditionals="271" coveredconditionals="153" methods="96" coveredmethods="67"/>
      <file name="analysis-report.tsx" path="/Users/jrpj2010/vibe-coding/app/import/14_tanren-emotion-analysis/components/analysis-report.tsx">
        <metrics statements="94" coveredstatements="61" conditionals="66" coveredconditionals="17" methods="24" coveredmethods="14"/>
        <line num="3" count="2" type="stmt"/>
        <line num="4" count="2" type="stmt"/>
        <line num="5" count="2" type="stmt"/>
        <line num="6" count="2" type="stmt"/>
        <line num="7" count="2" type="stmt"/>
        <line num="8" count="2" type="stmt"/>
        <line num="9" count="2" type="stmt"/>
        <line num="10" count="2" type="stmt"/>
        <line num="11" count="2" type="stmt"/>
        <line num="12" count="2" type="stmt"/>
        <line num="13" count="2" type="stmt"/>
        <line num="14" count="2" type="stmt"/>
        <line num="17" count="10" type="stmt"/>
        <line num="18" count="10" type="stmt"/>
        <line num="20" count="10" type="cond" truecount="1" falsecount="0"/>
        <line num="31" count="9" type="cond" truecount="4" falsecount="0"/>
        <line num="43" count="8" type="stmt"/>
        <line num="44" count="8" type="stmt"/>
        <line num="45" count="8" type="stmt"/>
        <line num="46" count="8" type="stmt"/>
        <line num="49" count="8" type="stmt"/>
        <line num="50" count="8" type="stmt"/>
        <line num="51" count="8" type="stmt"/>
        <line num="87" count="56" type="stmt"/>
        <line num="162" count="32" type="stmt"/>
        <line num="179" count="32" type="stmt"/>
        <line num="180" count="32" type="stmt"/>
        <line num="181" count="32" type="stmt"/>
        <line num="182" count="32" type="stmt"/>
        <line num="184" count="32" type="stmt"/>
        <line num="213" count="8" type="cond" truecount="0" falsecount="1"/>
        <line num="215" count="8" type="stmt"/>
        <line num="216" count="32" type="stmt"/>
        <line num="217" count="224" type="cond" truecount="2" falsecount="0"/>
        <line num="219" count="32" type="stmt"/>
        <line num="222" count="8" type="stmt"/>
        <line num="223" count="8" type="stmt"/>
        <line num="224" count="56" type="stmt"/>
        <line num="227" count="8" type="stmt"/>
        <line num="231" count="8" type="cond" truecount="0" falsecount="1"/>
        <line num="233" count="8" type="stmt"/>
        <line num="239" count="8" type="stmt"/>
        <line num="240" count="32" type="cond" truecount="1" falsecount="1"/>
        <line num="241" count="32" type="cond" truecount="1" falsecount="1"/>
        <line num="242" count="32" type="cond" truecount="1" falsecount="1"/>
        <line num="245" count="8" type="stmt"/>
        <line num="249" count="8" type="cond" truecount="0" falsecount="1"/>
        <line num="251" count="8" type="stmt"/>
        <line num="253" count="8" type="stmt"/>
        <line num="254" count="32" type="stmt"/>
        <line num="255" count="32" type="stmt"/>
        <line num="256" count="32" type="stmt"/>
        <line num="258" count="32" type="stmt"/>
        <line num="268" count="56" type="stmt"/>
        <line num="278" count="56" type="cond" truecount="1" falsecount="1"/>
        <line num="282" count="8" type="cond" truecount="1" falsecount="1"/>
        <line num="283" count="8" type="cond" truecount="1" falsecount="1"/>
        <line num="284" count="8" type="cond" truecount="1" falsecount="1"/>
        <line num="286" count="8" type="cond" truecount="3" falsecount="1"/>
        <line num="287" count="8" type="stmt"/>
        <line num="288" count="0" type="cond" truecount="0" falsecount="2"/>
        <line num="289" count="0" type="stmt"/>
        <line num="290" count="0" type="cond" truecount="0" falsecount="2"/>
        <line num="291" count="0" type="stmt"/>
        <line num="293" count="0" type="stmt"/>
        <line num="298" count="10" type="stmt"/>
        <line num="299" count="0" type="stmt"/>
        <line num="300" count="0" type="stmt"/>
        <line num="301" count="0" type="stmt"/>
        <line num="302" count="0" type="stmt"/>
        <line num="303" count="0" type="stmt"/>
        <line num="305" count="0" type="stmt"/>
        <line num="306" count="0" type="cond" truecount="0" falsecount="2"/>
        <line num="308" count="0" type="stmt"/>
        <line num="310" count="0" type="stmt"/>
        <line num="311" count="0" type="stmt"/>
        <line num="315" count="0" type="cond" truecount="0" falsecount="1"/>
        <line num="316" count="0" type="stmt"/>
        <line num="327" count="0" type="stmt"/>
        <line num="330" count="0" type="stmt"/>
        <line num="331" count="0" type="stmt"/>
        <line num="332" count="0" type="cond" truecount="0" falsecount="2"/>
        <line num="334" count="0" type="stmt"/>
        <line num="337" count="0" type="stmt"/>
        <line num="338" count="0" type="stmt"/>
        <line num="341" count="0" type="stmt"/>
        <line num="344" count="0" type="stmt"/>
        <line num="345" count="0" type="stmt"/>
        <line num="346" count="0" type="stmt"/>
        <line num="347" count="0" type="stmt"/>
        <line num="349" count="0" type="stmt"/>
        <line num="356" count="0" type="stmt"/>
        <line num="360" count="0" type="stmt"/>
        <line num="448" count="0" type="stmt"/>
      </file>
      <file name="audio-visualizer.tsx" path="/Users/jrpj2010/vibe-coding/app/import/14_tanren-emotion-analysis/components/audio-visualizer.tsx">
        <metrics statements="3" coveredstatements="3" conditionals="2" coveredconditionals="2" methods="1" coveredmethods="1"/>
        <line num="3" count="7" type="stmt"/>
        <line num="10" count="2877" type="stmt"/>
        <line num="11" count="2865" type="cond" truecount="2" falsecount="0"/>
      </file>
      <file name="conversation-status-radar.tsx" path="/Users/jrpj2010/vibe-coding/app/import/14_tanren-emotion-analysis/components/conversation-status-radar.tsx">
        <metrics statements="5" coveredstatements="1" conditionals="2" coveredconditionals="0" methods="1" coveredmethods="0"/>
        <line num="3" count="2" type="stmt"/>
        <line num="10" count="0" type="stmt"/>
        <line num="11" count="0" type="stmt"/>
        <line num="19" count="0" type="cond" truecount="0" falsecount="2"/>
        <line num="21" count="0" type="stmt"/>
      </file>
      <file name="emotion-change-chart.tsx" path="/Users/jrpj2010/vibe-coding/app/import/14_tanren-emotion-analysis/components/emotion-change-chart.tsx">
        <metrics statements="6" coveredstatements="1" conditionals="19" coveredconditionals="0" methods="2" coveredmethods="0"/>
        <line num="3" count="2" type="stmt"/>
        <line num="21" count="0" type="stmt"/>
        <line num="22" count="0" type="stmt"/>
        <line num="37" count="0" type="cond" truecount="0" falsecount="4"/>
        <line num="38" count="0" type="stmt"/>
        <line num="48" count="0" type="cond" truecount="0" falsecount="2"/>
      </file>
      <file name="emotion-radar-chart.tsx" path="/Users/jrpj2010/vibe-coding/app/import/14_tanren-emotion-analysis/components/emotion-radar-chart.tsx">
        <metrics statements="3" coveredstatements="3" conditionals="24" coveredconditionals="17" methods="1" coveredmethods="1"/>
        <line num="3" count="8" type="stmt"/>
        <line num="10" count="2880" type="stmt"/>
        <line num="12" count="2867" type="cond" truecount="2" falsecount="0"/>
      </file>
      <file name="emotion-trend-chart.tsx" path="/Users/jrpj2010/vibe-coding/app/import/14_tanren-emotion-analysis/components/emotion-trend-chart.tsx">
        <metrics statements="3" coveredstatements="3" conditionals="12" coveredconditionals="12" methods="1" coveredmethods="1"/>
        <line num="3" count="7" type="stmt"/>
        <line num="16" count="2892" type="stmt"/>
        <line num="18" count="2880" type="cond" truecount="2" falsecount="0"/>
      </file>
      <file name="export-buttons.tsx" path="/Users/jrpj2010/vibe-coding/app/import/14_tanren-emotion-analysis/components/export-buttons.tsx">
        <metrics statements="32" coveredstatements="32" conditionals="8" coveredconditionals="6" methods="3" coveredmethods="3"/>
        <line num="3" count="2" type="stmt"/>
        <line num="4" count="2" type="stmt"/>
        <line num="5" count="2" type="stmt"/>
        <line num="6" count="2" type="stmt"/>
        <line num="8" count="19" type="stmt"/>
        <line num="9" count="19" type="stmt"/>
        <line num="11" count="19" type="stmt"/>
        <line num="12" count="6" type="cond" truecount="2" falsecount="1"/>
        <line num="14" count="6" type="stmt"/>
        <line num="15" count="6" type="stmt"/>
        <line num="16" count="6" type="stmt"/>
        <line num="18" count="6" type="stmt"/>
        <line num="19" count="6" type="stmt"/>
        <line num="20" count="6" type="stmt"/>
        <line num="21" count="6" type="stmt"/>
        <line num="22" count="6" type="stmt"/>
        <line num="23" count="6" type="stmt"/>
        <line num="25" count="6" type="stmt"/>
        <line num="28" count="19" type="stmt"/>
        <line num="29" count="7" type="cond" truecount="2" falsecount="1"/>
        <line num="31" count="7" type="stmt"/>
        <line num="32" count="7" type="stmt"/>
        <line num="33" count="6" type="stmt"/>
        <line num="35" count="6" type="stmt"/>
        <line num="36" count="6" type="stmt"/>
        <line num="37" count="6" type="stmt"/>
        <line num="38" count="6" type="stmt"/>
        <line num="39" count="6" type="stmt"/>
        <line num="40" count="6" type="stmt"/>
        <line num="42" count="6" type="stmt"/>
        <line num="44" count="1" type="stmt"/>
        <line num="48" count="19" type="cond" truecount="2" falsecount="0"/>
      </file>
      <file name="face-map-visualization.tsx" path="/Users/jrpj2010/vibe-coding/app/import/14_tanren-emotion-analysis/components/face-map-visualization.tsx">
        <metrics statements="1" coveredstatements="1" conditionals="7" coveredconditionals="6" methods="1" coveredmethods="1"/>
        <line num="7" count="2871" type="cond" truecount="0" falsecount="1"/>
      </file>
      <file name="face-map.tsx" path="/Users/jrpj2010/vibe-coding/app/import/14_tanren-emotion-analysis/components/face-map.tsx">
        <metrics statements="17" coveredstatements="9" conditionals="5" coveredconditionals="5" methods="3" coveredmethods="2"/>
        <line num="3" count="3" type="stmt"/>
        <line num="9" count="9" type="stmt"/>
        <line num="10" count="9" type="stmt"/>
        <line num="12" count="9" type="stmt"/>
        <line num="13" count="9" type="cond" truecount="3" falsecount="0"/>
        <line num="15" count="6" type="stmt"/>
        <line num="16" count="6" type="stmt"/>
        <line num="17" count="6" type="cond" truecount="1" falsecount="0"/>
        <line num="20" count="0" type="stmt"/>
        <line num="23" count="0" type="stmt"/>
        <line num="24" count="0" type="stmt"/>
        <line num="25" count="0" type="stmt"/>
        <line num="27" count="0" type="stmt"/>
        <line num="28" count="0" type="stmt"/>
        <line num="29" count="0" type="stmt"/>
        <line num="30" count="0" type="stmt"/>
        <line num="34" count="9" type="cond" truecount="1" falsecount="0"/>
      </file>
      <file name="face-metrics-gauge.tsx" path="/Users/jrpj2010/vibe-coding/app/import/14_tanren-emotion-analysis/components/face-metrics-gauge.tsx">
        <metrics statements="39" coveredstatements="38" conditionals="22" coveredconditionals="20" methods="10" coveredmethods="9"/>
        <line num="3" count="8" type="stmt"/>
        <line num="4" count="8" type="stmt"/>
        <line num="11" count="2889" type="stmt"/>
        <line num="12" count="2891" type="stmt"/>
        <line num="13" count="2891" type="stmt"/>
        <line num="14" count="2891" type="stmt"/>
        <line num="15" count="2891" type="stmt"/>
        <line num="17" count="2891" type="cond" truecount="2" falsecount="0"/>
        <line num="18" count="2891" type="cond" truecount="2" falsecount="0"/>
        <line num="19" count="2891" type="cond" truecount="2" falsecount="0"/>
        <line num="21" count="2891" type="stmt"/>
        <line num="22" count="13" type="cond" truecount="1" falsecount="0"/>
        <line num="23" count="11" type="cond" truecount="1" falsecount="0"/>
        <line num="24" count="8" type="stmt"/>
        <line num="27" count="2891" type="stmt"/>
        <line num="28" count="13" type="cond" truecount="1" falsecount="0"/>
        <line num="29" count="11" type="cond" truecount="1" falsecount="0"/>
        <line num="30" count="8" type="stmt"/>
        <line num="33" count="2891" type="stmt"/>
        <line num="34" count="12" type="cond" truecount="2" falsecount="0"/>
        <line num="35" count="12" type="cond" truecount="2" falsecount="0"/>
        <line num="36" count="12" type="stmt"/>
        <line num="37" count="12" type="stmt"/>
        <line num="39" count="12" type="stmt"/>
        <line num="40" count="12" type="stmt"/>
        <line num="44" count="12" type="stmt"/>
        <line num="47" count="2891" type="stmt"/>
        <line num="48" count="2" type="stmt"/>
        <line num="51" count="2891" type="stmt"/>
        <line num="52" count="1" type="cond" truecount="1" falsecount="1"/>
        <line num="53" count="1" type="cond" truecount="1" falsecount="1"/>
        <line num="54" count="1" type="stmt"/>
        <line num="55" count="1" type="stmt"/>
        <line num="56" count="1" type="stmt"/>
        <line num="59" count="2891" type="cond" truecount="1" falsecount="0"/>
        <line num="75" count="11" type="stmt"/>
        <line num="77" count="1" type="stmt"/>
        <line num="108" count="1" type="stmt"/>
        <line num="110" count="0" type="stmt"/>
      </file>
      <file name="realtime-dashboard.tsx" path="/Users/jrpj2010/vibe-coding/app/import/14_tanren-emotion-analysis/components/realtime-dashboard.tsx">
        <metrics statements="118" coveredstatements="80" conditionals="43" coveredconditionals="22" methods="18" coveredmethods="10"/>
        <line num="3" count="7" type="stmt"/>
        <line num="4" count="7" type="stmt"/>
        <line num="5" count="7" type="stmt"/>
        <line num="6" count="7" type="stmt"/>
        <line num="7" count="7" type="stmt"/>
        <line num="8" count="7" type="stmt"/>
        <line num="9" count="7" type="stmt"/>
        <line num="10" count="7" type="stmt"/>
        <line num="11" count="7" type="stmt"/>
        <line num="12" count="7" type="stmt"/>
        <line num="13" count="7" type="stmt"/>
        <line num="14" count="7" type="stmt"/>
        <line num="15" count="7" type="stmt"/>
        <line num="16" count="7" type="stmt"/>
        <line num="17" count="7" type="stmt"/>
        <line num="18" count="7" type="stmt"/>
        <line num="19" count="7" type="stmt"/>
        <line num="20" count="7" type="stmt"/>
        <line num="21" count="7" type="stmt"/>
        <line num="22" count="7" type="stmt"/>
        <line num="23" count="7" type="stmt"/>
        <line num="25" count="57" type="stmt"/>
        <line num="26" count="2894" type="stmt"/>
        <line num="27" count="2894" type="stmt"/>
        <line num="29" count="2894" type="stmt"/>
        <line num="30" count="2894" type="stmt"/>
        <line num="31" count="2894" type="stmt"/>
        <line num="32" count="2894" type="stmt"/>
        <line num="33" count="2894" type="stmt"/>
        <line num="34" count="2894" type="stmt"/>
        <line num="35" count="2894" type="stmt"/>
        <line num="36" count="2894" type="stmt"/>
        <line num="37" count="2894" type="stmt"/>
        <line num="40" count="2894" type="stmt"/>
        <line num="50" count="2894" type="stmt"/>
        <line num="53" count="2894" type="stmt"/>
        <line num="67" count="2894" type="stmt"/>
        <line num="86" count="2894" type="stmt"/>
        <line num="91" count="2894" type="stmt"/>
        <line num="92" count="59" type="cond" truecount="1" falsecount="2"/>
        <line num="93" count="0" type="stmt"/>
        <line num="98" count="2894" type="stmt"/>
        <line num="99" count="59" type="cond" truecount="1" falsecount="4"/>
        <line num="100" count="0" type="stmt"/>
        <line num="110" count="2894" type="stmt"/>
        <line num="111" count="59" type="cond" truecount="1" falsecount="2"/>
        <line num="112" count="0" type="stmt"/>
        <line num="117" count="2894" type="stmt"/>
        <line num="119" count="57" type="cond" truecount="1" falsecount="0"/>
        <line num="120" count="20" type="stmt"/>
        <line num="121" count="10" type="stmt"/>
        <line num="124" count="10" type="cond" truecount="1" falsecount="1"/>
        <line num="125" count="0" type="stmt"/>
        <line num="135" count="0" type="stmt"/>
        <line num="138" count="0" type="stmt"/>
        <line num="139" count="0" type="stmt"/>
        <line num="140" count="0" type="stmt"/>
        <line num="142" count="0" type="stmt"/>
        <line num="143" count="0" type="stmt"/>
        <line num="149" count="0" type="stmt"/>
        <line num="153" count="10" type="stmt"/>
        <line num="154" count="10" type="stmt"/>
        <line num="155" count="10" type="stmt"/>
        <line num="157" count="10" type="stmt"/>
        <line num="158" count="9" type="stmt"/>
        <line num="164" count="9" type="stmt"/>
        <line num="169" count="10" type="stmt"/>
        <line num="170" count="10" type="stmt"/>
        <line num="173" count="57" type="stmt"/>
        <line num="176" count="2894" type="stmt"/>
        <line num="177" count="20" type="stmt"/>
        <line num="178" count="20" type="stmt"/>
        <line num="179" count="20" type="stmt"/>
        <line num="180" count="20" type="stmt"/>
        <line num="182" count="20" type="stmt"/>
        <line num="184" count="20" type="stmt"/>
        <line num="186" count="19" type="cond" truecount="2" falsecount="0"/>
        <line num="187" count="11" type="stmt"/>
        <line num="190" count="11" type="stmt"/>
        <line num="193" count="11" type="stmt"/>
        <line num="196" count="11" type="stmt"/>
        <line num="197" count="11" type="stmt"/>
        <line num="198" count="11" type="stmt"/>
        <line num="200" count="11" type="stmt"/>
        <line num="202" count="8" type="stmt"/>
        <line num="203" count="8" type="stmt"/>
        <line num="206" count="1" type="stmt"/>
        <line num="207" count="1" type="stmt"/>
        <line num="211" count="2894" type="stmt"/>
        <line num="212" count="0" type="stmt"/>
        <line num="215" count="0" type="stmt"/>
        <line num="216" count="0" type="stmt"/>
        <line num="217" count="0" type="stmt"/>
        <line num="220" count="0" type="stmt"/>
        <line num="222" count="0" type="stmt"/>
        <line num="223" count="0" type="stmt"/>
        <line num="226" count="0" type="stmt"/>
        <line num="229" count="0" type="cond" truecount="0" falsecount="2"/>
        <line num="230" count="0" type="stmt"/>
        <line num="238" count="0" type="stmt"/>
        <line num="239" count="0" type="cond" truecount="0" falsecount="2"/>
        <line num="240" count="0" type="stmt"/>
        <line num="242" count="0" type="stmt"/>
        <line num="244" count="0" type="stmt"/>
        <line num="245" count="0" type="stmt"/>
        <line num="248" count="0" type="stmt"/>
        <line num="252" count="2894" type="stmt"/>
        <line num="253" count="0" type="stmt"/>
        <line num="254" count="0" type="cond" truecount="0" falsecount="3"/>
        <line num="255" count="0" type="stmt"/>
        <line num="259" count="2894" type="stmt"/>
        <line num="260" count="0" type="cond" truecount="0" falsecount="1"/>
        <line num="261" count="0" type="stmt"/>
        <line num="264" count="0" type="stmt"/>
        <line num="267" count="0" type="stmt"/>
        <line num="269" count="0" type="stmt"/>
        <line num="272" count="0" type="stmt"/>
        <line num="489" count="0" type="stmt"/>
      </file>
      <file name="sentiment-trend-chart.tsx" path="/Users/jrpj2010/vibe-coding/app/import/14_tanren-emotion-analysis/components/sentiment-trend-chart.tsx">
        <metrics statements="4" coveredstatements="1" conditionals="2" coveredconditionals="0" methods="1" coveredmethods="0"/>
        <line num="3" count="2" type="stmt"/>
        <line num="16" count="0" type="stmt"/>
        <line num="17" count="0" type="stmt"/>
        <line num="30" count="0" type="cond" truecount="0" falsecount="2"/>
      </file>
      <file name="session-recording.tsx" path="/Users/jrpj2010/vibe-coding/app/import/14_tanren-emotion-analysis/components/session-recording.tsx">
        <metrics statements="3" coveredstatements="2" conditionals="4" coveredconditionals="2" methods="2" coveredmethods="1"/>
        <line num="15" count="2" type="cond" truecount="1" falsecount="0"/>
        <line num="16" count="2" type="cond" truecount="1" falsecount="0"/>
        <line num="35" count="0" type="stmt"/>
      </file>
      <file name="transcript-area.tsx" path="/Users/jrpj2010/vibe-coding/app/import/14_tanren-emotion-analysis/components/transcript-area.tsx">
        <metrics statements="13" coveredstatements="13" conditionals="14" coveredconditionals="13" methods="3" coveredmethods="3"/>
        <line num="3" count="8" type="stmt"/>
        <line num="12" count="2914" type="stmt"/>
        <line num="18" count="2895" type="stmt"/>
        <line num="19" count="2895" type="stmt"/>
        <line num="22" count="2895" type="stmt"/>
        <line num="23" count="55" type="cond" truecount="3" falsecount="0"/>
        <line num="24" count="3" type="stmt"/>
        <line num="25" count="3" type="stmt"/>
        <line num="27" count="55" type="stmt"/>
        <line num="31" count="2895" type="stmt"/>
        <line num="32" count="55" type="cond" truecount="3" falsecount="0"/>
        <line num="33" count="3" type="stmt"/>
        <line num="34" count="3" type="stmt"/>
      </file>
      <file name="transcript-display.tsx" path="/Users/jrpj2010/vibe-coding/app/import/14_tanren-emotion-analysis/components/transcript-display.tsx">
        <metrics statements="1" coveredstatements="1" conditionals="1" coveredconditionals="0" methods="1" coveredmethods="1"/>
        <line num="7" count="2" type="stmt"/>
      </file>
      <file name="video-playback-modal.tsx" path="/Users/jrpj2010/vibe-coding/app/import/14_tanren-emotion-analysis/components/video-playback-modal.tsx">
        <metrics statements="7" coveredstatements="5" conditionals="5" coveredconditionals="2" methods="2" coveredmethods="1"/>
        <line num="3" count="7" type="stmt"/>
        <line num="4" count="7" type="stmt"/>
        <line num="14" count="2894" type="stmt"/>
        <line num="20" count="2875" type="cond" truecount="2" falsecount="1"/>
        <line num="21" count="2875" type="stmt"/>
        <line num="25" count="0" type="stmt"/>
        <line num="79" count="0" type="stmt"/>
      </file>
      <file name="video-player.tsx" path="/Users/jrpj2010/vibe-coding/app/import/14_tanren-emotion-analysis/components/video-player.tsx">
        <metrics statements="81" coveredstatements="74" conditionals="29" coveredconditionals="23" methods="18" coveredmethods="15"/>
        <line num="3" count="8" type="stmt"/>
        <line num="4" count="8" type="stmt"/>
        <line num="5" count="8" type="stmt"/>
        <line num="6" count="8" type="stmt"/>
        <line num="7" count="8" type="stmt"/>
        <line num="44" count="12" type="stmt"/>
        <line num="45" count="29" type="stmt"/>
        <line num="46" count="29" type="stmt"/>
        <line num="47" count="29" type="stmt"/>
        <line num="48" count="29" type="stmt"/>
        <line num="49" count="29" type="cond" truecount="2" falsecount="0"/>
        <line num="50" count="29" type="stmt"/>
        <line num="51" count="29" type="stmt"/>
        <line num="52" count="29" type="stmt"/>
        <line num="55" count="29" type="stmt"/>
        <line num="56" count="12" type="cond" truecount="1" falsecount="0"/>
        <line num="57" count="11" type="stmt"/>
        <line num="59" count="11" type="stmt"/>
        <line num="60" count="0" type="stmt"/>
        <line num="63" count="11" type="stmt"/>
        <line num="64" count="2" type="stmt"/>
        <line num="65" count="2" type="stmt"/>
        <line num="66" count="2" type="stmt"/>
        <line num="69" count="11" type="stmt"/>
        <line num="70" count="11" type="stmt"/>
        <line num="73" count="11" type="cond" truecount="1" falsecount="0"/>
        <line num="74" count="10" type="stmt"/>
        <line num="77" count="11" type="stmt"/>
        <line num="78" count="11" type="stmt"/>
        <line num="79" count="11" type="stmt"/>
        <line num="85" count="29" type="stmt"/>
        <line num="86" count="12" type="cond" truecount="2" falsecount="1"/>
        <line num="88" count="12" type="stmt"/>
        <line num="89" count="12" type="stmt"/>
        <line num="91" count="12" type="stmt"/>
        <line num="92" count="24" type="cond" truecount="2" falsecount="0"/>
        <line num="93" count="14" type="stmt"/>
        <line num="95" count="10" type="stmt"/>
        <line num="99" count="12" type="stmt"/>
        <line num="103" count="29" type="stmt"/>
        <line num="104" count="2" type="cond" truecount="1" falsecount="0"/>
        <line num="106" count="0" type="stmt"/>
        <line num="107" count="0" type="cond" truecount="0" falsecount="2"/>
        <line num="110" count="0" type="stmt"/>
        <line num="113" count="29" type="stmt"/>
        <line num="114" count="3" type="cond" truecount="1" falsecount="0"/>
        <line num="115" count="3" type="cond" truecount="2" falsecount="0"/>
        <line num="116" count="1" type="stmt"/>
        <line num="118" count="2" type="stmt"/>
        <line num="120" count="3" type="stmt"/>
        <line num="124" count="29" type="stmt"/>
        <line num="125" count="0" type="cond" truecount="0" falsecount="1"/>
        <line num="126" count="0" type="stmt"/>
        <line num="127" count="0" type="stmt"/>
        <line num="131" count="29" type="stmt"/>
        <line num="132" count="2" type="cond" truecount="1" falsecount="0"/>
        <line num="133" count="2" type="stmt"/>
        <line num="134" count="2" type="stmt"/>
        <line num="138" count="29" type="stmt"/>
        <line num="139" count="1" type="cond" truecount="1" falsecount="0"/>
        <line num="140" count="1" type="stmt"/>
        <line num="144" count="29" type="stmt"/>
        <line num="145" count="56" type="stmt"/>
        <line num="146" count="56" type="stmt"/>
        <line num="147" count="56" type="stmt"/>
        <line num="151" count="29" type="stmt"/>
        <line num="152" count="15" type="stmt"/>
        <line num="153" count="3" type="cond" truecount="0" falsecount="1"/>
        <line num="155" count="3" type="cond" truecount="3" falsecount="0"/>
        <line num="157" count="1" type="stmt"/>
        <line num="158" count="1" type="stmt"/>
        <line num="159" count="1" type="stmt"/>
        <line num="161" count="1" type="stmt"/>
        <line num="162" count="1" type="stmt"/>
        <line num="164" count="1" type="stmt"/>
        <line num="165" count="1" type="stmt"/>
        <line num="169" count="15" type="stmt"/>
        <line num="170" count="15" type="stmt"/>
        <line num="173" count="29" type="cond" truecount="1" falsecount="0"/>
        <line num="241" count="2" type="stmt"/>
        <line num="294" count="6" type="stmt"/>
      </file>
      <file name="video-stream.tsx" path="/Users/jrpj2010/vibe-coding/app/import/14_tanren-emotion-analysis/components/video-stream.tsx">
        <metrics statements="13" coveredstatements="13" conditionals="6" coveredconditionals="6" methods="2" coveredmethods="2"/>
        <line num="3" count="7" type="stmt"/>
        <line num="4" count="7" type="stmt"/>
        <line num="5" count="7" type="stmt"/>
        <line num="14" count="2894" type="stmt"/>
        <line num="15" count="2875" type="stmt"/>
        <line num="17" count="2875" type="stmt"/>
        <line num="18" count="45" type="cond" truecount="3" falsecount="0"/>
        <line num="19" count="8" type="stmt"/>
        <line num="24" count="2875" type="stmt"/>
        <line num="25" count="2875" type="stmt"/>
        <line num="27" count="2875" type="cond" truecount="1" falsecount="0"/>
        <line num="38" count="2867" type="cond" truecount="1" falsecount="0"/>
        <line num="49" count="2858" type="cond" truecount="1" falsecount="0"/>
      </file>
      <file name="voice-metrics.tsx" path="/Users/jrpj2010/vibe-coding/app/import/14_tanren-emotion-analysis/components/voice-metrics.tsx">
        <metrics statements="4" coveredstatements="4" conditionals="0" coveredconditionals="0" methods="2" coveredmethods="2"/>
        <line num="3" count="1" type="stmt"/>
        <line num="13" count="1" type="stmt"/>
        <line num="14" count="1" type="stmt"/>
        <line num="35" count="3" type="stmt"/>
      </file>
    </package>
    <package name="components.ui">
      <metrics statements="73" coveredstatements="63" conditionals="5" coveredconditionals="4" methods="2" coveredmethods="2"/>
      <file name="alert.tsx" path="/Users/jrpj2010/vibe-coding/app/import/14_tanren-emotion-analysis/components/ui/alert.tsx">
        <metrics statements="8" coveredstatements="8" conditionals="0" coveredconditionals="0" methods="0" coveredmethods="0"/>
        <line num="1" count="7" type="stmt"/>
        <line num="2" count="7" type="stmt"/>
        <line num="4" count="7" type="stmt"/>
        <line num="6" count="7" type="stmt"/>
        <line num="33" count="7" type="stmt"/>
        <line num="45" count="7" type="stmt"/>
        <line num="57" count="7" type="stmt"/>
        <line num="59" count="8" type="stmt"/>
      </file>
      <file name="badge.tsx" path="/Users/jrpj2010/vibe-coding/app/import/14_tanren-emotion-analysis/components/ui/badge.tsx">
        <metrics statements="5" coveredstatements="5" conditionals="0" coveredconditionals="0" methods="1" coveredmethods="1"/>
        <line num="1" count="2" type="stmt"/>
        <line num="2" count="2" type="stmt"/>
        <line num="4" count="2" type="stmt"/>
        <line num="6" count="2" type="stmt"/>
        <line num="36" count="112" type="stmt"/>
      </file>
      <file name="button.tsx" path="/Users/jrpj2010/vibe-coding/app/import/14_tanren-emotion-analysis/components/ui/button.tsx">
        <metrics statements="9" coveredstatements="9" conditionals="3" coveredconditionals="2" methods="1" coveredmethods="1"/>
        <line num="1" count="10" type="stmt"/>
        <line num="2" count="10" type="stmt"/>
        <line num="3" count="10" type="stmt"/>
        <line num="5" count="10" type="stmt"/>
        <line num="7" count="10" type="stmt"/>
        <line num="42" count="10" type="stmt"/>
        <line num="44" count="2969" type="cond" truecount="1" falsecount="1"/>
        <line num="54" count="10" type="stmt"/>
        <line num="56" count="2988" type="stmt"/>
      </file>
      <file name="card.tsx" path="/Users/jrpj2010/vibe-coding/app/import/14_tanren-emotion-analysis/components/ui/card.tsx">
        <metrics statements="9" coveredstatements="9" conditionals="0" coveredconditionals="0" methods="0" coveredmethods="0"/>
        <line num="1" count="9" type="stmt"/>
        <line num="3" count="9" type="stmt"/>
        <line num="18" count="9" type="stmt"/>
        <line num="30" count="9" type="stmt"/>
        <line num="45" count="9" type="stmt"/>
        <line num="57" count="9" type="stmt"/>
        <line num="65" count="9" type="stmt"/>
        <line num="77" count="9" type="stmt"/>
        <line num="79" count="17474" type="stmt"/>
      </file>
      <file name="dialog.tsx" path="/Users/jrpj2010/vibe-coding/app/import/14_tanren-emotion-analysis/components/ui/dialog.tsx">
        <metrics statements="24" coveredstatements="14" conditionals="0" coveredconditionals="0" methods="0" coveredmethods="0"/>
        <line num="3" count="7" type="stmt"/>
        <line num="4" count="7" type="stmt"/>
        <line num="5" count="7" type="stmt"/>
        <line num="7" count="7" type="stmt"/>
        <line num="9" count="7" type="stmt"/>
        <line num="11" count="7" type="stmt"/>
        <line num="13" count="7" type="stmt"/>
        <line num="15" count="7" type="stmt"/>
        <line num="30" count="7" type="stmt"/>
        <line num="54" count="7" type="stmt"/>
        <line num="68" count="7" type="stmt"/>
        <line num="82" count="7" type="stmt"/>
        <line num="97" count="7" type="stmt"/>
        <line num="109" count="7" type="stmt"/>
        <line num="112" count="0" type="stmt"/>
        <line num="113" count="0" type="stmt"/>
        <line num="114" count="0" type="stmt"/>
        <line num="115" count="0" type="stmt"/>
        <line num="116" count="0" type="stmt"/>
        <line num="117" count="0" type="stmt"/>
        <line num="118" count="0" type="stmt"/>
        <line num="119" count="0" type="stmt"/>
        <line num="120" count="0" type="stmt"/>
        <line num="121" count="0" type="stmt"/>
      </file>
      <file name="progress.tsx" path="/Users/jrpj2010/vibe-coding/app/import/14_tanren-emotion-analysis/components/ui/progress.tsx">
        <metrics statements="5" coveredstatements="5" conditionals="2" coveredconditionals="2" methods="0" coveredmethods="0"/>
        <line num="3" count="9" type="stmt"/>
        <line num="4" count="9" type="stmt"/>
        <line num="6" count="9" type="stmt"/>
        <line num="26" count="9" type="stmt"/>
        <line num="28" count="4292" type="stmt"/>
      </file>
      <file name="slider.tsx" path="/Users/jrpj2010/vibe-coding/app/import/14_tanren-emotion-analysis/components/ui/slider.tsx">
        <metrics statements="5" coveredstatements="5" conditionals="0" coveredconditionals="0" methods="0" coveredmethods="0"/>
        <line num="3" count="8" type="stmt"/>
        <line num="4" count="8" type="stmt"/>
        <line num="6" count="8" type="stmt"/>
        <line num="26" count="8" type="stmt"/>
        <line num="28" count="28" type="stmt"/>
      </file>
      <file name="tabs.tsx" path="/Users/jrpj2010/vibe-coding/app/import/14_tanren-emotion-analysis/components/ui/tabs.tsx">
        <metrics statements="8" coveredstatements="8" conditionals="0" coveredconditionals="0" methods="0" coveredmethods="0"/>
        <line num="3" count="2" type="stmt"/>
        <line num="4" count="2" type="stmt"/>
        <line num="6" count="2" type="stmt"/>
        <line num="8" count="2" type="stmt"/>
        <line num="23" count="2" type="stmt"/>
        <line num="38" count="2" type="stmt"/>
        <line num="53" count="2" type="stmt"/>
        <line num="55" count="44" type="stmt"/>
      </file>
    </package>
    <package name="contexts">
      <metrics statements="10" coveredstatements="9" conditionals="1" coveredconditionals="0" methods="2" coveredmethods="2"/>
      <file name="session-context.tsx" path="/Users/jrpj2010/vibe-coding/app/import/14_tanren-emotion-analysis/contexts/session-context.tsx">
        <metrics statements="10" coveredstatements="9" conditionals="1" coveredconditionals="0" methods="2" coveredmethods="2"/>
        <line num="3" count="8" type="stmt"/>
        <line num="13" count="8" type="stmt"/>
        <line num="15" count="49" type="stmt"/>
        <line num="16" count="48" type="stmt"/>
        <line num="17" count="48" type="stmt"/>
        <line num="33" count="2895" type="stmt"/>
        <line num="34" count="2894" type="stmt"/>
        <line num="35" count="2894" type="cond" truecount="0" falsecount="1"/>
        <line num="36" count="0" type="stmt"/>
        <line num="38" count="2894" type="stmt"/>
      </file>
    </package>
    <package name="hooks">
      <metrics statements="491" coveredstatements="279" conditionals="165" coveredconditionals="76" methods="66" coveredmethods="48"/>
      <file name="use-audio-visualizer.ts" path="/Users/jrpj2010/vibe-coding/app/import/14_tanren-emotion-analysis/hooks/use-audio-visualizer.ts">
        <metrics statements="71" coveredstatements="30" conditionals="23" coveredconditionals="15" methods="7" coveredmethods="7"/>
        <line num="1" count="7" type="stmt"/>
        <line num="3" count="2865" type="stmt"/>
        <line num="4" count="2865" type="stmt"/>
        <line num="5" count="2865" type="stmt"/>
        <line num="6" count="2865" type="stmt"/>
        <line num="7" count="2865" type="stmt"/>
        <line num="8" count="2865" type="stmt"/>
        <line num="10" count="2865" type="stmt"/>
        <line num="11" count="45" type="cond" truecount="3" falsecount="0"/>
        <line num="13" count="8" type="stmt"/>
        <line num="14" count="8" type="cond" truecount="0" falsecount="1"/>
        <line num="16" count="8" type="stmt"/>
        <line num="18" count="8" type="cond" truecount="2" falsecount="0"/>
        <line num="19" count="0" type="stmt"/>
        <line num="22" count="0" type="stmt"/>
        <line num="23" count="0" type="stmt"/>
        <line num="24" count="0" type="stmt"/>
        <line num="26" count="0" type="stmt"/>
        <line num="27" count="0" type="stmt"/>
        <line num="30" count="0" type="stmt"/>
        <line num="32" count="8" type="stmt"/>
        <line num="36" count="2865" type="stmt"/>
        <line num="37" count="28" type="cond" truecount="3" falsecount="1"/>
        <line num="39" count="0" type="stmt"/>
        <line num="40" count="0" type="stmt"/>
        <line num="41" count="0" type="cond" truecount="0" falsecount="1"/>
        <line num="43" count="0" type="stmt"/>
        <line num="44" count="0" type="stmt"/>
        <line num="47" count="0" type="stmt"/>
        <line num="50" count="0" type="stmt"/>
        <line num="52" count="0" type="stmt"/>
        <line num="53" count="0" type="stmt"/>
        <line num="55" count="0" type="stmt"/>
        <line num="56" count="0" type="stmt"/>
        <line num="59" count="0" type="stmt"/>
        <line num="60" count="0" type="stmt"/>
        <line num="61" count="0" type="stmt"/>
        <line num="63" count="0" type="stmt"/>
        <line num="64" count="0" type="stmt"/>
        <line num="66" count="0" type="stmt"/>
        <line num="69" count="0" type="stmt"/>
        <line num="72" count="2865" type="stmt"/>
        <line num="73" count="90" type="stmt"/>
        <line num="74" count="90" type="cond" truecount="3" falsecount="0"/>
        <line num="75" count="14" type="stmt"/>
        <line num="79" count="2865" type="stmt"/>
        <line num="80" count="45" type="stmt"/>
        <line num="82" count="45" type="stmt"/>
        <line num="83" count="45" type="cond" truecount="0" falsecount="1"/>
        <line num="84" count="0" type="stmt"/>
        <line num="86" count="45" type="cond" truecount="0" falsecount="1"/>
        <line num="87" count="0" type="stmt"/>
        <line num="92" count="2865" type="stmt"/>
        <line num="93" count="45" type="cond" truecount="4" falsecount="0"/>
        <line num="94" count="14" type="stmt"/>
        <line num="95" count="31" type="cond" truecount="0" falsecount="1"/>
        <line num="96" count="0" type="stmt"/>
        <line num="98" count="0" type="cond" truecount="0" falsecount="1"/>
        <line num="99" count="0" type="stmt"/>
        <line num="100" count="0" type="stmt"/>
        <line num="101" count="0" type="cond" truecount="0" falsecount="1"/>
        <line num="102" count="0" type="stmt"/>
        <line num="103" count="0" type="stmt"/>
        <line num="104" count="0" type="stmt"/>
        <line num="105" count="0" type="stmt"/>
        <line num="106" count="0" type="stmt"/>
        <line num="107" count="0" type="stmt"/>
        <line num="108" count="0" type="stmt"/>
        <line num="109" count="0" type="stmt"/>
        <line num="110" count="0" type="stmt"/>
        <line num="117" count="2865" type="stmt"/>
      </file>
      <file name="use-emotion-analysis.ts" path="/Users/jrpj2010/vibe-coding/app/import/14_tanren-emotion-analysis/hooks/use-emotion-analysis.ts">
        <metrics statements="78" coveredstatements="33" conditionals="23" coveredconditionals="3" methods="9" coveredmethods="4"/>
        <line num="1" count="4" type="stmt"/>
        <line num="3" count="4" type="stmt"/>
        <line num="4" count="4" type="stmt"/>
        <line num="6" count="4" type="stmt"/>
        <line num="31" count="2866" type="cond" truecount="0" falsecount="1"/>
        <line num="35" count="2865" type="stmt"/>
        <line num="36" count="2865" type="stmt"/>
        <line num="37" count="2865" type="stmt"/>
        <line num="38" count="2865" type="stmt"/>
        <line num="39" count="2865" type="stmt"/>
        <line num="40" count="2865" type="stmt"/>
        <line num="42" count="2865" type="stmt"/>
        <line num="43" count="2865" type="stmt"/>
        <line num="44" count="2865" type="stmt"/>
        <line num="47" count="2865" type="stmt"/>
        <line num="48" count="0" type="cond" truecount="0" falsecount="1"/>
        <line num="49" count="0" type="stmt"/>
        <line num="52" count="0" type="stmt"/>
        <line num="53" count="0" type="stmt"/>
        <line num="56" count="0" type="stmt"/>
        <line num="59" count="0" type="stmt"/>
        <line num="60" count="0" type="cond" truecount="0" falsecount="1"/>
        <line num="61" count="0" type="stmt"/>
        <line num="62" count="0" type="stmt"/>
        <line num="71" count="0" type="stmt"/>
        <line num="82" count="0" type="cond" truecount="0" falsecount="1"/>
        <line num="83" count="0" type="stmt"/>
        <line num="84" count="0" type="cond" truecount="0" falsecount="2"/>
        <line num="87" count="0" type="stmt"/>
        <line num="89" count="0" type="stmt"/>
        <line num="99" count="0" type="stmt"/>
        <line num="101" count="0" type="stmt"/>
        <line num="103" count="0" type="stmt"/>
        <line num="104" count="0" type="cond" truecount="0" falsecount="2"/>
        <line num="105" count="0" type="stmt"/>
        <line num="110" count="2865" type="stmt"/>
        <line num="111" count="0" type="cond" truecount="0" falsecount="3"/>
        <line num="112" count="0" type="stmt"/>
        <line num="115" count="0" type="stmt"/>
        <line num="116" count="0" type="stmt"/>
        <line num="118" count="0" type="stmt"/>
        <line num="120" count="0" type="stmt"/>
        <line num="121" count="0" type="cond" truecount="0" falsecount="1"/>
        <line num="122" count="0" type="stmt"/>
        <line num="126" count="0" type="cond" truecount="0" falsecount="1"/>
        <line num="128" count="0" type="stmt"/>
        <line num="131" count="0" type="stmt"/>
        <line num="133" count="0" type="cond" truecount="0" falsecount="1"/>
        <line num="134" count="0" type="stmt"/>
        <line num="135" count="0" type="stmt"/>
        <line num="136" count="0" type="stmt"/>
        <line num="137" count="0" type="stmt"/>
        <line num="140" count="0" type="stmt"/>
        <line num="141" count="0" type="stmt"/>
        <line num="142" count="0" type="stmt"/>
        <line num="146" count="0" type="stmt"/>
        <line num="147" count="0" type="stmt"/>
        <line num="152" count="2865" type="stmt"/>
        <line num="153" count="0" type="cond" truecount="0" falsecount="1"/>
        <line num="154" count="0" type="stmt"/>
        <line num="157" count="0" type="stmt"/>
        <line num="161" count="2865" type="stmt"/>
        <line num="162" count="33" type="cond" truecount="1" falsecount="0"/>
        <line num="163" count="8" type="stmt"/>
        <line num="164" count="0" type="stmt"/>
        <line num="168" count="33" type="stmt"/>
        <line num="169" count="33" type="cond" truecount="1" falsecount="0"/>
        <line num="170" count="8" type="stmt"/>
        <line num="171" count="8" type="stmt"/>
        <line num="177" count="2865" type="stmt"/>
        <line num="178" count="16" type="stmt"/>
        <line num="179" count="16" type="stmt"/>
        <line num="180" count="16" type="stmt"/>
        <line num="181" count="16" type="stmt"/>
        <line num="182" count="16" type="stmt"/>
        <line num="183" count="16" type="stmt"/>
        <line num="184" count="16" type="stmt"/>
        <line num="187" count="2865" type="stmt"/>
      </file>
      <file name="use-media-stream.ts" path="/Users/jrpj2010/vibe-coding/app/import/14_tanren-emotion-analysis/hooks/use-media-stream.ts">
        <metrics statements="33" coveredstatements="29" conditionals="8" coveredconditionals="6" methods="6" coveredmethods="6"/>
        <line num="1" count="4" type="stmt"/>
        <line num="8" count="2866" type="stmt"/>
        <line num="9" count="2865" type="stmt"/>
        <line num="10" count="2865" type="stmt"/>
        <line num="11" count="2865" type="stmt"/>
        <line num="12" count="2865" type="stmt"/>
        <line num="14" count="2865" type="stmt"/>
        <line num="15" count="16" type="stmt"/>
        <line num="16" count="16" type="stmt"/>
        <line num="18" count="16" type="stmt"/>
        <line num="19" count="16" type="stmt"/>
        <line num="32" count="8" type="stmt"/>
        <line num="33" count="8" type="stmt"/>
        <line num="36" count="8" type="stmt"/>
        <line num="37" count="8" type="stmt"/>
        <line num="39" count="8" type="cond" truecount="3" falsecount="1"/>
        <line num="40" count="0" type="stmt"/>
        <line num="41" count="0" type="stmt"/>
        <line num="42" count="8" type="cond" truecount="2" falsecount="1"/>
        <line num="43" count="0" type="stmt"/>
        <line num="44" count="0" type="stmt"/>
        <line num="47" count="8" type="stmt"/>
        <line num="48" count="8" type="stmt"/>
        <line num="50" count="16" type="stmt"/>
        <line num="54" count="2865" type="stmt"/>
        <line num="55" count="25" type="cond" truecount="1" falsecount="0"/>
        <line num="56" count="16" type="stmt"/>
        <line num="57" count="8" type="stmt"/>
        <line num="58" count="8" type="stmt"/>
        <line num="63" count="2865" type="stmt"/>
        <line num="64" count="25" type="stmt"/>
        <line num="65" count="25" type="stmt"/>
        <line num="69" count="2865" type="stmt"/>
      </file>
      <file name="use-session-recording.ts" path="/Users/jrpj2010/vibe-coding/app/import/14_tanren-emotion-analysis/hooks/use-session-recording.ts">
        <metrics statements="154" coveredstatements="117" conditionals="67" coveredconditionals="34" methods="22" coveredmethods="16"/>
        <line num="1" count="9" type="stmt"/>
        <line num="35" count="2982" type="cond" truecount="1" falsecount="0"/>
        <line num="39" count="2978" type="stmt"/>
        <line num="40" count="2978" type="stmt"/>
        <line num="41" count="2978" type="stmt"/>
        <line num="43" count="2978" type="stmt"/>
        <line num="44" count="2978" type="stmt"/>
        <line num="45" count="2978" type="stmt"/>
        <line num="46" count="2978" type="stmt"/>
        <line num="47" count="2978" type="stmt"/>
        <line num="50" count="2978" type="stmt"/>
        <line num="51" count="39" type="cond" truecount="2" falsecount="1"/>
        <line num="52" count="0" type="stmt"/>
        <line num="55" count="39" type="stmt"/>
        <line num="57" count="39" type="stmt"/>
        <line num="58" count="39" type="cond" truecount="1" falsecount="0"/>
        <line num="59" count="31" type="stmt"/>
        <line num="63" count="31" type="stmt"/>
        <line num="64" count="31" type="stmt"/>
        <line num="65" count="31" type="stmt"/>
        <line num="68" count="31" type="stmt"/>
        <line num="69" count="31" type="stmt"/>
        <line num="71" count="31" type="stmt"/>
        <line num="80" count="31" type="stmt"/>
        <line num="81" count="31" type="stmt"/>
        <line num="84" count="31" type="stmt"/>
        <line num="85" count="45" type="cond" truecount="1" falsecount="0"/>
        <line num="86" count="45" type="stmt"/>
        <line num="91" count="31" type="stmt"/>
        <line num="92" count="22" type="stmt"/>
        <line num="94" count="22" type="cond" truecount="1" falsecount="0"/>
        <line num="95" count="22" type="stmt"/>
        <line num="96" count="22" type="stmt"/>
        <line num="97" count="22" type="stmt"/>
        <line num="103" count="31" type="stmt"/>
        <line num="104" count="31" type="stmt"/>
        <line num="107" count="31" type="stmt"/>
        <line num="108" count="8" type="stmt"/>
        <line num="109" count="4" type="stmt"/>
        <line num="112" count="4" type="cond" truecount="1" falsecount="0"/>
        <line num="113" count="1" type="stmt"/>
        <line num="116" count="4" type="stmt"/>
        <line num="121" count="8" type="stmt"/>
        <line num="122" count="8" type="stmt"/>
        <line num="127" count="2978" type="stmt"/>
        <line num="128" count="24" type="cond" truecount="3" falsecount="0"/>
        <line num="129" count="1" type="stmt"/>
        <line num="132" count="23" type="stmt"/>
        <line num="134" count="23" type="cond" truecount="1" falsecount="0"/>
        <line num="135" count="23" type="stmt"/>
        <line num="139" count="23" type="cond" truecount="1" falsecount="0"/>
        <line num="140" count="23" type="stmt"/>
        <line num="141" count="23" type="stmt"/>
        <line num="145" count="23" type="cond" truecount="3" falsecount="0"/>
        <line num="146" count="23" type="stmt"/>
        <line num="147" count="23" type="stmt"/>
        <line num="148" count="23" type="stmt"/>
        <line num="151" count="23" type="stmt"/>
        <line num="153" count="0" type="stmt"/>
        <line num="158" count="2978" type="stmt"/>
        <line num="159" count="3" type="cond" truecount="2" falsecount="1"/>
        <line num="160" count="0" type="stmt"/>
        <line num="163" count="3" type="stmt"/>
        <line num="166" count="3" type="cond" truecount="3" falsecount="0"/>
        <line num="167" count="3" type="stmt"/>
        <line num="172" count="2978" type="stmt"/>
        <line num="173" count="22" type="cond" truecount="0" falsecount="1"/>
        <line num="174" count="0" type="stmt"/>
        <line num="177" count="22" type="stmt"/>
        <line num="181" count="2978" type="stmt"/>
        <line num="182" count="0" type="cond" truecount="0" falsecount="1"/>
        <line num="183" count="0" type="stmt"/>
        <line num="186" count="0" type="stmt"/>
        <line num="190" count="2978" type="stmt"/>
        <line num="191" count="0" type="cond" truecount="0" falsecount="1"/>
        <line num="192" count="0" type="stmt"/>
        <line num="195" count="0" type="stmt"/>
        <line num="196" count="0" type="stmt"/>
        <line num="197" count="0" type="stmt"/>
        <line num="198" count="0" type="stmt"/>
        <line num="199" count="0" type="stmt"/>
        <line num="200" count="0" type="stmt"/>
        <line num="201" count="0" type="stmt"/>
        <line num="202" count="0" type="stmt"/>
        <line num="206" count="2978" type="stmt"/>
        <line num="207" count="2" type="cond" truecount="0" falsecount="1"/>
        <line num="208" count="0" type="stmt"/>
        <line num="212" count="2" type="stmt"/>
        <line num="218" count="2" type="stmt"/>
        <line num="222" count="2978" type="stmt"/>
        <line num="223" count="31" type="stmt"/>
        <line num="224" count="31" type="stmt"/>
        <line num="225" count="31" type="stmt"/>
        <line num="226" count="31" type="stmt"/>
        <line num="230" count="2978" type="stmt"/>
        <line num="231" count="21" type="cond" truecount="1" falsecount="0"/>
        <line num="232" count="1" type="stmt"/>
        <line num="235" count="20" type="stmt"/>
        <line num="237" count="20" type="stmt"/>
        <line num="238" count="20" type="stmt"/>
        <line num="240" count="20" type="cond" truecount="1" falsecount="0"/>
        <line num="241" count="15" type="stmt"/>
        <line num="242" count="15" type="stmt"/>
        <line num="244" count="0" type="stmt"/>
        <line num="245" count="0" type="stmt"/>
        <line num="250" count="20" type="stmt"/>
        <line num="262" count="20" type="stmt"/>
        <line num="265" count="20" type="cond" truecount="1" falsecount="0"/>
        <line num="266" count="5" type="stmt"/>
        <line num="270" count="20" type="stmt"/>
        <line num="272" count="19" type="stmt"/>
        <line num="274" count="1" type="stmt"/>
        <line num="277" count="1" type="cond" truecount="3" falsecount="0"/>
        <line num="278" count="1" type="stmt"/>
        <line num="284" count="0" type="stmt"/>
        <line num="292" count="2978" type="stmt"/>
        <line num="293" count="5" type="stmt"/>
        <line num="294" count="5" type="stmt"/>
        <line num="296" count="5" type="cond" truecount="0" falsecount="1"/>
        <line num="297" count="0" type="stmt"/>
        <line num="300" count="5" type="stmt"/>
        <line num="301" count="4" type="stmt"/>
        <line num="303" count="1" type="stmt"/>
        <line num="304" count="1" type="stmt"/>
        <line num="309" count="2978" type="stmt"/>
        <line num="312" count="2978" type="stmt"/>
        <line num="313" count="47" type="stmt"/>
        <line num="314" count="47" type="cond" truecount="1" falsecount="0"/>
        <line num="315" count="2" type="stmt"/>
        <line num="321" count="2978" type="stmt"/>
        <line num="322" count="2868" type="cond" truecount="1" falsecount="0"/>
        <line num="323" count="2866" type="stmt"/>
        <line num="327" count="2" type="cond" truecount="0" falsecount="1"/>
        <line num="328" count="0" type="stmt"/>
        <line num="332" count="2" type="stmt"/>
        <line num="333" count="2" type="stmt"/>
        <line num="334" count="2" type="stmt"/>
        <line num="338" count="2978" type="stmt"/>
        <line num="339" count="0" type="cond" truecount="0" falsecount="4"/>
        <line num="340" count="0" type="stmt"/>
        <line num="344" count="0" type="stmt"/>
        <line num="353" count="0" type="stmt"/>
        <line num="356" count="0" type="stmt"/>
        <line num="357" count="0" type="stmt"/>
        <line num="358" count="0" type="stmt"/>
        <line num="370" count="0" type="stmt"/>
        <line num="373" count="0" type="stmt"/>
        <line num="377" count="2978" type="stmt"/>
        <line num="378" count="0" type="cond" truecount="0" falsecount="1"/>
        <line num="379" count="0" type="stmt"/>
        <line num="384" count="0" type="stmt"/>
        <line num="395" count="0" type="stmt"/>
        <line num="399" count="0" type="stmt"/>
        <line num="402" count="2978" type="stmt"/>
      </file>
      <file name="use-speech-recognition.ts" path="/Users/jrpj2010/vibe-coding/app/import/14_tanren-emotion-analysis/hooks/use-speech-recognition.ts">
        <metrics statements="70" coveredstatements="23" conditionals="16" coveredconditionals="3" methods="11" coveredmethods="6"/>
        <line num="1" count="4" type="stmt"/>
        <line num="30" count="2866" type="stmt"/>
        <line num="31" count="2865" type="stmt"/>
        <line num="32" count="2865" type="stmt"/>
        <line num="33" count="2865" type="stmt"/>
        <line num="34" count="2865" type="stmt"/>
        <line num="35" count="2865" type="stmt"/>
        <line num="37" count="2865" type="stmt"/>
        <line num="38" count="8" type="cond" truecount="3" falsecount="0"/>
        <line num="39" count="8" type="stmt"/>
        <line num="40" count="8" type="stmt"/>
        <line num="43" count="0" type="cond" truecount="0" falsecount="2"/>
        <line num="44" count="0" type="stmt"/>
        <line num="46" count="0" type="stmt"/>
        <line num="47" count="0" type="stmt"/>
        <line num="48" count="0" type="stmt"/>
        <line num="50" count="0" type="stmt"/>
        <line num="51" count="0" type="stmt"/>
        <line num="52" count="0" type="stmt"/>
        <line num="55" count="0" type="stmt"/>
        <line num="56" count="0" type="stmt"/>
        <line num="57" count="0" type="stmt"/>
        <line num="59" count="0" type="stmt"/>
        <line num="60" count="0" type="cond" truecount="0" falsecount="1"/>
        <line num="61" count="0" type="stmt"/>
        <line num="62" count="0" type="cond" truecount="0" falsecount="2"/>
        <line num="63" count="0" type="stmt"/>
        <line num="65" count="0" type="stmt"/>
        <line num="69" count="0" type="cond" truecount="0" falsecount="1"/>
        <line num="70" count="0" type="stmt"/>
        <line num="72" count="0" type="stmt"/>
        <line num="75" count="0" type="stmt"/>
        <line num="76" count="0" type="stmt"/>
        <line num="77" count="0" type="stmt"/>
        <line num="79" count="0" type="cond" truecount="0" falsecount="4"/>
        <line num="81" count="0" type="stmt"/>
        <line num="82" count="0" type="stmt"/>
        <line num="84" count="0" type="stmt"/>
        <line num="85" count="0" type="stmt"/>
        <line num="87" count="0" type="stmt"/>
        <line num="88" count="0" type="stmt"/>
        <line num="90" count="0" type="stmt"/>
        <line num="91" count="0" type="stmt"/>
        <line num="94" count="0" type="stmt"/>
        <line num="95" count="0" type="stmt"/>
        <line num="98" count="0" type="stmt"/>
        <line num="99" count="0" type="stmt"/>
        <line num="103" count="0" type="stmt"/>
        <line num="106" count="2865" type="stmt"/>
        <line num="107" count="8" type="cond" truecount="0" falsecount="1"/>
        <line num="108" count="0" type="stmt"/>
        <line num="111" count="8" type="stmt"/>
        <line num="112" count="8" type="cond" truecount="0" falsecount="1"/>
        <line num="113" count="0" type="stmt"/>
        <line num="114" count="0" type="stmt"/>
        <line num="115" count="0" type="stmt"/>
        <line num="117" count="0" type="stmt"/>
        <line num="118" count="0" type="stmt"/>
        <line num="120" count="0" type="stmt"/>
        <line num="121" count="0" type="stmt"/>
        <line num="126" count="2865" type="stmt"/>
        <line num="127" count="25" type="cond" truecount="0" falsecount="1"/>
        <line num="128" count="0" type="stmt"/>
        <line num="129" count="0" type="stmt"/>
        <line num="131" count="25" type="stmt"/>
        <line num="132" count="25" type="stmt"/>
        <line num="135" count="2865" type="stmt"/>
        <line num="136" count="25" type="stmt"/>
        <line num="137" count="25" type="stmt"/>
        <line num="141" count="2865" type="stmt"/>
      </file>
      <file name="use-video-frame-capture.ts" path="/Users/jrpj2010/vibe-coding/app/import/14_tanren-emotion-analysis/hooks/use-video-frame-capture.ts">
        <metrics statements="85" coveredstatements="47" conditionals="28" coveredconditionals="15" methods="11" coveredmethods="9"/>
        <line num="1" count="4" type="stmt"/>
        <line num="2" count="4" type="stmt"/>
        <line num="11" count="4" type="stmt"/>
        <line num="20" count="2866" type="stmt"/>
        <line num="26" count="2865" type="stmt"/>
        <line num="27" count="2865" type="stmt"/>
        <line num="28" count="2865" type="stmt"/>
        <line num="29" count="2865" type="stmt"/>
        <line num="30" count="2865" type="stmt"/>
        <line num="33" count="2865" type="stmt"/>
        <line num="34" count="25" type="cond" truecount="1" falsecount="0"/>
        <line num="35" count="25" type="stmt"/>
        <line num="36" count="25" type="stmt"/>
        <line num="37" count="25" type="stmt"/>
        <line num="40" count="25" type="cond" truecount="1" falsecount="0"/>
        <line num="41" count="25" type="stmt"/>
        <line num="44" count="25" type="stmt"/>
        <line num="45" count="25" type="cond" truecount="1" falsecount="0"/>
        <line num="46" count="25" type="stmt"/>
        <line num="52" count="2865" type="stmt"/>
        <line num="53" count="0" type="cond" truecount="0" falsecount="4"/>
        <line num="54" count="0" type="stmt"/>
        <line num="57" count="0" type="stmt"/>
        <line num="58" count="0" type="stmt"/>
        <line num="59" count="0" type="stmt"/>
        <line num="61" count="0" type="cond" truecount="0" falsecount="1"/>
        <line num="62" count="0" type="stmt"/>
        <line num="65" count="0" type="stmt"/>
        <line num="67" count="0" type="stmt"/>
        <line num="68" count="0" type="stmt"/>
        <line num="70" count="0" type="cond" truecount="0" falsecount="3"/>
        <line num="71" count="0" type="stmt"/>
        <line num="74" count="0" type="stmt"/>
        <line num="75" count="0" type="stmt"/>
        <line num="76" count="0" type="stmt"/>
        <line num="79" count="0" type="cond" truecount="0" falsecount="1"/>
        <line num="80" count="0" type="stmt"/>
        <line num="81" count="0" type="stmt"/>
        <line num="84" count="0" type="cond" truecount="0" falsecount="1"/>
        <line num="85" count="0" type="stmt"/>
        <line num="86" count="0" type="stmt"/>
        <line num="90" count="0" type="stmt"/>
        <line num="91" count="0" type="stmt"/>
        <line num="94" count="0" type="stmt"/>
        <line num="97" count="0" type="stmt"/>
        <line num="99" count="0" type="stmt"/>
        <line num="106" count="0" type="stmt"/>
        <line num="107" count="0" type="stmt"/>
        <line num="109" count="0" type="stmt"/>
        <line num="110" count="0" type="stmt"/>
        <line num="115" count="2865" type="stmt"/>
        <line num="116" count="2805" type="cond" truecount="4" falsecount="0"/>
        <line num="117" count="1401" type="stmt"/>
        <line num="120" count="1404" type="stmt"/>
        <line num="121" count="1404" type="stmt"/>
        <line num="123" count="1404" type="stmt"/>
        <line num="124" count="1404" type="stmt"/>
        <line num="125" count="1404" type="stmt"/>
        <line num="128" count="1404" type="stmt"/>
        <line num="129" count="1404" type="stmt"/>
        <line num="130" count="98524" type="cond" truecount="2" falsecount="2"/>
        <line num="131" count="0" type="stmt"/>
        <line num="133" count="98524" type="stmt"/>
        <line num="136" count="1404" type="stmt"/>
        <line num="140" count="0" type="stmt"/>
        <line num="143" count="0" type="stmt"/>
        <line num="144" count="0" type="stmt"/>
        <line num="147" count="0" type="stmt"/>
        <line num="148" count="0" type="stmt"/>
        <line num="153" count="2865" type="stmt"/>
        <line num="154" count="2855" type="stmt"/>
        <line num="156" count="2855" type="cond" truecount="0" falsecount="1"/>
        <line num="157" count="0" type="stmt"/>
        <line num="158" count="0" type="stmt"/>
        <line num="161" count="2855" type="cond" truecount="1" falsecount="0"/>
        <line num="162" count="2855" type="stmt"/>
        <line num="163" count="2855" type="stmt"/>
        <line num="166" count="2855" type="stmt"/>
        <line num="170" count="2865" type="stmt"/>
        <line num="171" count="2830" type="cond" truecount="2" falsecount="0"/>
        <line num="172" count="2805" type="stmt"/>
        <line num="174" count="25" type="stmt"/>
        <line num="177" count="2830" type="stmt"/>
        <line num="178" count="2830" type="stmt"/>
        <line num="182" count="2865" type="stmt"/>
      </file>
    </package>
    <package name="lib">
      <metrics statements="43" coveredstatements="37" conditionals="6" coveredconditionals="4" methods="8" coveredmethods="8"/>
      <file name="mock-data.ts" path="/Users/jrpj2010/vibe-coding/app/import/14_tanren-emotion-analysis/lib/mock-data.ts">
        <metrics statements="27" coveredstatements="27" conditionals="2" coveredconditionals="2" methods="6" coveredmethods="6"/>
        <line num="32" count="23" type="stmt"/>
        <line num="33" count="118" type="stmt"/>
        <line num="43" count="118" type="stmt"/>
        <line num="44" count="708" type="stmt"/>
        <line num="46" count="118" type="stmt"/>
        <line num="57" count="13" type="stmt"/>
        <line num="58" count="108" type="stmt"/>
        <line num="59" count="108" type="stmt"/>
        <line num="60" count="108" type="stmt"/>
        <line num="62" count="108" type="cond" truecount="1" falsecount="0"/>
        <line num="63" count="1" type="stmt"/>
        <line num="66" count="107" type="stmt"/>
        <line num="67" count="107" type="stmt"/>
        <line num="68" count="107" type="stmt"/>
        <line num="70" count="107" type="stmt"/>
        <line num="78" count="21" type="stmt"/>
        <line num="79" count="21" type="stmt"/>
        <line num="86" count="11" type="stmt"/>
        <line num="87" count="11" type="stmt"/>
        <line num="97" count="8" type="stmt"/>
        <line num="111" count="3" type="cond" truecount="1" falsecount="0"/>
        <line num="112" count="3" type="stmt"/>
        <line num="113" count="3" type="stmt"/>
        <line num="114" count="95" type="stmt"/>
        <line num="115" count="95" type="stmt"/>
        <line num="116" count="95" type="stmt"/>
        <line num="122" count="3" type="stmt"/>
      </file>
      <file name="performance-config.ts" path="/Users/jrpj2010/vibe-coding/app/import/14_tanren-emotion-analysis/lib/performance-config.ts">
        <metrics statements="12" coveredstatements="6" conditionals="4" coveredconditionals="2" methods="1" coveredmethods="1"/>
        <line num="3" count="5" type="stmt"/>
        <line num="62" count="12" type="stmt"/>
        <line num="63" count="12" type="stmt"/>
        <line num="66" count="12" type="cond" truecount="0" falsecount="1"/>
        <line num="67" count="0" type="stmt"/>
        <line num="68" count="0" type="stmt"/>
        <line num="72" count="12" type="cond" truecount="2" falsecount="1"/>
        <line num="73" count="0" type="stmt"/>
        <line num="74" count="0" type="stmt"/>
        <line num="75" count="0" type="stmt"/>
        <line num="76" count="0" type="stmt"/>
        <line num="79" count="12" type="stmt"/>
      </file>
      <file name="utils.ts" path="/Users/jrpj2010/vibe-coding/app/import/14_tanren-emotion-analysis/lib/utils.ts">
        <metrics statements="4" coveredstatements="4" conditionals="0" coveredconditionals="0" methods="1" coveredmethods="1"/>
        <line num="1" count="13" type="stmt"/>
        <line num="2" count="13" type="stmt"/>
        <line num="4" count="71146" type="stmt"/>
        <line num="5" count="71146" type="stmt"/>
      </file>
    </package>
    <package name="lib.cache">
      <metrics statements="34" coveredstatements="7" conditionals="7" coveredconditionals="1" methods="12" coveredmethods="2"/>
      <file name="emotion-cache.ts" path="/Users/jrpj2010/vibe-coding/app/import/14_tanren-emotion-analysis/lib/cache/emotion-cache.ts">
        <metrics statements="34" coveredstatements="7" conditionals="7" coveredconditionals="1" methods="12" coveredmethods="2"/>
        <line num="1" count="4" type="stmt"/>
        <line num="3" count="4" type="stmt"/>
        <line num="11" count="0" type="stmt"/>
        <line num="12" count="4" type="stmt"/>
        <line num="13" count="4" type="stmt"/>
        <line num="15" count="4" type="cond" truecount="1" falsecount="0"/>
        <line num="17" count="4" type="stmt"/>
        <line num="22" count="0" type="stmt"/>
        <line num="31" count="0" type="stmt"/>
        <line num="33" count="0" type="cond" truecount="0" falsecount="1"/>
        <line num="34" count="0" type="stmt"/>
        <line num="38" count="0" type="cond" truecount="0" falsecount="1"/>
        <line num="39" count="0" type="stmt"/>
        <line num="40" count="0" type="stmt"/>
        <line num="43" count="0" type="stmt"/>
        <line num="48" count="0" type="stmt"/>
        <line num="49" count="0" type="stmt"/>
        <line num="54" count="0" type="stmt"/>
        <line num="59" count="0" type="stmt"/>
        <line num="64" count="0" type="stmt"/>
        <line num="69" count="0" type="stmt"/>
        <line num="71" count="0" type="stmt"/>
        <line num="72" count="0" type="cond" truecount="0" falsecount="1"/>
        <line num="73" count="0" type="stmt"/>
        <line num="81" count="0" type="stmt"/>
        <line num="87" count="0" type="cond" truecount="0" falsecount="1"/>
        <line num="88" count="0" type="stmt"/>
        <line num="89" count="0" type="stmt"/>
        <line num="96" count="0" type="stmt"/>
        <line num="97" count="0" type="stmt"/>
        <line num="98" count="0" type="stmt"/>
        <line num="99" count="0" type="stmt"/>
        <line num="102" count="0" type="stmt"/>
        <line num="107" count="4" type="stmt"/>
      </file>
    </package>
  </project>
</coverage>
