{"/Users/jrpj2010/vibe-coding/app/import/14_tanren-emotion-analysis/components/face-metrics-gauge.tsx": {"path":"/Users/jrpj2010/vibe-coding/app/import/14_tanren-emotion-analysis/components/face-metrics-gauge.tsx","statementMap":{"0":{"start":{"line":11,"column":24},"end":{"line":11,"column":41}},"1":{"start":{"line":3,"column":25},"end":{"line":3,"column":null}},"2":{"start":{"line":4,"column":25},"end":{"line":4,"column":null}},"3":{"start":{"line":12,"column":46},"end":{"line":12,"column":null}},"4":{"start":{"line":13,"column":46},"end":{"line":13,"column":null}},"5":{"start":{"line":14,"column":48},"end":{"line":14,"column":null}},"6":{"start":{"line":15,"column":40},"end":{"line":15,"column":null}},"7":{"start":{"line":17,"column":20},"end":{"line":17,"column":null}},"8":{"start":{"line":18,"column":21},"end":{"line":18,"column":null}},"9":{"start":{"line":19,"column":18},"end":{"line":19,"column":null}},"10":{"start":{"line":21,"column":30},"end":{"line":25,"column":null}},"11":{"start":{"line":22,"column":4},"end":{"line":22,"column":null}},"12":{"start":{"line":22,"column":20},"end":{"line":22,"column":null}},"13":{"start":{"line":23,"column":4},"end":{"line":23,"column":null}},"14":{"start":{"line":23,"column":20},"end":{"line":23,"column":null}},"15":{"start":{"line":24,"column":4},"end":{"line":24,"column":null}},"16":{"start":{"line":27,"column":24},"end":{"line":31,"column":null}},"17":{"start":{"line":28,"column":4},"end":{"line":28,"column":null}},"18":{"start":{"line":28,"column":20},"end":{"line":28,"column":null}},"19":{"start":{"line":29,"column":4},"end":{"line":29,"column":null}},"20":{"start":{"line":29,"column":20},"end":{"line":29,"column":null}},"21":{"start":{"line":30,"column":4},"end":{"line":30,"column":null}},"22":{"start":{"line":33,"column":27},"end":{"line":48,"column":null}},"23":{"start":{"line":34,"column":18},"end":{"line":34,"column":null}},"24":{"start":{"line":35,"column":18},"end":{"line":35,"column":null}},"25":{"start":{"line":36,"column":24},"end":{"line":38,"column":null}},"26":{"start":{"line":39,"column":4},"end":{"line":39,"column":null}},"27":{"start":{"line":40,"column":4},"end":{"line":40,"column":null}},"28":{"start":{"line":42,"column":17},"end":{"line":42,"column":null}},"29":{"start":{"line":43,"column":4},"end":{"line":46,"column":null}},"30":{"start":{"line":47,"column":4},"end":{"line":47,"column":null}},"31":{"start":{"line":50,"column":27},"end":{"line":52,"column":null}},"32":{"start":{"line":51,"column":4},"end":{"line":51,"column":null}},"33":{"start":{"line":54,"column":22},"end":{"line":63,"column":null}},"34":{"start":{"line":55,"column":18},"end":{"line":55,"column":null}},"35":{"start":{"line":56,"column":18},"end":{"line":56,"column":null}},"36":{"start":{"line":57,"column":24},"end":{"line":59,"column":null}},"37":{"start":{"line":60,"column":4},"end":{"line":60,"column":null}},"38":{"start":{"line":61,"column":4},"end":{"line":61,"column":null}},"39":{"start":{"line":62,"column":4},"end":{"line":62,"column":null}},"40":{"start":{"line":65,"column":2},"end":{"line":73,"column":null}},"41":{"start":{"line":81,"column":31},"end":{"line":81,"column":null}},"42":{"start":{"line":83,"column":25},"end":{"line":83,"column":null}},"43":{"start":{"line":115,"column":29},"end":{"line":115,"column":null}},"44":{"start":{"line":117,"column":23},"end":{"line":117,"column":null}}},"fnMap":{"0":{"name":"FaceMetricsGauge","decl":{"start":{"line":11,"column":24},"end":{"line":11,"column":41}},"loc":{"start":{"line":11,"column":72},"end":{"line":149,"column":null}}},"1":{"name":"(anonymous_2)","decl":{"start":{"line":21,"column":30},"end":{"line":21,"column":31}},"loc":{"start":{"line":21,"column":31},"end":{"line":25,"column":null}}},"2":{"name":"(anonymous_3)","decl":{"start":{"line":27,"column":24},"end":{"line":27,"column":25}},"loc":{"start":{"line":27,"column":25},"end":{"line":31,"column":null}}},"3":{"name":"(anonymous_4)","decl":{"start":{"line":33,"column":27},"end":{"line":33,"column":28}},"loc":{"start":{"line":33,"column":52},"end":{"line":48,"column":null}}},"4":{"name":"(anonymous_5)","decl":{"start":{"line":50,"column":27},"end":{"line":50,"column":null}},"loc":{"start":{"line":50,"column":27},"end":{"line":52,"column":null}}},"5":{"name":"(anonymous_6)","decl":{"start":{"line":54,"column":22},"end":{"line":54,"column":23}},"loc":{"start":{"line":54,"column":23},"end":{"line":63,"column":null}}},"6":{"name":"(anonymous_7)","decl":{"start":{"line":81,"column":24},"end":{"line":81,"column":25}},"loc":{"start":{"line":81,"column":31},"end":{"line":81,"column":null}}},"7":{"name":"(anonymous_8)","decl":{"start":{"line":83,"column":19},"end":{"line":83,"column":25}},"loc":{"start":{"line":83,"column":25},"end":{"line":83,"column":null}}},"8":{"name":"(anonymous_9)","decl":{"start":{"line":115,"column":22},"end":{"line":115,"column":23}},"loc":{"start":{"line":115,"column":29},"end":{"line":115,"column":null}}},"9":{"name":"(anonymous_10)","decl":{"start":{"line":117,"column":17},"end":{"line":117,"column":23}},"loc":{"start":{"line":117,"column":23},"end":{"line":117,"column":null}}}},"branchMap":{"0":{"loc":{"start":{"line":17,"column":20},"end":{"line":17,"column":null}},"type":"binary-expr","locations":[{"start":{"line":17,"column":20},"end":{"line":17,"column":42}},{"start":{"line":17,"column":42},"end":{"line":17,"column":null}}]},"1":{"loc":{"start":{"line":18,"column":21},"end":{"line":18,"column":null}},"type":"binary-expr","locations":[{"start":{"line":18,"column":21},"end":{"line":18,"column":44}},{"start":{"line":18,"column":44},"end":{"line":18,"column":null}}]},"2":{"loc":{"start":{"line":19,"column":18},"end":{"line":19,"column":null}},"type":"binary-expr","locations":[{"start":{"line":19,"column":18},"end":{"line":19,"column":40}},{"start":{"line":19,"column":40},"end":{"line":19,"column":null}}]},"3":{"loc":{"start":{"line":22,"column":4},"end":{"line":22,"column":null}},"type":"if","locations":[{"start":{"line":22,"column":4},"end":{"line":22,"column":null}}]},"4":{"loc":{"start":{"line":23,"column":4},"end":{"line":23,"column":null}},"type":"if","locations":[{"start":{"line":23,"column":4},"end":{"line":23,"column":null}}]},"5":{"loc":{"start":{"line":28,"column":4},"end":{"line":28,"column":null}},"type":"if","locations":[{"start":{"line":28,"column":4},"end":{"line":28,"column":null}}]},"6":{"loc":{"start":{"line":29,"column":4},"end":{"line":29,"column":null}},"type":"if","locations":[{"start":{"line":29,"column":4},"end":{"line":29,"column":null}}]},"7":{"loc":{"start":{"line":34,"column":18},"end":{"line":34,"column":null}},"type":"cond-expr","locations":[{"start":{"line":34,"column":36},"end":{"line":34,"column":48}},{"start":{"line":34,"column":48},"end":{"line":34,"column":null}}]},"8":{"loc":{"start":{"line":35,"column":18},"end":{"line":35,"column":null}},"type":"cond-expr","locations":[{"start":{"line":35,"column":36},"end":{"line":35,"column":45}},{"start":{"line":35,"column":45},"end":{"line":35,"column":null}}]},"9":{"loc":{"start":{"line":36,"column":24},"end":{"line":38,"column":null}},"type":"cond-expr","locations":[{"start":{"line":37,"column":8},"end":{"line":37,"column":null}},{"start":{"line":38,"column":8},"end":{"line":38,"column":null}}]},"10":{"loc":{"start":{"line":55,"column":18},"end":{"line":55,"column":null}},"type":"cond-expr","locations":[{"start":{"line":55,"column":36},"end":{"line":55,"column":48}},{"start":{"line":55,"column":48},"end":{"line":55,"column":null}}]},"11":{"loc":{"start":{"line":56,"column":18},"end":{"line":56,"column":null}},"type":"cond-expr","locations":[{"start":{"line":56,"column":36},"end":{"line":56,"column":45}},{"start":{"line":56,"column":45},"end":{"line":56,"column":null}}]},"12":{"loc":{"start":{"line":57,"column":24},"end":{"line":59,"column":null}},"type":"cond-expr","locations":[{"start":{"line":58,"column":8},"end":{"line":58,"column":null}},{"start":{"line":59,"column":8},"end":{"line":59,"column":null}}]},"13":{"loc":{"start":{"line":65,"column":2},"end":{"line":73,"column":null}},"type":"if","locations":[{"start":{"line":65,"column":2},"end":{"line":73,"column":null}}]},"14":{"loc":{"start":{"line":130,"column":7},"end":{"line":130,"column":null}},"type":"binary-expr","locations":[{"start":{"line":130,"column":7},"end":{"line":130,"column":null}}]},"15":{"loc":{"start":{"line":133,"column":119},"end":{"line":133,"column":169}},"type":"cond-expr","locations":[{"start":{"line":133,"column":144},"end":{"line":133,"column":156}},{"start":{"line":133,"column":156},"end":{"line":133,"column":169}}]}},"s":{"0":16,"1":1,"2":1,"3":31,"4":31,"5":31,"6":31,"7":31,"8":31,"9":31,"10":31,"11":13,"12":2,"13":11,"14":3,"15":8,"16":31,"17":13,"18":2,"19":11,"20":3,"21":8,"22":31,"23":12,"24":12,"25":12,"26":12,"27":12,"28":12,"29":12,"30":12,"31":31,"32":2,"33":31,"34":1,"35":1,"36":1,"37":1,"38":1,"39":1,"40":31,"41":11,"42":1,"43":1,"44":0},"f":{"0":31,"1":13,"2":13,"3":12,"4":2,"5":1,"6":11,"7":1,"8":1,"9":0},"b":{"0":[31,1],"1":[31,1],"2":[31,31],"3":[2],"4":[3],"5":[2],"6":[3],"7":[11,1],"8":[11,1],"9":[11,1],"10":[1,0],"11":[1,0],"12":[1,0],"13":[1],"14":[30],"15":[12,1]}}
,"/Users/jrpj2010/vibe-coding/app/import/14_tanren-emotion-analysis/components/ui/progress.tsx": {"path":"/Users/jrpj2010/vibe-coding/app/import/14_tanren-emotion-analysis/components/ui/progress.tsx","statementMap":{"0":{"start":{"line":28,"column":9},"end":{"line":28,"column":null}},"1":{"start":{"line":3,"column":23},"end":{"line":3,"column":null}},"2":{"start":{"line":4,"column":35},"end":{"line":4,"column":null}},"3":{"start":{"line":6,"column":19},"end":{"line":6,"column":null}},"4":{"start":{"line":26,"column":0},"end":{"line":26,"column":null}}},"fnMap":{},"branchMap":{"0":{"loc":{"start":{"line":22,"column":48},"end":{"line":22,"column":60}},"type":"binary-expr","locations":[{"start":{"line":22,"column":48},"end":{"line":22,"column":57}},{"start":{"line":22,"column":57},"end":{"line":22,"column":60}}]}},"s":{"0":30,"1":1,"2":1,"3":1,"4":1},"f":{},"b":{"0":[30,0]}}
,"/Users/jrpj2010/vibe-coding/app/import/14_tanren-emotion-analysis/lib/utils.ts": {"path":"/Users/jrpj2010/vibe-coding/app/import/14_tanren-emotion-analysis/lib/utils.ts","statementMap":{"0":{"start":{"line":4,"column":16},"end":{"line":4,"column":19}},"1":{"start":{"line":1,"column":38},"end":{"line":1,"column":null}},"2":{"start":{"line":2,"column":24},"end":{"line":2,"column":null}},"3":{"start":{"line":5,"column":2},"end":{"line":5,"column":null}}},"fnMap":{"0":{"name":"cn","decl":{"start":{"line":4,"column":16},"end":{"line":4,"column":19}},"loc":{"start":{"line":4,"column":42},"end":{"line":6,"column":null}}}},"branchMap":{},"s":{"0":30,"1":1,"2":1,"3":30},"f":{"0":30},"b":{}}
}
