{"/Users/jrpj2010/vibe-coding/app/import/14_tanren-emotion-analysis/app/page.tsx": {"path":"/Users/jrpj2010/vibe-coding/app/import/14_tanren-emotion-analysis/app/page.tsx","statementMap":{"0":{"start":{"line":8,"column":24},"end":{"line":8,"column":null}},"1":{"start":{"line":3,"column":25},"end":{"line":3,"column":null}},"2":{"start":{"line":4,"column":57},"end":{"line":4,"column":null}},"3":{"start":{"line":5,"column":30},"end":{"line":5,"column":null}},"4":{"start":{"line":6,"column":27},"end":{"line":6,"column":null}},"5":{"start":{"line":9,"column":36},"end":{"line":9,"column":null}}},"fnMap":{"0":{"name":"AISuite","decl":{"start":{"line":8,"column":24},"end":{"line":8,"column":null}},"loc":{"start":{"line":8,"column":24},"end":{"line":38,"column":null}}}},"branchMap":{},"s":{"0":18,"1":2,"2":2,"3":2,"4":2,"5":22},"f":{"0":22},"b":{}}
,"/Users/jrpj2010/vibe-coding/app/import/14_tanren-emotion-analysis/components/analysis-report.tsx": {"path":"/Users/jrpj2010/vibe-coding/app/import/14_tanren-emotion-analysis/components/analysis-report.tsx","statementMap":{"0":{"start":{"line":17,"column":16},"end":{"line":17,"column":30}},"1":{"start":{"line":298,"column":24},"end":{"line":298,"column":null}},"2":{"start":{"line":3,"column":74},"end":{"line":3,"column":null}},"3":{"start":{"line":4,"column":22},"end":{"line":4,"column":null}},"4":{"start":{"line":5,"column":36},"end":{"line":5,"column":null}},"5":{"start":{"line":6,"column":29},"end":{"line":6,"column":null}},"6":{"start":{"line":7,"column":31},"end":{"line":7,"column":null}},"7":{"start":{"line":8,"column":32},"end":{"line":8,"column":null}},"8":{"start":{"line":9,"column":34},"end":{"line":9,"column":null}},"9":{"start":{"line":10,"column":36},"end":{"line":10,"column":null}},"10":{"start":{"line":11,"column":36},"end":{"line":11,"column":null}},"11":{"start":{"line":12,"column":99},"end":{"line":12,"column":null}},"12":{"start":{"line":13,"column":23},"end":{"line":13,"column":null}},"13":{"start":{"line":14,"column":19},"end":{"line":14,"column":null}},"14":{"start":{"line":18,"column":42},"end":{"line":18,"column":null}},"15":{"start":{"line":20,"column":2},"end":{"line":29,"column":null}},"16":{"start":{"line":31,"column":2},"end":{"line":40,"column":null}},"17":{"start":{"line":43,"column":23},"end":{"line":43,"column":null}},"18":{"start":{"line":44,"column":23},"end":{"line":44,"column":null}},"19":{"start":{"line":45,"column":20},"end":{"line":45,"column":null}},"20":{"start":{"line":46,"column":25},"end":{"line":46,"column":null}},"21":{"start":{"line":49,"column":26},"end":{"line":49,"column":null}},"22":{"start":{"line":50,"column":26},"end":{"line":50,"column":null}},"23":{"start":{"line":51,"column":28},"end":{"line":51,"column":95}},"24":{"start":{"line":87,"column":14},"end":{"line":87,"column":33}},"25":{"start":{"line":162,"column":14},"end":{"line":162,"column":30}},"26":{"start":{"line":179,"column":33},"end":{"line":179,"column":null}},"27":{"start":{"line":180,"column":30},"end":{"line":180,"column":null}},"28":{"start":{"line":181,"column":30},"end":{"line":181,"column":null}},"29":{"start":{"line":182,"column":32},"end":{"line":182,"column":83}},"30":{"start":{"line":184,"column":14},"end":{"line":185,"column":33}},"31":{"start":{"line":213,"column":2},"end":{"line":213,"column":null}},"32":{"start":{"line":213,"column":29},"end":{"line":213,"column":null}},"33":{"start":{"line":215,"column":17},"end":{"line":220,"column":null}},"34":{"start":{"line":216,"column":4},"end":{"line":218,"column":null}},"35":{"start":{"line":217,"column":6},"end":{"line":217,"column":null}},"36":{"start":{"line":219,"column":4},"end":{"line":219,"column":null}},"37":{"start":{"line":222,"column":43},"end":{"line":222,"column":null}},"38":{"start":{"line":223,"column":2},"end":{"line":225,"column":null}},"39":{"start":{"line":224,"column":4},"end":{"line":224,"column":null}},"40":{"start":{"line":227,"column":2},"end":{"line":227,"column":null}},"41":{"start":{"line":231,"column":2},"end":{"line":231,"column":null}},"42":{"start":{"line":231,"column":29},"end":{"line":231,"column":null}},"43":{"start":{"line":233,"column":16},"end":{"line":237,"column":null}},"44":{"start":{"line":239,"column":2},"end":{"line":243,"column":null}},"45":{"start":{"line":240,"column":4},"end":{"line":240,"column":null}},"46":{"start":{"line":241,"column":4},"end":{"line":241,"column":null}},"47":{"start":{"line":242,"column":4},"end":{"line":242,"column":null}},"48":{"start":{"line":245,"column":2},"end":{"line":245,"column":null}},"49":{"start":{"line":249,"column":2},"end":{"line":249,"column":null}},"50":{"start":{"line":249,"column":29},"end":{"line":249,"column":null}},"51":{"start":{"line":251,"column":20},"end":{"line":251,"column":41}},"52":{"start":{"line":253,"column":2},"end":{"line":264,"column":null}},"53":{"start":{"line":254,"column":23},"end":{"line":254,"column":null}},"54":{"start":{"line":255,"column":20},"end":{"line":255,"column":null}},"55":{"start":{"line":256,"column":20},"end":{"line":256,"column":null}},"56":{"start":{"line":258,"column":4},"end":{"line":263,"column":null}},"57":{"start":{"line":268,"column":41},"end":{"line":277,"column":null}},"58":{"start":{"line":278,"column":2},"end":{"line":278,"column":null}},"59":{"start":{"line":282,"column":24},"end":{"line":282,"column":null}},"60":{"start":{"line":283,"column":17},"end":{"line":283,"column":null}},"61":{"start":{"line":284,"column":22},"end":{"line":284,"column":null}},"62":{"start":{"line":286,"column":2},"end":{"line":294,"column":null}},"63":{"start":{"line":287,"column":4},"end":{"line":287,"column":null}},"64":{"start":{"line":288,"column":9},"end":{"line":294,"column":null}},"65":{"start":{"line":289,"column":4},"end":{"line":289,"column":null}},"66":{"start":{"line":290,"column":9},"end":{"line":294,"column":null}},"67":{"start":{"line":291,"column":4},"end":{"line":291,"column":null}},"68":{"start":{"line":293,"column":4},"end":{"line":293,"column":null}},"69":{"start":{"line":299,"column":29},"end":{"line":299,"column":null}},"70":{"start":{"line":300,"column":38},"end":{"line":300,"column":null}},"71":{"start":{"line":301,"column":40},"end":{"line":301,"column":null}},"72":{"start":{"line":302,"column":56},"end":{"line":302,"column":null}},"73":{"start":{"line":303,"column":44},"end":{"line":303,"column":null}},"74":{"start":{"line":305,"column":2},"end":{"line":373,"column":null}},"75":{"start":{"line":306,"column":4},"end":{"line":372,"column":null}},"76":{"start":{"line":308,"column":24},"end":{"line":311,"column":null}},"77":{"start":{"line":310,"column":21},"end":{"line":310,"column":null}},"78":{"start":{"line":311,"column":18},"end":{"line":311,"column":null}},"79":{"start":{"line":315,"column":6},"end":{"line":357,"column":null}},"80":{"start":{"line":316,"column":34},"end":{"line":326,"column":null}},"81":{"start":{"line":316,"column":77},"end":{"line":326,"column":null}},"82":{"start":{"line":327,"column":8},"end":{"line":327,"column":null}},"83":{"start":{"line":330,"column":28},"end":{"line":335,"column":null}},"84":{"start":{"line":331,"column":10},"end":{"line":333,"column":null}},"85":{"start":{"line":332,"column":12},"end":{"line":332,"column":null}},"86":{"start":{"line":334,"column":10},"end":{"line":334,"column":null}},"87":{"start":{"line":337,"column":8},"end":{"line":339,"column":null}},"88":{"start":{"line":338,"column":10},"end":{"line":338,"column":null}},"89":{"start":{"line":341,"column":8},"end":{"line":341,"column":null}},"90":{"start":{"line":344,"column":27},"end":{"line":355,"column":null}},"91":{"start":{"line":345,"column":27},"end":{"line":345,"column":null}},"92":{"start":{"line":346,"column":27},"end":{"line":346,"column":null}},"93":{"start":{"line":347,"column":26},"end":{"line":347,"column":null}},"94":{"start":{"line":349,"column":10},"end":{"line":354,"column":null}},"95":{"start":{"line":356,"column":8},"end":{"line":356,"column":null}},"96":{"start":{"line":360,"column":6},"end":{"line":371,"column":null}},"97":{"start":{"line":448,"column":20},"end":{"line":448,"column":37}}},"fnMap":{"0":{"name":"AnalysisReport","decl":{"start":{"line":17,"column":16},"end":{"line":17,"column":30}},"loc":{"start":{"line":17,"column":16},"end":{"line":209,"column":null}}},"1":{"name":"(anonymous_5)","decl":{"start":{"line":86,"column":46},"end":{"line":86,"column":47}},"loc":{"start":{"line":87,"column":14},"end":{"line":87,"column":33}}},"2":{"name":"(anonymous_6)","decl":{"start":{"line":161,"column":41},"end":{"line":161,"column":42}},"loc":{"start":{"line":162,"column":14},"end":{"line":162,"column":30}}},"3":{"name":"(anonymous_7)","decl":{"start":{"line":178,"column":41},"end":{"line":178,"column":42}},"loc":{"start":{"line":178,"column":51},"end":{"line":193,"column":null}}},"4":{"name":"calculateEmotionStatistics","decl":{"start":{"line":212,"column":9},"end":{"line":212,"column":36}},"loc":{"start":{"line":212,"column":51},"end":{"line":228,"column":null}}},"5":{"name":"(anonymous_9)","decl":{"start":{"line":215,"column":33},"end":{"line":215,"column":34}},"loc":{"start":{"line":215,"column":39},"end":{"line":220,"column":5}}},"6":{"name":"(anonymous_10)","decl":{"start":{"line":216,"column":44},"end":{"line":216,"column":45}},"loc":{"start":{"line":216,"column":57},"end":{"line":218,"column":null}}},"7":{"name":"(anonymous_11)","decl":{"start":{"line":223,"column":33},"end":{"line":223,"column":34}},"loc":{"start":{"line":223,"column":46},"end":{"line":225,"column":null}}},"8":{"name":"calculateEmotionPeaks","decl":{"start":{"line":230,"column":9},"end":{"line":230,"column":31}},"loc":{"start":{"line":230,"column":46},"end":{"line":246,"column":null}}},"9":{"name":"(anonymous_13)","decl":{"start":{"line":239,"column":19},"end":{"line":239,"column":null}},"loc":{"start":{"line":239,"column":19},"end":{"line":243,"column":null}}},"10":{"name":"prepareChartData","decl":{"start":{"line":248,"column":9},"end":{"line":248,"column":26}},"loc":{"start":{"line":248,"column":41},"end":{"line":265,"column":null}}},"11":{"name":"(anonymous_15)","decl":{"start":{"line":253,"column":22},"end":{"line":253,"column":null}},"loc":{"start":{"line":253,"column":22},"end":{"line":264,"column":null}}},"12":{"name":"getEmotionLabel","decl":{"start":{"line":267,"column":9},"end":{"line":267,"column":25}},"loc":{"start":{"line":267,"column":40},"end":{"line":279,"column":null}}},"13":{"name":"generateRecommendation","decl":{"start":{"line":281,"column":9},"end":{"line":281,"column":32}},"loc":{"start":{"line":281,"column":61},"end":{"line":295,"column":null}}},"14":{"name":"AnalysisReportPage","decl":{"start":{"line":298,"column":24},"end":{"line":298,"column":null}},"loc":{"start":{"line":298,"column":24},"end":{"line":485,"column":1}}},"15":{"name":"(anonymous_19)","decl":{"start":{"line":305,"column":12},"end":{"line":305,"column":null}},"loc":{"start":{"line":305,"column":12},"end":{"line":373,"column":5}}},"16":{"name":"(anonymous_20)","decl":{"start":{"line":310,"column":16},"end":{"line":310,"column":21}},"loc":{"start":{"line":310,"column":21},"end":{"line":310,"column":null}}},"17":{"name":"(anonymous_21)","decl":{"start":{"line":311,"column":13},"end":{"line":311,"column":18}},"loc":{"start":{"line":311,"column":18},"end":{"line":311,"column":null}}},"18":{"name":"(anonymous_22)","decl":{"start":{"line":316,"column":62},"end":{"line":316,"column":63}},"loc":{"start":{"line":316,"column":77},"end":{"line":326,"column":null}}},"19":{"name":"(anonymous_23)","decl":{"start":{"line":330,"column":59},"end":{"line":330,"column":60}},"loc":{"start":{"line":330,"column":65},"end":{"line":335,"column":11}}},"20":{"name":"(anonymous_24)","decl":{"start":{"line":331,"column":42},"end":{"line":331,"column":null}},"loc":{"start":{"line":331,"column":42},"end":{"line":333,"column":null}}},"21":{"name":"(anonymous_25)","decl":{"start":{"line":337,"column":41},"end":{"line":337,"column":null}},"loc":{"start":{"line":337,"column":41},"end":{"line":339,"column":null}}},"22":{"name":"(anonymous_26)","decl":{"start":{"line":344,"column":55},"end":{"line":344,"column":56}},"loc":{"start":{"line":344,"column":59},"end":{"line":355,"column":null}}},"23":{"name":"(anonymous_27)","decl":{"start":{"line":447,"column":34},"end":{"line":447,"column":35}},"loc":{"start":{"line":448,"column":20},"end":{"line":448,"column":37}}}},"branchMap":{"0":{"loc":{"start":{"line":20,"column":2},"end":{"line":29,"column":null}},"type":"if","locations":[{"start":{"line":20,"column":2},"end":{"line":29,"column":null}}]},"1":{"loc":{"start":{"line":31,"column":2},"end":{"line":40,"column":null}},"type":"if","locations":[{"start":{"line":31,"column":2},"end":{"line":40,"column":null}}]},"2":{"loc":{"start":{"line":31,"column":6},"end":{"line":31,"column":91}},"type":"binary-expr","locations":[{"start":{"line":31,"column":6},"end":{"line":31,"column":25}},{"start":{"line":31,"column":25},"end":{"line":31,"column":49}},{"start":{"line":31,"column":53},"end":{"line":31,"column":91}}]},"3":{"loc":{"start":{"line":213,"column":2},"end":{"line":213,"column":null}},"type":"if","locations":[{"start":{"line":213,"column":2},"end":{"line":213,"column":null}}]},"4":{"loc":{"start":{"line":217,"column":18},"end":{"line":217,"column":36}},"type":"binary-expr","locations":[{"start":{"line":217,"column":18},"end":{"line":217,"column":26}},{"start":{"line":217,"column":30},"end":{"line":217,"column":36}}]},"5":{"loc":{"start":{"line":231,"column":2},"end":{"line":231,"column":null}},"type":"if","locations":[{"start":{"line":231,"column":2},"end":{"line":231,"column":null}}]},"6":{"loc":{"start":{"line":240,"column":36},"end":{"line":240,"column":null}},"type":"binary-expr","locations":[{"start":{"line":240,"column":36},"end":{"line":240,"column":55}},{"start":{"line":240,"column":59},"end":{"line":240,"column":null}}]},"7":{"loc":{"start":{"line":241,"column":50},"end":{"line":241,"column":null}},"type":"binary-expr","locations":[{"start":{"line":241,"column":50},"end":{"line":241,"column":76}},{"start":{"line":241,"column":80},"end":{"line":241,"column":null}}]},"8":{"loc":{"start":{"line":242,"column":46},"end":{"line":242,"column":null}},"type":"binary-expr","locations":[{"start":{"line":242,"column":46},"end":{"line":242,"column":70}},{"start":{"line":242,"column":74},"end":{"line":242,"column":null}}]},"9":{"loc":{"start":{"line":249,"column":2},"end":{"line":249,"column":null}},"type":"if","locations":[{"start":{"line":249,"column":2},"end":{"line":249,"column":null}}]},"10":{"loc":{"start":{"line":278,"column":9},"end":{"line":278,"column":null}},"type":"binary-expr","locations":[{"start":{"line":278,"column":9},"end":{"line":278,"column":24}},{"start":{"line":278,"column":28},"end":{"line":278,"column":null}}]},"11":{"loc":{"start":{"line":282,"column":24},"end":{"line":282,"column":null}},"type":"binary-expr","locations":[{"start":{"line":282,"column":24},"end":{"line":282,"column":40}},{"start":{"line":282,"column":44},"end":{"line":282,"column":null}}]},"12":{"loc":{"start":{"line":283,"column":17},"end":{"line":283,"column":null}},"type":"binary-expr","locations":[{"start":{"line":283,"column":17},"end":{"line":283,"column":26}},{"start":{"line":283,"column":30},"end":{"line":283,"column":null}}]},"13":{"loc":{"start":{"line":284,"column":22},"end":{"line":284,"column":null}},"type":"binary-expr","locations":[{"start":{"line":284,"column":22},"end":{"line":284,"column":36}},{"start":{"line":284,"column":40},"end":{"line":284,"column":null}}]},"14":{"loc":{"start":{"line":286,"column":2},"end":{"line":294,"column":null}},"type":"if","locations":[{"start":{"line":286,"column":2},"end":{"line":294,"column":null}},{"start":{"line":288,"column":9},"end":{"line":294,"column":null}}]},"15":{"loc":{"start":{"line":286,"column":6},"end":{"line":286,"column":41}},"type":"binary-expr","locations":[{"start":{"line":286,"column":6},"end":{"line":286,"column":28}},{"start":{"line":286,"column":28},"end":{"line":286,"column":41}}]},"16":{"loc":{"start":{"line":288,"column":9},"end":{"line":294,"column":null}},"type":"if","locations":[{"start":{"line":288,"column":9},"end":{"line":294,"column":null}},{"start":{"line":290,"column":9},"end":{"line":294,"column":null}}]},"17":{"loc":{"start":{"line":290,"column":9},"end":{"line":294,"column":null}},"type":"if","locations":[{"start":{"line":290,"column":9},"end":{"line":294,"column":null}},{"start":{"line":292,"column":9},"end":{"line":294,"column":null}}]},"18":{"loc":{"start":{"line":306,"column":4},"end":{"line":372,"column":null}},"type":"if","locations":[{"start":{"line":306,"column":4},"end":{"line":372,"column":null}},{"start":{"line":358,"column":11},"end":{"line":372,"column":null}}]},"19":{"loc":{"start":{"line":315,"column":6},"end":{"line":357,"column":null}},"type":"if","locations":[{"start":{"line":315,"column":6},"end":{"line":357,"column":null}}]},"20":{"loc":{"start":{"line":332,"column":24},"end":{"line":332,"column":41}},"type":"binary-expr","locations":[{"start":{"line":332,"column":24},"end":{"line":332,"column":32}},{"start":{"line":332,"column":36},"end":{"line":332,"column":41}}]},"21":{"loc":{"start":{"line":384,"column":11},"end":{"line":390,"column":null}},"type":"cond-expr","locations":[{"start":{"line":385,"column":12},"end":{"line":389,"column":null}},{"start":{"line":390,"column":12},"end":{"line":390,"column":null}}]},"22":{"loc":{"start":{"line":393,"column":9},"end":{"line":393,"column":null}},"type":"binary-expr","locations":[{"start":{"line":393,"column":9},"end":{"line":393,"column":null}}]},"23":{"loc":{"start":{"line":411,"column":43},"end":{"line":417,"column":null}},"type":"cond-expr","locations":[{"start":{"line":411,"column":65},"end":{"line":417,"column":16}},{"start":{"line":417,"column":16},"end":{"line":417,"column":null}}]},"24":{"loc":{"start":{"line":412,"column":39},"end":{"line":412,"column":null}},"type":"binary-expr","locations":[{"start":{"line":412,"column":39},"end":{"line":412,"column":67}},{"start":{"line":412,"column":71},"end":{"line":412,"column":null}}]},"25":{"loc":{"start":{"line":413,"column":45},"end":{"line":413,"column":79}},"type":"binary-expr","locations":[{"start":{"line":413,"column":45},"end":{"line":413,"column":69}},{"start":{"line":413,"column":73},"end":{"line":413,"column":79}}]},"26":{"loc":{"start":{"line":413,"column":79},"end":{"line":413,"column":null}},"type":"binary-expr","locations":[{"start":{"line":413,"column":79},"end":{"line":413,"column":108}},{"start":{"line":413,"column":112},"end":{"line":413,"column":null}}]},"27":{"loc":{"start":{"line":414,"column":41},"end":{"line":414,"column":null}},"type":"binary-expr","locations":[{"start":{"line":414,"column":41},"end":{"line":414,"column":71}},{"start":{"line":414,"column":75},"end":{"line":414,"column":null}}]},"28":{"loc":{"start":{"line":415,"column":43},"end":{"line":415,"column":null}},"type":"binary-expr","locations":[{"start":{"line":415,"column":43},"end":{"line":415,"column":71}},{"start":{"line":415,"column":75},"end":{"line":415,"column":null}}]},"29":{"loc":{"start":{"line":416,"column":38},"end":{"line":416,"column":78}},"type":"binary-expr","locations":[{"start":{"line":416,"column":38},"end":{"line":416,"column":68}},{"start":{"line":416,"column":72},"end":{"line":416,"column":78}}]},"30":{"loc":{"start":{"line":416,"column":78},"end":{"line":416,"column":111}},"type":"binary-expr","locations":[{"start":{"line":416,"column":78},"end":{"line":416,"column":101}},{"start":{"line":416,"column":105},"end":{"line":416,"column":111}}]},"31":{"loc":{"start":{"line":426,"column":36},"end":{"line":429,"column":null}},"type":"cond-expr","locations":[{"start":{"line":426,"column":58},"end":{"line":429,"column":16}},{"start":{"line":429,"column":16},"end":{"line":429,"column":null}}]},"32":{"loc":{"start":{"line":427,"column":43},"end":{"line":427,"column":81}},"type":"binary-expr","locations":[{"start":{"line":427,"column":43},"end":{"line":427,"column":71}},{"start":{"line":427,"column":75},"end":{"line":427,"column":81}}]},"33":{"loc":{"start":{"line":427,"column":81},"end":{"line":427,"column":119}},"type":"binary-expr","locations":[{"start":{"line":427,"column":81},"end":{"line":427,"column":109}},{"start":{"line":427,"column":113},"end":{"line":427,"column":119}}]},"34":{"loc":{"start":{"line":428,"column":43},"end":{"line":428,"column":null}},"type":"binary-expr","locations":[{"start":{"line":428,"column":43},"end":{"line":428,"column":71}},{"start":{"line":428,"column":75},"end":{"line":428,"column":null}}]},"35":{"loc":{"start":{"line":478,"column":41},"end":{"line":478,"column":null}},"type":"cond-expr","locations":[{"start":{"line":478,"column":68},"end":{"line":478,"column":84}},{"start":{"line":478,"column":84},"end":{"line":478,"column":null}}]}},"s":{"0":10,"1":10,"2":2,"3":2,"4":2,"5":2,"6":2,"7":2,"8":2,"9":2,"10":2,"11":2,"12":2,"13":2,"14":10,"15":10,"16":9,"17":8,"18":8,"19":8,"20":8,"21":8,"22":8,"23":8,"24":56,"25":32,"26":32,"27":32,"28":32,"29":32,"30":32,"31":8,"32":0,"33":8,"34":32,"35":224,"36":32,"37":8,"38":8,"39":56,"40":8,"41":8,"42":0,"43":8,"44":8,"45":32,"46":32,"47":32,"48":8,"49":8,"50":0,"51":8,"52":8,"53":32,"54":32,"55":32,"56":32,"57":56,"58":56,"59":8,"60":8,"61":8,"62":8,"63":8,"64":0,"65":0,"66":0,"67":0,"68":0,"69":0,"70":0,"71":0,"72":0,"73":0,"74":0,"75":0,"76":0,"77":0,"78":0,"79":0,"80":0,"81":0,"82":0,"83":0,"84":0,"85":0,"86":0,"87":0,"88":0,"89":0,"90":0,"91":0,"92":0,"93":0,"94":0,"95":0,"96":0,"97":0},"f":{"0":10,"1":56,"2":32,"3":32,"4":8,"5":32,"6":224,"7":56,"8":8,"9":32,"10":8,"11":32,"12":56,"13":8,"14":0,"15":0,"16":0,"17":0,"18":0,"19":0,"20":0,"21":0,"22":0,"23":0},"b":{"0":[1],"1":[1],"2":[9,8,8],"3":[0],"4":[224,80],"5":[0],"6":[32,0],"7":[32,0],"8":[32,0],"9":[0],"10":[56,0],"11":[8,0],"12":[8,0],"13":[8,0],"14":[8,0],"15":[8,8],"16":[0,0],"17":[0,0],"18":[0,0],"19":[0],"20":[0,0],"21":[0,0],"22":[0],"23":[0,0],"24":[0,0],"25":[0,0],"26":[0,0],"27":[0,0],"28":[0,0],"29":[0,0],"30":[0,0],"31":[0,0],"32":[0,0],"33":[0,0],"34":[0,0],"35":[0,0]}}
,"/Users/jrpj2010/vibe-coding/app/import/14_tanren-emotion-analysis/components/audio-visualizer.tsx": {"path":"/Users/jrpj2010/vibe-coding/app/import/14_tanren-emotion-analysis/components/audio-visualizer.tsx","statementMap":{"0":{"start":{"line":10,"column":24},"end":{"line":10,"column":40}},"1":{"start":{"line":3,"column":35},"end":{"line":3,"column":null}},"2":{"start":{"line":11,"column":27},"end":{"line":11,"column":null}}},"fnMap":{"0":{"name":"AudioVisualizer","decl":{"start":{"line":10,"column":24},"end":{"line":10,"column":40}},"loc":{"start":{"line":10,"column":82},"end":{"line":23,"column":null}}}},"branchMap":{"0":{"loc":{"start":{"line":11,"column":46},"end":{"line":11,"column":62}},"type":"binary-expr","locations":[{"start":{"line":11,"column":46},"end":{"line":11,"column":56}},{"start":{"line":11,"column":56},"end":{"line":11,"column":62}}]}},"s":{"0":2877,"1":7,"2":2865},"f":{"0":2865},"b":{"0":[2865,58]}}
,"/Users/jrpj2010/vibe-coding/app/import/14_tanren-emotion-analysis/components/conversation-status-radar.tsx": {"path":"/Users/jrpj2010/vibe-coding/app/import/14_tanren-emotion-analysis/components/conversation-status-radar.tsx","statementMap":{"0":{"start":{"line":10,"column":24},"end":{"line":10,"column":48}},"1":{"start":{"line":3,"column":107},"end":{"line":3,"column":null}},"2":{"start":{"line":11,"column":43},"end":{"line":17,"column":null}},"3":{"start":{"line":19,"column":18},"end":{"line":19,"column":null}},"4":{"start":{"line":21,"column":20},"end":{"line":27,"column":null}}},"fnMap":{"0":{"name":"ConversationStatusRadar","decl":{"start":{"line":10,"column":24},"end":{"line":10,"column":48}},"loc":{"start":{"line":10,"column":86},"end":{"line":42,"column":null}}}},"branchMap":{"0":{"loc":{"start":{"line":19,"column":18},"end":{"line":19,"column":null}},"type":"binary-expr","locations":[{"start":{"line":19,"column":18},"end":{"line":19,"column":26}},{"start":{"line":19,"column":26},"end":{"line":19,"column":null}}]}},"s":{"0":0,"1":2,"2":0,"3":0,"4":0},"f":{"0":0},"b":{"0":[0,0]}}
,"/Users/jrpj2010/vibe-coding/app/import/14_tanren-emotion-analysis/components/emotion-change-chart.tsx": {"path":"/Users/jrpj2010/vibe-coding/app/import/14_tanren-emotion-analysis/components/emotion-change-chart.tsx","statementMap":{"0":{"start":{"line":21,"column":24},"end":{"line":21,"column":43}},"1":{"start":{"line":3,"column":73},"end":{"line":3,"column":null}},"2":{"start":{"line":22,"column":43},"end":{"line":33,"column":null}},"3":{"start":{"line":37,"column":2},"end":{"line":49,"column":null}},"4":{"start":{"line":38,"column":4},"end":{"line":46,"column":null}},"5":{"start":{"line":38,"column":56},"end":{"line":46,"column":null}},"6":{"start":{"line":48,"column":4},"end":{"line":48,"column":null}}},"fnMap":{"0":{"name":"EmotionChangeChart","decl":{"start":{"line":21,"column":24},"end":{"line":21,"column":43}},"loc":{"start":{"line":21,"column":92},"end":{"line":67,"column":null}}},"1":{"name":"(anonymous_2)","decl":{"start":{"line":38,"column":35},"end":{"line":38,"column":36}},"loc":{"start":{"line":38,"column":56},"end":{"line":46,"column":null}}}},"branchMap":{"0":{"loc":{"start":{"line":37,"column":2},"end":{"line":49,"column":null}},"type":"if","locations":[{"start":{"line":37,"column":2},"end":{"line":49,"column":null}},{"start":{"line":47,"column":9},"end":{"line":49,"column":null}}]},"1":{"loc":{"start":{"line":37,"column":6},"end":{"line":37,"column":51}},"type":"binary-expr","locations":[{"start":{"line":37,"column":6},"end":{"line":37,"column":24}},{"start":{"line":37,"column":24},"end":{"line":37,"column":51}}]},"2":{"loc":{"start":{"line":40,"column":10},"end":{"line":40,"column":null}},"type":"binary-expr","locations":[{"start":{"line":40,"column":10},"end":{"line":40,"column":27}},{"start":{"line":40,"column":31},"end":{"line":40,"column":42}},{"start":{"line":40,"column":46},"end":{"line":40,"column":null}}]},"3":{"loc":{"start":{"line":41,"column":11},"end":{"line":41,"column":null}},"type":"binary-expr","locations":[{"start":{"line":41,"column":11},"end":{"line":41,"column":26}},{"start":{"line":41,"column":30},"end":{"line":41,"column":null}}]},"4":{"loc":{"start":{"line":42,"column":10},"end":{"line":42,"column":null}},"type":"binary-expr","locations":[{"start":{"line":42,"column":10},"end":{"line":42,"column":23}},{"start":{"line":42,"column":27},"end":{"line":42,"column":null}}]},"5":{"loc":{"start":{"line":43,"column":10},"end":{"line":43,"column":null}},"type":"binary-expr","locations":[{"start":{"line":43,"column":10},"end":{"line":43,"column":25}},{"start":{"line":43,"column":29},"end":{"line":43,"column":null}}]},"6":{"loc":{"start":{"line":44,"column":10},"end":{"line":44,"column":null}},"type":"binary-expr","locations":[{"start":{"line":44,"column":10},"end":{"line":44,"column":22}},{"start":{"line":44,"column":26},"end":{"line":44,"column":null}}]},"7":{"loc":{"start":{"line":45,"column":10},"end":{"line":45,"column":null}},"type":"binary-expr","locations":[{"start":{"line":45,"column":10},"end":{"line":45,"column":26}},{"start":{"line":45,"column":30},"end":{"line":45,"column":null}}]},"8":{"loc":{"start":{"line":48,"column":16},"end":{"line":48,"column":null}},"type":"binary-expr","locations":[{"start":{"line":48,"column":16},"end":{"line":48,"column":24}},{"start":{"line":48,"column":24},"end":{"line":48,"column":null}}]}},"s":{"0":0,"1":2,"2":0,"3":0,"4":0,"5":0,"6":0},"f":{"0":0,"1":0},"b":{"0":[0,0],"1":[0,0],"2":[0,0,0],"3":[0,0],"4":[0,0],"5":[0,0],"6":[0,0],"7":[0,0],"8":[0,0]}}
,"/Users/jrpj2010/vibe-coding/app/import/14_tanren-emotion-analysis/components/emotion-radar-chart.tsx": {"path":"/Users/jrpj2010/vibe-coding/app/import/14_tanren-emotion-analysis/components/emotion-radar-chart.tsx","statementMap":{"0":{"start":{"line":10,"column":24},"end":{"line":10,"column":42}},"1":{"start":{"line":3,"column":99},"end":{"line":3,"column":null}},"2":{"start":{"line":12,"column":20},"end":{"line":26,"column":null}}},"fnMap":{"0":{"name":"EmotionRadarChart","decl":{"start":{"line":10,"column":24},"end":{"line":10,"column":42}},"loc":{"start":{"line":10,"column":74},"end":{"line":52,"column":null}}}},"branchMap":{"0":{"loc":{"start":{"line":12,"column":20},"end":{"line":26,"column":null}},"type":"cond-expr","locations":[{"start":{"line":12,"column":27},"end":{"line":19,"column":6}},{"start":{"line":19,"column":6},"end":{"line":26,"column":null}}]},"1":{"loc":{"start":{"line":13,"column":28},"end":{"line":13,"column":60}},"type":"binary-expr","locations":[{"start":{"line":13,"column":28},"end":{"line":13,"column":42}},{"start":{"line":13,"column":46},"end":{"line":13,"column":54}},{"start":{"line":13,"column":58},"end":{"line":13,"column":60}}]},"2":{"loc":{"start":{"line":14,"column":29},"end":{"line":14,"column":47}},"type":"binary-expr","locations":[{"start":{"line":14,"column":29},"end":{"line":14,"column":41}},{"start":{"line":14,"column":45},"end":{"line":14,"column":47}}]},"3":{"loc":{"start":{"line":15,"column":28},"end":{"line":15,"column":44}},"type":"binary-expr","locations":[{"start":{"line":15,"column":28},"end":{"line":15,"column":38}},{"start":{"line":15,"column":42},"end":{"line":15,"column":44}}]},"4":{"loc":{"start":{"line":16,"column":28},"end":{"line":16,"column":46}},"type":"binary-expr","locations":[{"start":{"line":16,"column":28},"end":{"line":16,"column":40}},{"start":{"line":16,"column":44},"end":{"line":16,"column":46}}]},"5":{"loc":{"start":{"line":17,"column":28},"end":{"line":17,"column":43}},"type":"binary-expr","locations":[{"start":{"line":17,"column":28},"end":{"line":17,"column":37}},{"start":{"line":17,"column":41},"end":{"line":17,"column":43}}]},"6":{"loc":{"start":{"line":18,"column":28},"end":{"line":18,"column":47}},"type":"binary-expr","locations":[{"start":{"line":18,"column":28},"end":{"line":18,"column":41}},{"start":{"line":18,"column":45},"end":{"line":18,"column":47}}]},"7":{"loc":{"start":{"line":30,"column":7},"end":{"line":30,"column":null}},"type":"binary-expr","locations":[{"start":{"line":30,"column":7},"end":{"line":30,"column":null}}]},"8":{"loc":{"start":{"line":37,"column":30},"end":{"line":37,"column":null}},"type":"cond-expr","locations":[{"start":{"line":37,"column":37},"end":{"line":37,"column":41}},{"start":{"line":37,"column":41},"end":{"line":37,"column":null}}]},"9":{"loc":{"start":{"line":38,"column":73},"end":{"line":38,"column":null}},"type":"cond-expr","locations":[{"start":{"line":38,"column":80},"end":{"line":38,"column":84}},{"start":{"line":38,"column":84},"end":{"line":38,"column":null}}]},"10":{"loc":{"start":{"line":39,"column":85},"end":{"line":39,"column":null}},"type":"cond-expr","locations":[{"start":{"line":39,"column":92},"end":{"line":39,"column":96}},{"start":{"line":39,"column":96},"end":{"line":39,"column":null}}]},"11":{"loc":{"start":{"line":45,"column":25},"end":{"line":45,"column":null}},"type":"cond-expr","locations":[{"start":{"line":45,"column":32},"end":{"line":45,"column":38}},{"start":{"line":45,"column":38},"end":{"line":45,"column":null}}]}},"s":{"0":2880,"1":8,"2":2867},"f":{"0":2867},"b":{"0":[1450,1417],"1":[1450,0,0],"2":[1450,0],"3":[1450,0],"4":[1450,0],"5":[1450,0],"6":[1450,0],"7":[2867],"8":[1450,1417],"9":[1450,1417],"10":[1450,1417],"11":[1450,1417]}}
,"/Users/jrpj2010/vibe-coding/app/import/14_tanren-emotion-analysis/components/emotion-trend-chart.tsx": {"path":"/Users/jrpj2010/vibe-coding/app/import/14_tanren-emotion-analysis/components/emotion-trend-chart.tsx","statementMap":{"0":{"start":{"line":16,"column":24},"end":{"line":16,"column":42}},"1":{"start":{"line":3,"column":75},"end":{"line":3,"column":null}},"2":{"start":{"line":18,"column":18},"end":{"line":18,"column":null}}},"fnMap":{"0":{"name":"EmotionTrendChart","decl":{"start":{"line":16,"column":24},"end":{"line":16,"column":42}},"loc":{"start":{"line":16,"column":74},"end":{"line":43,"column":null}}}},"branchMap":{"0":{"loc":{"start":{"line":18,"column":18},"end":{"line":18,"column":null}},"type":"binary-expr","locations":[{"start":{"line":18,"column":18},"end":{"line":18,"column":26}},{"start":{"line":18,"column":26},"end":{"line":18,"column":null}}]},"1":{"loc":{"start":{"line":22,"column":7},"end":{"line":22,"column":null}},"type":"binary-expr","locations":[{"start":{"line":22,"column":7},"end":{"line":22,"column":null}}]},"2":{"loc":{"start":{"line":28,"column":25},"end":{"line":28,"column":44}},"type":"cond-expr","locations":[{"start":{"line":28,"column":35},"end":{"line":28,"column":42}},{"start":{"line":28,"column":42},"end":{"line":28,"column":44}}]},"3":{"loc":{"start":{"line":29,"column":61},"end":{"line":29,"column":null}},"type":"cond-expr","locations":[{"start":{"line":29,"column":71},"end":{"line":29,"column":75}},{"start":{"line":29,"column":75},"end":{"line":29,"column":null}}]},"4":{"loc":{"start":{"line":30,"column":46},"end":{"line":30,"column":65}},"type":"cond-expr","locations":[{"start":{"line":30,"column":56},"end":{"line":30,"column":60}},{"start":{"line":30,"column":60},"end":{"line":30,"column":65}}]},"5":{"loc":{"start":{"line":31,"column":27},"end":{"line":31,"column":null}},"type":"cond-expr","locations":[{"start":{"line":31,"column":37},"end":{"line":31,"column":41}},{"start":{"line":31,"column":41},"end":{"line":31,"column":null}}]},"6":{"loc":{"start":{"line":32,"column":11},"end":{"line":32,"column":null}},"type":"binary-expr","locations":[{"start":{"line":32,"column":11},"end":{"line":32,"column":null}}]}},"s":{"0":2892,"1":7,"2":2880},"f":{"0":2880},"b":{"0":[2880,2878],"1":[2880],"2":[1466,1414],"3":[1466,1414],"4":[1466,1414],"5":[1466,1414],"6":[2880]}}
,"/Users/jrpj2010/vibe-coding/app/import/14_tanren-emotion-analysis/components/export-buttons.tsx": {"path":"/Users/jrpj2010/vibe-coding/app/import/14_tanren-emotion-analysis/components/export-buttons.tsx","statementMap":{"0":{"start":{"line":8,"column":16},"end":{"line":8,"column":null}},"1":{"start":{"line":3,"column":18},"end":{"line":3,"column":null}},"2":{"start":{"line":4,"column":23},"end":{"line":4,"column":null}},"3":{"start":{"line":5,"column":25},"end":{"line":5,"column":null}},"4":{"start":{"line":6,"column":36},"end":{"line":6,"column":null}},"5":{"start":{"line":9,"column":68},"end":{"line":9,"column":null}},"6":{"start":{"line":11,"column":28},"end":{"line":26,"column":null}},"7":{"start":{"line":12,"column":4},"end":{"line":12,"column":null}},"8":{"start":{"line":12,"column":41},"end":{"line":12,"column":null}},"9":{"start":{"line":14,"column":23},"end":{"line":14,"column":null}},"10":{"start":{"line":15,"column":17},"end":{"line":15,"column":null}},"11":{"start":{"line":16,"column":16},"end":{"line":16,"column":null}},"12":{"start":{"line":18,"column":17},"end":{"line":18,"column":null}},"13":{"start":{"line":19,"column":4},"end":{"line":19,"column":null}},"14":{"start":{"line":20,"column":4},"end":{"line":20,"column":null}},"15":{"start":{"line":21,"column":4},"end":{"line":21,"column":null}},"16":{"start":{"line":22,"column":4},"end":{"line":22,"column":null}},"17":{"start":{"line":23,"column":4},"end":{"line":23,"column":null}},"18":{"start":{"line":25,"column":4},"end":{"line":25,"column":null}},"19":{"start":{"line":28,"column":28},"end":{"line":46,"column":null}},"20":{"start":{"line":29,"column":4},"end":{"line":29,"column":null}},"21":{"start":{"line":29,"column":41},"end":{"line":29,"column":null}},"22":{"start":{"line":31,"column":4},"end":{"line":45,"column":null}},"23":{"start":{"line":32,"column":22},"end":{"line":32,"column":null}},"24":{"start":{"line":33,"column":18},"end":{"line":33,"column":null}},"25":{"start":{"line":35,"column":19},"end":{"line":35,"column":null}},"26":{"start":{"line":36,"column":6},"end":{"line":36,"column":null}},"27":{"start":{"line":37,"column":6},"end":{"line":37,"column":null}},"28":{"start":{"line":38,"column":6},"end":{"line":38,"column":null}},"29":{"start":{"line":39,"column":6},"end":{"line":39,"column":null}},"30":{"start":{"line":40,"column":6},"end":{"line":40,"column":null}},"31":{"start":{"line":42,"column":6},"end":{"line":42,"column":null}},"32":{"start":{"line":44,"column":6},"end":{"line":44,"column":null}},"33":{"start":{"line":48,"column":21},"end":{"line":48,"column":null}}},"fnMap":{"0":{"name":"ExportButtons","decl":{"start":{"line":8,"column":16},"end":{"line":8,"column":null}},"loc":{"start":{"line":8,"column":16},"end":{"line":73,"column":null}}},"1":{"name":"(anonymous_3)","decl":{"start":{"line":11,"column":28},"end":{"line":11,"column":null}},"loc":{"start":{"line":11,"column":28},"end":{"line":26,"column":null}}},"2":{"name":"(anonymous_4)","decl":{"start":{"line":28,"column":28},"end":{"line":28,"column":null}},"loc":{"start":{"line":28,"column":28},"end":{"line":46,"column":null}}}},"branchMap":{"0":{"loc":{"start":{"line":12,"column":4},"end":{"line":12,"column":null}},"type":"if","locations":[{"start":{"line":12,"column":4},"end":{"line":12,"column":null}}]},"1":{"loc":{"start":{"line":12,"column":8},"end":{"line":12,"column":41}},"type":"binary-expr","locations":[{"start":{"line":12,"column":8},"end":{"line":12,"column":27}},{"start":{"line":12,"column":27},"end":{"line":12,"column":41}}]},"2":{"loc":{"start":{"line":29,"column":4},"end":{"line":29,"column":null}},"type":"if","locations":[{"start":{"line":29,"column":4},"end":{"line":29,"column":null}}]},"3":{"loc":{"start":{"line":29,"column":8},"end":{"line":29,"column":41}},"type":"binary-expr","locations":[{"start":{"line":29,"column":8},"end":{"line":29,"column":27}},{"start":{"line":29,"column":27},"end":{"line":29,"column":41}}]},"4":{"loc":{"start":{"line":48,"column":21},"end":{"line":48,"column":null}},"type":"binary-expr","locations":[{"start":{"line":48,"column":21},"end":{"line":48,"column":40}},{"start":{"line":48,"column":40},"end":{"line":48,"column":null}}]}},"s":{"0":19,"1":2,"2":2,"3":2,"4":2,"5":19,"6":19,"7":6,"8":0,"9":6,"10":6,"11":6,"12":6,"13":6,"14":6,"15":6,"16":6,"17":6,"18":6,"19":19,"20":7,"21":0,"22":7,"23":7,"24":6,"25":6,"26":6,"27":6,"28":6,"29":6,"30":6,"31":6,"32":1,"33":19},"f":{"0":19,"1":6,"2":7},"b":{"0":[0],"1":[6,6],"2":[0],"3":[7,7],"4":[19,15]}}
,"/Users/jrpj2010/vibe-coding/app/import/14_tanren-emotion-analysis/components/face-map-visualization.tsx": {"path":"/Users/jrpj2010/vibe-coding/app/import/14_tanren-emotion-analysis/components/face-map-visualization.tsx","statementMap":{"0":{"start":{"line":7,"column":24},"end":{"line":7,"column":45}}},"fnMap":{"0":{"name":"FaceMapVisualization","decl":{"start":{"line":7,"column":24},"end":{"line":7,"column":45}},"loc":{"start":{"line":7,"column":92},"end":{"line":58,"column":null}}}},"branchMap":{"0":{"loc":{"start":{"line":7,"column":47},"end":{"line":7,"column":63}},"type":"default-arg","locations":[{"start":{"line":7,"column":58},"end":{"line":7,"column":63}}]},"1":{"loc":{"start":{"line":10,"column":7},"end":{"line":10,"column":null}},"type":"binary-expr","locations":[{"start":{"line":10,"column":7},"end":{"line":10,"column":null}}]},"2":{"loc":{"start":{"line":22,"column":19},"end":{"line":22,"column":null}},"type":"cond-expr","locations":[{"start":{"line":22,"column":30},"end":{"line":22,"column":49}},{"start":{"line":22,"column":49},"end":{"line":22,"column":null}}]},"3":{"loc":{"start":{"line":23,"column":26},"end":{"line":23,"column":45}},"type":"cond-expr","locations":[{"start":{"line":23,"column":37},"end":{"line":23,"column":41}},{"start":{"line":23,"column":41},"end":{"line":23,"column":45}}]},"4":{"loc":{"start":{"line":39,"column":9},"end":{"line":39,"column":null}},"type":"binary-expr","locations":[{"start":{"line":39,"column":9},"end":{"line":39,"column":null}}]}},"s":{"0":2871},"f":{"0":2859},"b":{"0":[0],"1":[2859],"2":[2811,48],"3":[2811,48],"4":[2859]}}
,"/Users/jrpj2010/vibe-coding/app/import/14_tanren-emotion-analysis/components/face-map.tsx": {"path":"/Users/jrpj2010/vibe-coding/app/import/14_tanren-emotion-analysis/components/face-map.tsx","statementMap":{"0":{"start":{"line":9,"column":16},"end":{"line":9,"column":24}},"1":{"start":{"line":3,"column":34},"end":{"line":3,"column":null}},"2":{"start":{"line":10,"column":20},"end":{"line":10,"column":null}},"3":{"start":{"line":12,"column":2},"end":{"line":32,"column":null}},"4":{"start":{"line":13,"column":4},"end":{"line":13,"column":null}},"5":{"start":{"line":13,"column":42},"end":{"line":13,"column":null}},"6":{"start":{"line":15,"column":19},"end":{"line":15,"column":36}},"7":{"start":{"line":16,"column":16},"end":{"line":16,"column":null}},"8":{"start":{"line":17,"column":4},"end":{"line":17,"column":null}},"9":{"start":{"line":17,"column":14},"end":{"line":17,"column":null}},"10":{"start":{"line":20,"column":4},"end":{"line":20,"column":null}},"11":{"start":{"line":23,"column":4},"end":{"line":23,"column":null}},"12":{"start":{"line":24,"column":4},"end":{"line":24,"column":null}},"13":{"start":{"line":25,"column":4},"end":{"line":25,"column":null}},"14":{"start":{"line":27,"column":4},"end":{"line":31,"column":null}},"15":{"start":{"line":28,"column":6},"end":{"line":28,"column":null}},"16":{"start":{"line":29,"column":6},"end":{"line":29,"column":null}},"17":{"start":{"line":30,"column":6},"end":{"line":30,"column":null}},"18":{"start":{"line":34,"column":2},"end":{"line":40,"column":null}}},"fnMap":{"0":{"name":"FaceMap","decl":{"start":{"line":9,"column":16},"end":{"line":9,"column":24}},"loc":{"start":{"line":9,"column":51},"end":{"line":50,"column":null}}},"1":{"name":"(anonymous_2)","decl":{"start":{"line":12,"column":12},"end":{"line":12,"column":null}},"loc":{"start":{"line":12,"column":12},"end":{"line":32,"column":5}}},"2":{"name":"(anonymous_3)","decl":{"start":{"line":27,"column":22},"end":{"line":27,"column":23}},"loc":{"start":{"line":27,"column":23},"end":{"line":31,"column":null}}}},"branchMap":{"0":{"loc":{"start":{"line":13,"column":4},"end":{"line":13,"column":null}},"type":"if","locations":[{"start":{"line":13,"column":4},"end":{"line":13,"column":null}}]},"1":{"loc":{"start":{"line":13,"column":8},"end":{"line":13,"column":40}},"type":"binary-expr","locations":[{"start":{"line":13,"column":8},"end":{"line":13,"column":22}},{"start":{"line":13,"column":22},"end":{"line":13,"column":40}}]},"2":{"loc":{"start":{"line":17,"column":4},"end":{"line":17,"column":null}},"type":"if","locations":[{"start":{"line":17,"column":4},"end":{"line":17,"column":null}}]},"3":{"loc":{"start":{"line":34,"column":2},"end":{"line":40,"column":null}},"type":"if","locations":[{"start":{"line":34,"column":2},"end":{"line":40,"column":null}}]}},"s":{"0":9,"1":3,"2":9,"3":9,"4":9,"5":3,"6":6,"7":6,"8":6,"9":6,"10":0,"11":0,"12":0,"13":0,"14":0,"15":0,"16":0,"17":0,"18":9},"f":{"0":9,"1":9,"2":0},"b":{"0":[3],"1":[9,6],"2":[6],"3":[3]}}
,"/Users/jrpj2010/vibe-coding/app/import/14_tanren-emotion-analysis/components/face-metrics-gauge.tsx": {"path":"/Users/jrpj2010/vibe-coding/app/import/14_tanren-emotion-analysis/components/face-metrics-gauge.tsx","statementMap":{"0":{"start":{"line":11,"column":24},"end":{"line":11,"column":41}},"1":{"start":{"line":3,"column":25},"end":{"line":3,"column":null}},"2":{"start":{"line":4,"column":25},"end":{"line":4,"column":null}},"3":{"start":{"line":12,"column":46},"end":{"line":12,"column":null}},"4":{"start":{"line":13,"column":46},"end":{"line":13,"column":null}},"5":{"start":{"line":14,"column":48},"end":{"line":14,"column":null}},"6":{"start":{"line":15,"column":40},"end":{"line":15,"column":null}},"7":{"start":{"line":17,"column":20},"end":{"line":17,"column":null}},"8":{"start":{"line":18,"column":21},"end":{"line":18,"column":null}},"9":{"start":{"line":19,"column":18},"end":{"line":19,"column":null}},"10":{"start":{"line":21,"column":30},"end":{"line":25,"column":null}},"11":{"start":{"line":22,"column":4},"end":{"line":22,"column":null}},"12":{"start":{"line":22,"column":20},"end":{"line":22,"column":null}},"13":{"start":{"line":23,"column":4},"end":{"line":23,"column":null}},"14":{"start":{"line":23,"column":20},"end":{"line":23,"column":null}},"15":{"start":{"line":24,"column":4},"end":{"line":24,"column":null}},"16":{"start":{"line":27,"column":24},"end":{"line":31,"column":null}},"17":{"start":{"line":28,"column":4},"end":{"line":28,"column":null}},"18":{"start":{"line":28,"column":20},"end":{"line":28,"column":null}},"19":{"start":{"line":29,"column":4},"end":{"line":29,"column":null}},"20":{"start":{"line":29,"column":20},"end":{"line":29,"column":null}},"21":{"start":{"line":30,"column":4},"end":{"line":30,"column":null}},"22":{"start":{"line":33,"column":27},"end":{"line":45,"column":null}},"23":{"start":{"line":34,"column":18},"end":{"line":34,"column":null}},"24":{"start":{"line":35,"column":18},"end":{"line":35,"column":null}},"25":{"start":{"line":36,"column":4},"end":{"line":36,"column":null}},"26":{"start":{"line":37,"column":4},"end":{"line":37,"column":null}},"27":{"start":{"line":39,"column":17},"end":{"line":39,"column":null}},"28":{"start":{"line":40,"column":4},"end":{"line":43,"column":null}},"29":{"start":{"line":44,"column":4},"end":{"line":44,"column":null}},"30":{"start":{"line":47,"column":27},"end":{"line":49,"column":null}},"31":{"start":{"line":48,"column":4},"end":{"line":48,"column":null}},"32":{"start":{"line":51,"column":22},"end":{"line":57,"column":null}},"33":{"start":{"line":52,"column":18},"end":{"line":52,"column":null}},"34":{"start":{"line":53,"column":18},"end":{"line":53,"column":null}},"35":{"start":{"line":54,"column":4},"end":{"line":54,"column":null}},"36":{"start":{"line":55,"column":4},"end":{"line":55,"column":null}},"37":{"start":{"line":56,"column":4},"end":{"line":56,"column":null}},"38":{"start":{"line":59,"column":2},"end":{"line":67,"column":null}},"39":{"start":{"line":75,"column":31},"end":{"line":75,"column":null}},"40":{"start":{"line":77,"column":25},"end":{"line":77,"column":null}},"41":{"start":{"line":108,"column":29},"end":{"line":108,"column":null}},"42":{"start":{"line":110,"column":23},"end":{"line":110,"column":null}}},"fnMap":{"0":{"name":"FaceMetricsGauge","decl":{"start":{"line":11,"column":24},"end":{"line":11,"column":41}},"loc":{"start":{"line":11,"column":72},"end":{"line":141,"column":null}}},"1":{"name":"(anonymous_2)","decl":{"start":{"line":21,"column":30},"end":{"line":21,"column":31}},"loc":{"start":{"line":21,"column":31},"end":{"line":25,"column":null}}},"2":{"name":"(anonymous_3)","decl":{"start":{"line":27,"column":24},"end":{"line":27,"column":25}},"loc":{"start":{"line":27,"column":25},"end":{"line":31,"column":null}}},"3":{"name":"(anonymous_4)","decl":{"start":{"line":33,"column":27},"end":{"line":33,"column":28}},"loc":{"start":{"line":33,"column":52},"end":{"line":45,"column":null}}},"4":{"name":"(anonymous_5)","decl":{"start":{"line":47,"column":27},"end":{"line":47,"column":null}},"loc":{"start":{"line":47,"column":27},"end":{"line":49,"column":null}}},"5":{"name":"(anonymous_6)","decl":{"start":{"line":51,"column":22},"end":{"line":51,"column":23}},"loc":{"start":{"line":51,"column":23},"end":{"line":57,"column":null}}},"6":{"name":"(anonymous_7)","decl":{"start":{"line":75,"column":24},"end":{"line":75,"column":25}},"loc":{"start":{"line":75,"column":31},"end":{"line":75,"column":null}}},"7":{"name":"(anonymous_8)","decl":{"start":{"line":77,"column":19},"end":{"line":77,"column":25}},"loc":{"start":{"line":77,"column":25},"end":{"line":77,"column":null}}},"8":{"name":"(anonymous_9)","decl":{"start":{"line":108,"column":22},"end":{"line":108,"column":23}},"loc":{"start":{"line":108,"column":29},"end":{"line":108,"column":null}}},"9":{"name":"(anonymous_10)","decl":{"start":{"line":110,"column":17},"end":{"line":110,"column":23}},"loc":{"start":{"line":110,"column":23},"end":{"line":110,"column":null}}}},"branchMap":{"0":{"loc":{"start":{"line":17,"column":20},"end":{"line":17,"column":null}},"type":"binary-expr","locations":[{"start":{"line":17,"column":20},"end":{"line":17,"column":42}},{"start":{"line":17,"column":42},"end":{"line":17,"column":null}}]},"1":{"loc":{"start":{"line":18,"column":21},"end":{"line":18,"column":null}},"type":"binary-expr","locations":[{"start":{"line":18,"column":21},"end":{"line":18,"column":44}},{"start":{"line":18,"column":44},"end":{"line":18,"column":null}}]},"2":{"loc":{"start":{"line":19,"column":18},"end":{"line":19,"column":null}},"type":"binary-expr","locations":[{"start":{"line":19,"column":18},"end":{"line":19,"column":40}},{"start":{"line":19,"column":40},"end":{"line":19,"column":null}}]},"3":{"loc":{"start":{"line":22,"column":4},"end":{"line":22,"column":null}},"type":"if","locations":[{"start":{"line":22,"column":4},"end":{"line":22,"column":null}}]},"4":{"loc":{"start":{"line":23,"column":4},"end":{"line":23,"column":null}},"type":"if","locations":[{"start":{"line":23,"column":4},"end":{"line":23,"column":null}}]},"5":{"loc":{"start":{"line":28,"column":4},"end":{"line":28,"column":null}},"type":"if","locations":[{"start":{"line":28,"column":4},"end":{"line":28,"column":null}}]},"6":{"loc":{"start":{"line":29,"column":4},"end":{"line":29,"column":null}},"type":"if","locations":[{"start":{"line":29,"column":4},"end":{"line":29,"column":null}}]},"7":{"loc":{"start":{"line":34,"column":18},"end":{"line":34,"column":null}},"type":"cond-expr","locations":[{"start":{"line":34,"column":36},"end":{"line":34,"column":48}},{"start":{"line":34,"column":48},"end":{"line":34,"column":null}}]},"8":{"loc":{"start":{"line":35,"column":18},"end":{"line":35,"column":null}},"type":"cond-expr","locations":[{"start":{"line":35,"column":36},"end":{"line":35,"column":45}},{"start":{"line":35,"column":45},"end":{"line":35,"column":null}}]},"9":{"loc":{"start":{"line":52,"column":18},"end":{"line":52,"column":null}},"type":"cond-expr","locations":[{"start":{"line":52,"column":36},"end":{"line":52,"column":48}},{"start":{"line":52,"column":48},"end":{"line":52,"column":null}}]},"10":{"loc":{"start":{"line":53,"column":18},"end":{"line":53,"column":null}},"type":"cond-expr","locations":[{"start":{"line":53,"column":36},"end":{"line":53,"column":45}},{"start":{"line":53,"column":45},"end":{"line":53,"column":null}}]},"11":{"loc":{"start":{"line":59,"column":2},"end":{"line":67,"column":null}},"type":"if","locations":[{"start":{"line":59,"column":2},"end":{"line":67,"column":null}}]},"12":{"loc":{"start":{"line":122,"column":7},"end":{"line":122,"column":null}},"type":"binary-expr","locations":[{"start":{"line":122,"column":7},"end":{"line":122,"column":null}}]},"13":{"loc":{"start":{"line":125,"column":119},"end":{"line":125,"column":169}},"type":"cond-expr","locations":[{"start":{"line":125,"column":144},"end":{"line":125,"column":156}},{"start":{"line":125,"column":156},"end":{"line":125,"column":169}}]}},"s":{"0":2889,"1":8,"2":8,"3":2891,"4":2891,"5":2891,"6":2891,"7":2891,"8":2891,"9":2891,"10":2891,"11":13,"12":2,"13":11,"14":3,"15":8,"16":2891,"17":13,"18":2,"19":11,"20":3,"21":8,"22":2891,"23":12,"24":12,"25":12,"26":12,"27":12,"28":12,"29":12,"30":2891,"31":2,"32":2891,"33":1,"34":1,"35":1,"36":1,"37":1,"38":2891,"39":11,"40":1,"41":1,"42":0},"f":{"0":2891,"1":13,"2":13,"3":12,"4":2,"5":1,"6":11,"7":1,"8":1,"9":0},"b":{"0":[2891,1413],"1":[2891,1413],"2":[2891,2890],"3":[2],"4":[3],"5":[2],"6":[3],"7":[11,1],"8":[11,1],"9":[1,0],"10":[1,0],"11":[1413],"12":[1478],"13":[12,1]}}
,"/Users/jrpj2010/vibe-coding/app/import/14_tanren-emotion-analysis/components/realtime-dashboard.tsx": {"path":"/Users/jrpj2010/vibe-coding/app/import/14_tanren-emotion-analysis/components/realtime-dashboard.tsx","statementMap":{"0":{"start":{"line":25,"column":24},"end":{"line":25,"column":null}},"1":{"start":{"line":3,"column":49},"end":{"line":3,"column":null}},"2":{"start":{"line":4,"column":57},"end":{"line":4,"column":null}},"3":{"start":{"line":5,"column":23},"end":{"line":5,"column":null}},"4":{"start":{"line":6,"column":25},"end":{"line":6,"column":null}},"5":{"start":{"line":7,"column":54},"end":{"line":7,"column":null}},"6":{"start":{"line":8,"column":30},"end":{"line":8,"column":null}},"7":{"start":{"line":9,"column":30},"end":{"line":9,"column":null}},"8":{"start":{"line":10,"column":29},"end":{"line":10,"column":null}},"9":{"start":{"line":11,"column":33},"end":{"line":11,"column":null}},"10":{"start":{"line":12,"column":28},"end":{"line":12,"column":null}},"11":{"start":{"line":13,"column":24},"end":{"line":13,"column":null}},"12":{"start":{"line":14,"column":27},"end":{"line":14,"column":null}},"13":{"start":{"line":15,"column":31},"end":{"line":15,"column":null}},"14":{"start":{"line":16,"column":106},"end":{"line":16,"column":null}},"15":{"start":{"line":17,"column":31},"end":{"line":17,"column":null}},"16":{"start":{"line":18,"column":37},"end":{"line":18,"column":null}},"17":{"start":{"line":19,"column":37},"end":{"line":19,"column":null}},"18":{"start":{"line":20,"column":35},"end":{"line":20,"column":null}},"19":{"start":{"line":21,"column":36},"end":{"line":21,"column":null}},"20":{"start":{"line":22,"column":34},"end":{"line":22,"column":null}},"21":{"start":{"line":23,"column":26},"end":{"line":23,"column":null}},"22":{"start":{"line":26,"column":17},"end":{"line":26,"column":null}},"23":{"start":{"line":27,"column":50},"end":{"line":27,"column":null}},"24":{"start":{"line":29,"column":40},"end":{"line":29,"column":null}},"25":{"start":{"line":30,"column":44},"end":{"line":30,"column":null}},"26":{"start":{"line":31,"column":46},"end":{"line":31,"column":null}},"27":{"start":{"line":32,"column":54},"end":{"line":32,"column":null}},"28":{"start":{"line":33,"column":50},"end":{"line":33,"column":null}},"29":{"start":{"line":34,"column":44},"end":{"line":34,"column":null}},"30":{"start":{"line":35,"column":42},"end":{"line":35,"column":null}},"31":{"start":{"line":36,"column":52},"end":{"line":36,"column":null}},"32":{"start":{"line":37,"column":58},"end":{"line":37,"column":null}},"33":{"start":{"line":40,"column":90},"end":{"line":40,"column":null}},"34":{"start":{"line":50,"column":6},"end":{"line":50,"column":null}},"35":{"start":{"line":53,"column":39},"end":{"line":55,"column":null}},"36":{"start":{"line":67,"column":6},"end":{"line":69,"column":null}},"37":{"start":{"line":86,"column":6},"end":{"line":88,"column":null}},"38":{"start":{"line":91,"column":2},"end":{"line":95,"column":null}},"39":{"start":{"line":92,"column":4},"end":{"line":94,"column":null}},"40":{"start":{"line":93,"column":6},"end":{"line":93,"column":null}},"41":{"start":{"line":98,"column":2},"end":{"line":107,"column":null}},"42":{"start":{"line":99,"column":4},"end":{"line":106,"column":null}},"43":{"start":{"line":100,"column":6},"end":{"line":105,"column":null}},"44":{"start":{"line":110,"column":2},"end":{"line":114,"column":null}},"45":{"start":{"line":111,"column":4},"end":{"line":113,"column":null}},"46":{"start":{"line":112,"column":6},"end":{"line":112,"column":null}},"47":{"start":{"line":117,"column":2},"end":{"line":174,"column":null}},"48":{"start":{"line":119,"column":4},"end":{"line":172,"column":null}},"49":{"start":{"line":120,"column":6},"end":{"line":171,"column":null}},"50":{"start":{"line":121,"column":8},"end":{"line":121,"column":null}},"51":{"start":{"line":121,"column":35},"end":{"line":121,"column":null}},"52":{"start":{"line":124,"column":8},"end":{"line":166,"column":null}},"53":{"start":{"line":125,"column":43},"end":{"line":134,"column":null}},"54":{"start":{"line":135,"column":10},"end":{"line":135,"column":null}},"55":{"start":{"line":138,"column":27},"end":{"line":138,"column":null}},"56":{"start":{"line":139,"column":27},"end":{"line":139,"column":null}},"57":{"start":{"line":140,"column":26},"end":{"line":140,"column":null}},"58":{"start":{"line":142,"column":10},"end":{"line":150,"column":null}},"59":{"start":{"line":143,"column":31},"end":{"line":148,"column":null}},"60":{"start":{"line":149,"column":12},"end":{"line":149,"column":null}},"61":{"start":{"line":153,"column":26},"end":{"line":153,"column":null}},"62":{"start":{"line":154,"column":28},"end":{"line":154,"column":null}},"63":{"start":{"line":155,"column":10},"end":{"line":155,"column":null}},"64":{"start":{"line":157,"column":10},"end":{"line":165,"column":null}},"65":{"start":{"line":158,"column":31},"end":{"line":163,"column":null}},"66":{"start":{"line":164,"column":12},"end":{"line":164,"column":null}},"67":{"start":{"line":169,"column":28},"end":{"line":169,"column":null}},"68":{"start":{"line":170,"column":8},"end":{"line":170,"column":null}},"69":{"start":{"line":173,"column":4},"end":{"line":173,"column":null}},"70":{"start":{"line":173,"column":17},"end":{"line":173,"column":null}},"71":{"start":{"line":176,"column":31},"end":{"line":209,"column":null}},"72":{"start":{"line":177,"column":4},"end":{"line":177,"column":null}},"73":{"start":{"line":178,"column":4},"end":{"line":178,"column":null}},"74":{"start":{"line":179,"column":4},"end":{"line":179,"column":null}},"75":{"start":{"line":180,"column":4},"end":{"line":180,"column":null}},"76":{"start":{"line":182,"column":4},"end":{"line":208,"column":null}},"77":{"start":{"line":184,"column":26},"end":{"line":184,"column":null}},"78":{"start":{"line":186,"column":6},"end":{"line":204,"column":null}},"79":{"start":{"line":187,"column":8},"end":{"line":187,"column":null}},"80":{"start":{"line":190,"column":8},"end":{"line":190,"column":null}},"81":{"start":{"line":193,"column":8},"end":{"line":193,"column":null}},"82":{"start":{"line":196,"column":8},"end":{"line":196,"column":null}},"83":{"start":{"line":197,"column":8},"end":{"line":197,"column":null}},"84":{"start":{"line":198,"column":8},"end":{"line":198,"column":null}},"85":{"start":{"line":200,"column":8},"end":{"line":200,"column":null}},"86":{"start":{"line":202,"column":8},"end":{"line":202,"column":null}},"87":{"start":{"line":203,"column":8},"end":{"line":203,"column":null}},"88":{"start":{"line":206,"column":6},"end":{"line":206,"column":null}},"89":{"start":{"line":207,"column":6},"end":{"line":207,"column":null}},"90":{"start":{"line":211,"column":30},"end":{"line":250,"column":null}},"91":{"start":{"line":212,"column":4},"end":{"line":212,"column":null}},"92":{"start":{"line":215,"column":4},"end":{"line":215,"column":null}},"93":{"start":{"line":216,"column":4},"end":{"line":216,"column":null}},"94":{"start":{"line":217,"column":4},"end":{"line":217,"column":null}},"95":{"start":{"line":220,"column":4},"end":{"line":220,"column":null}},"96":{"start":{"line":220,"column":33},"end":{"line":220,"column":null}},"97":{"start":{"line":222,"column":4},"end":{"line":222,"column":null}},"98":{"start":{"line":223,"column":4},"end":{"line":223,"column":null}},"99":{"start":{"line":226,"column":4},"end":{"line":226,"column":null}},"100":{"start":{"line":226,"column":33},"end":{"line":226,"column":null}},"101":{"start":{"line":229,"column":4},"end":{"line":249,"column":null}},"102":{"start":{"line":230,"column":6},"end":{"line":236,"column":null}},"103":{"start":{"line":238,"column":21},"end":{"line":238,"column":null}},"104":{"start":{"line":239,"column":6},"end":{"line":246,"column":null}},"105":{"start":{"line":240,"column":8},"end":{"line":240,"column":null}},"106":{"start":{"line":242,"column":8},"end":{"line":242,"column":null}},"107":{"start":{"line":244,"column":8},"end":{"line":244,"column":null}},"108":{"start":{"line":245,"column":8},"end":{"line":245,"column":null}},"109":{"start":{"line":248,"column":6},"end":{"line":248,"column":null}},"110":{"start":{"line":252,"column":25},"end":{"line":257,"column":null}},"111":{"start":{"line":253,"column":21},"end":{"line":253,"column":null}},"112":{"start":{"line":254,"column":4},"end":{"line":256,"column":null}},"113":{"start":{"line":255,"column":6},"end":{"line":255,"column":null}},"114":{"start":{"line":259,"column":27},"end":{"line":274,"column":null}},"115":{"start":{"line":260,"column":4},"end":{"line":273,"column":null}},"116":{"start":{"line":261,"column":6},"end":{"line":261,"column":null}},"117":{"start":{"line":264,"column":6},"end":{"line":264,"column":null}},"118":{"start":{"line":264,"column":35},"end":{"line":264,"column":null}},"119":{"start":{"line":267,"column":6},"end":{"line":267,"column":null}},"120":{"start":{"line":269,"column":6},"end":{"line":269,"column":null}},"121":{"start":{"line":272,"column":6},"end":{"line":272,"column":null}},"122":{"start":{"line":489,"column":23},"end":{"line":489,"column":null}}},"fnMap":{"0":{"name":"RealtimeDashboard","decl":{"start":{"line":25,"column":24},"end":{"line":25,"column":null}},"loc":{"start":{"line":25,"column":24},"end":{"line":495,"column":null}}},"1":{"name":"(anonymous_3)","decl":{"start":{"line":91,"column":12},"end":{"line":91,"column":null}},"loc":{"start":{"line":91,"column":12},"end":{"line":95,"column":5}}},"2":{"name":"(anonymous_4)","decl":{"start":{"line":98,"column":12},"end":{"line":98,"column":null}},"loc":{"start":{"line":98,"column":12},"end":{"line":107,"column":5}}},"3":{"name":"(anonymous_5)","decl":{"start":{"line":110,"column":12},"end":{"line":110,"column":null}},"loc":{"start":{"line":110,"column":12},"end":{"line":114,"column":5}}},"4":{"name":"(anonymous_6)","decl":{"start":{"line":117,"column":12},"end":{"line":117,"column":null}},"loc":{"start":{"line":117,"column":12},"end":{"line":174,"column":5}}},"5":{"name":"(anonymous_7)","decl":{"start":{"line":120,"column":29},"end":{"line":120,"column":null}},"loc":{"start":{"line":120,"column":29},"end":{"line":171,"column":9}}},"6":{"name":"(anonymous_8)","decl":{"start":{"line":121,"column":25},"end":{"line":121,"column":26}},"loc":{"start":{"line":121,"column":35},"end":{"line":121,"column":null}}},"7":{"name":"(anonymous_9)","decl":{"start":{"line":142,"column":30},"end":{"line":142,"column":31}},"loc":{"start":{"line":142,"column":31},"end":{"line":150,"column":null}}},"8":{"name":"(anonymous_10)","decl":{"start":{"line":157,"column":30},"end":{"line":157,"column":31}},"loc":{"start":{"line":157,"column":31},"end":{"line":165,"column":null}}},"9":{"name":"(anonymous_11)","decl":{"start":{"line":173,"column":11},"end":{"line":173,"column":17}},"loc":{"start":{"line":173,"column":17},"end":{"line":173,"column":null}}},"10":{"name":"(anonymous_12)","decl":{"start":{"line":176,"column":31},"end":{"line":176,"column":null}},"loc":{"start":{"line":176,"column":31},"end":{"line":209,"column":null}}},"11":{"name":"(anonymous_13)","decl":{"start":{"line":211,"column":30},"end":{"line":211,"column":null}},"loc":{"start":{"line":211,"column":30},"end":{"line":250,"column":null}}},"12":{"name":"(anonymous_14)","decl":{"start":{"line":220,"column":22},"end":{"line":220,"column":33}},"loc":{"start":{"line":220,"column":33},"end":{"line":220,"column":null}}},"13":{"name":"(anonymous_15)","decl":{"start":{"line":226,"column":22},"end":{"line":226,"column":33}},"loc":{"start":{"line":226,"column":33},"end":{"line":226,"column":null}}},"14":{"name":"(anonymous_16)","decl":{"start":{"line":252,"column":25},"end":{"line":252,"column":null}},"loc":{"start":{"line":252,"column":25},"end":{"line":257,"column":null}}},"15":{"name":"(anonymous_17)","decl":{"start":{"line":259,"column":27},"end":{"line":259,"column":null}},"loc":{"start":{"line":259,"column":27},"end":{"line":274,"column":null}}},"16":{"name":"(anonymous_18)","decl":{"start":{"line":264,"column":24},"end":{"line":264,"column":35}},"loc":{"start":{"line":264,"column":35},"end":{"line":264,"column":null}}},"17":{"name":"(anonymous_19)","decl":{"start":{"line":489,"column":17},"end":{"line":489,"column":23}},"loc":{"start":{"line":489,"column":23},"end":{"line":489,"column":null}}}},"branchMap":{"0":{"loc":{"start":{"line":92,"column":4},"end":{"line":94,"column":null}},"type":"if","locations":[{"start":{"line":92,"column":4},"end":{"line":94,"column":null}}]},"1":{"loc":{"start":{"line":92,"column":8},"end":{"line":92,"column":36}},"type":"binary-expr","locations":[{"start":{"line":92,"column":8},"end":{"line":92,"column":23}},{"start":{"line":92,"column":23},"end":{"line":92,"column":36}}]},"2":{"loc":{"start":{"line":99,"column":4},"end":{"line":106,"column":null}},"type":"if","locations":[{"start":{"line":99,"column":4},"end":{"line":106,"column":null}}]},"3":{"loc":{"start":{"line":99,"column":8},"end":{"line":99,"column":71}},"type":"binary-expr","locations":[{"start":{"line":99,"column":8},"end":{"line":99,"column":26}},{"start":{"line":99,"column":26},"end":{"line":99,"column":41}},{"start":{"line":99,"column":41},"end":{"line":99,"column":61}},{"start":{"line":99,"column":61},"end":{"line":99,"column":71}}]},"4":{"loc":{"start":{"line":111,"column":4},"end":{"line":113,"column":null}},"type":"if","locations":[{"start":{"line":111,"column":4},"end":{"line":113,"column":null}}]},"5":{"loc":{"start":{"line":111,"column":8},"end":{"line":111,"column":35}},"type":"binary-expr","locations":[{"start":{"line":111,"column":8},"end":{"line":111,"column":22}},{"start":{"line":111,"column":22},"end":{"line":111,"column":35}}]},"6":{"loc":{"start":{"line":119,"column":4},"end":{"line":172,"column":null}},"type":"if","locations":[{"start":{"line":119,"column":4},"end":{"line":172,"column":null}}]},"7":{"loc":{"start":{"line":124,"column":8},"end":{"line":166,"column":null}},"type":"if","locations":[{"start":{"line":124,"column":8},"end":{"line":166,"column":null}},{"start":{"line":151,"column":15},"end":{"line":166,"column":null}}]},"8":{"loc":{"start":{"line":186,"column":6},"end":{"line":204,"column":null}},"type":"if","locations":[{"start":{"line":186,"column":6},"end":{"line":204,"column":null}},{"start":{"line":201,"column":13},"end":{"line":204,"column":null}}]},"9":{"loc":{"start":{"line":229,"column":4},"end":{"line":249,"column":null}},"type":"if","locations":[{"start":{"line":229,"column":4},"end":{"line":249,"column":null}},{"start":{"line":247,"column":11},"end":{"line":249,"column":null}}]},"10":{"loc":{"start":{"line":239,"column":6},"end":{"line":246,"column":null}},"type":"if","locations":[{"start":{"line":239,"column":6},"end":{"line":246,"column":null}},{"start":{"line":243,"column":13},"end":{"line":246,"column":null}}]},"11":{"loc":{"start":{"line":254,"column":4},"end":{"line":256,"column":null}},"type":"if","locations":[{"start":{"line":254,"column":4},"end":{"line":256,"column":null}}]},"12":{"loc":{"start":{"line":254,"column":8},"end":{"line":254,"column":36}},"type":"binary-expr","locations":[{"start":{"line":254,"column":8},"end":{"line":254,"column":20}},{"start":{"line":254,"column":20},"end":{"line":254,"column":36}}]},"13":{"loc":{"start":{"line":260,"column":4},"end":{"line":273,"column":null}},"type":"if","locations":[{"start":{"line":260,"column":4},"end":{"line":273,"column":null}}]},"14":{"loc":{"start":{"line":292,"column":17},"end":{"line":292,"column":null}},"type":"binary-expr","locations":[{"start":{"line":292,"column":17},"end":{"line":292,"column":null}}]},"15":{"loc":{"start":{"line":302,"column":39},"end":{"line":302,"column":null}},"type":"cond-expr","locations":[{"start":{"line":302,"column":53},"end":{"line":302,"column":70}},{"start":{"line":302,"column":70},"end":{"line":302,"column":null}}]},"16":{"loc":{"start":{"line":303,"column":15},"end":{"line":303,"column":null}},"type":"binary-expr","locations":[{"start":{"line":303,"column":15},"end":{"line":303,"column":null}}]},"17":{"loc":{"start":{"line":311,"column":15},"end":{"line":311,"column":null}},"type":"binary-expr","locations":[{"start":{"line":311,"column":15},"end":{"line":311,"column":null}}]},"18":{"loc":{"start":{"line":319,"column":15},"end":{"line":319,"column":null}},"type":"binary-expr","locations":[{"start":{"line":319,"column":15},"end":{"line":319,"column":null}}]},"19":{"loc":{"start":{"line":334,"column":39},"end":{"line":334,"column":74}},"type":"cond-expr","locations":[{"start":{"line":334,"column":53},"end":{"line":334,"column":72}},{"start":{"line":334,"column":72},"end":{"line":334,"column":74}}]},"20":{"loc":{"start":{"line":350,"column":17},"end":{"line":350,"column":null}},"type":"binary-expr","locations":[{"start":{"line":350,"column":17},"end":{"line":350,"column":null}}]},"21":{"loc":{"start":{"line":373,"column":18},"end":{"line":383,"column":null}},"type":"cond-expr","locations":[{"start":{"line":373,"column":18},"end":{"line":383,"column":null}}]},"22":{"loc":{"start":{"line":372,"column":17},"end":{"line":372,"column":null}},"type":"binary-expr","locations":[{"start":{"line":372,"column":17},"end":{"line":372,"column":33}},{"start":{"line":372,"column":33},"end":{"line":372,"column":null}}]},"23":{"loc":{"start":{"line":384,"column":18},"end":{"line":394,"column":null}},"type":"cond-expr","locations":[{"start":{"line":384,"column":18},"end":{"line":394,"column":null}}]},"24":{"loc":{"start":{"line":415,"column":32},"end":{"line":415,"column":null}},"type":"binary-expr","locations":[{"start":{"line":415,"column":32},"end":{"line":415,"column":51}},{"start":{"line":415,"column":51},"end":{"line":415,"column":null}}]},"25":{"loc":{"start":{"line":419,"column":24},"end":{"line":424,"column":null}},"type":"cond-expr","locations":[{"start":{"line":419,"column":24},"end":{"line":424,"column":null}}]},"26":{"loc":{"start":{"line":430,"column":21},"end":{"line":430,"column":null}},"type":"binary-expr","locations":[{"start":{"line":430,"column":21},"end":{"line":430,"column":null}}]},"27":{"loc":{"start":{"line":455,"column":38},"end":{"line":455,"column":null}},"type":"cond-expr","locations":[{"start":{"line":455,"column":52},"end":{"line":455,"column":73}},{"start":{"line":455,"column":73},"end":{"line":455,"column":null}}]}},"s":{"0":57,"1":7,"2":7,"3":7,"4":7,"5":7,"6":7,"7":7,"8":7,"9":7,"10":7,"11":7,"12":7,"13":7,"14":7,"15":7,"16":7,"17":7,"18":7,"19":7,"20":7,"21":7,"22":2894,"23":2894,"24":2894,"25":2894,"26":2894,"27":2894,"28":2894,"29":2894,"30":2894,"31":2894,"32":2894,"33":2894,"34":2894,"35":2894,"36":2894,"37":2894,"38":2894,"39":59,"40":0,"41":2894,"42":59,"43":0,"44":2894,"45":59,"46":0,"47":2894,"48":57,"49":20,"50":10,"51":9,"52":10,"53":0,"54":0,"55":0,"56":0,"57":0,"58":0,"59":0,"60":0,"61":10,"62":10,"63":10,"64":10,"65":9,"66":9,"67":10,"68":10,"69":57,"70":57,"71":2894,"72":20,"73":20,"74":20,"75":20,"76":20,"77":20,"78":19,"79":11,"80":11,"81":11,"82":11,"83":11,"84":11,"85":11,"86":8,"87":8,"88":1,"89":1,"90":2894,"91":0,"92":0,"93":0,"94":0,"95":0,"96":0,"97":0,"98":0,"99":0,"100":0,"101":0,"102":0,"103":0,"104":0,"105":0,"106":0,"107":0,"108":0,"109":0,"110":2894,"111":0,"112":0,"113":0,"114":2894,"115":0,"116":0,"117":0,"118":0,"119":0,"120":0,"121":0,"122":0},"f":{"0":2894,"1":59,"2":59,"3":59,"4":57,"5":10,"6":9,"7":0,"8":9,"9":57,"10":20,"11":0,"12":0,"13":0,"14":0,"15":0,"16":0,"17":0},"b":{"0":[0],"1":[59,0],"2":[0],"3":[59,0,0,0],"4":[0],"5":[59,0],"6":[20],"7":[0,10],"8":[11,8],"9":[0,0],"10":[0,0],"11":[0],"12":[0,0],"13":[0],"14":[2894],"15":[2814,80],"16":[2894],"17":[2894],"18":[2894],"19":[2814,80],"20":[2894],"21":[80],"22":[2894,80],"23":[2814],"24":[0,0],"25":[0],"26":[0],"27":[2814,80]}}
,"/Users/jrpj2010/vibe-coding/app/import/14_tanren-emotion-analysis/components/sentiment-trend-chart.tsx": {"path":"/Users/jrpj2010/vibe-coding/app/import/14_tanren-emotion-analysis/components/sentiment-trend-chart.tsx","statementMap":{"0":{"start":{"line":16,"column":24},"end":{"line":16,"column":44}},"1":{"start":{"line":3,"column":75},"end":{"line":3,"column":null}},"2":{"start":{"line":17,"column":22},"end":{"line":28,"column":null}},"3":{"start":{"line":30,"column":20},"end":{"line":30,"column":null}}},"fnMap":{"0":{"name":"SentimentTrendChart","decl":{"start":{"line":16,"column":24},"end":{"line":16,"column":44}},"loc":{"start":{"line":16,"column":78},"end":{"line":45,"column":null}}}},"branchMap":{"0":{"loc":{"start":{"line":30,"column":20},"end":{"line":30,"column":null}},"type":"binary-expr","locations":[{"start":{"line":30,"column":20},"end":{"line":30,"column":28}},{"start":{"line":30,"column":28},"end":{"line":30,"column":null}}]}},"s":{"0":0,"1":2,"2":0,"3":0},"f":{"0":0},"b":{"0":[0,0]}}
,"/Users/jrpj2010/vibe-coding/app/import/14_tanren-emotion-analysis/components/session-recording.tsx": {"path":"/Users/jrpj2010/vibe-coding/app/import/14_tanren-emotion-analysis/components/session-recording.tsx","statementMap":{"0":{"start":{"line":15,"column":16},"end":{"line":15,"column":33}},"1":{"start":{"line":16,"column":2},"end":{"line":22,"column":null}},"2":{"start":{"line":35,"column":10},"end":{"line":35,"column":32}}},"fnMap":{"0":{"name":"SessionRecording","decl":{"start":{"line":15,"column":16},"end":{"line":15,"column":33}},"loc":{"start":{"line":15,"column":89},"end":{"line":52,"column":null}}},"1":{"name":"(anonymous_2)","decl":{"start":{"line":34,"column":22},"end":{"line":34,"column":23}},"loc":{"start":{"line":35,"column":10},"end":{"line":35,"column":32}}}},"branchMap":{"0":{"loc":{"start":{"line":15,"column":45},"end":{"line":15,"column":64}},"type":"default-arg","locations":[{"start":{"line":15,"column":59},"end":{"line":15,"column":64}}]},"1":{"loc":{"start":{"line":16,"column":2},"end":{"line":22,"column":null}},"type":"if","locations":[{"start":{"line":16,"column":2},"end":{"line":22,"column":null}}]},"2":{"loc":{"start":{"line":26,"column":7},"end":{"line":26,"column":null}},"type":"binary-expr","locations":[{"start":{"line":26,"column":7},"end":{"line":26,"column":null}}]},"3":{"loc":{"start":{"line":41,"column":15},"end":{"line":41,"column":31}},"type":"binary-expr","locations":[{"start":{"line":41,"column":15},"end":{"line":41,"column":31}}]}},"s":{"0":2,"1":2,"2":0},"f":{"0":2,"1":0},"b":{"0":[2],"1":[2],"2":[0],"3":[0]}}
,"/Users/jrpj2010/vibe-coding/app/import/14_tanren-emotion-analysis/components/transcript-area.tsx": {"path":"/Users/jrpj2010/vibe-coding/app/import/14_tanren-emotion-analysis/components/transcript-area.tsx","statementMap":{"0":{"start":{"line":12,"column":24},"end":{"line":12,"column":39}},"1":{"start":{"line":3,"column":34},"end":{"line":3,"column":null}},"2":{"start":{"line":18,"column":29},"end":{"line":18,"column":null}},"3":{"start":{"line":19,"column":35},"end":{"line":19,"column":null}},"4":{"start":{"line":22,"column":2},"end":{"line":28,"column":null}},"5":{"start":{"line":23,"column":4},"end":{"line":26,"column":null}},"6":{"start":{"line":24,"column":22},"end":{"line":24,"column":48}},"7":{"start":{"line":25,"column":6},"end":{"line":25,"column":null}},"8":{"start":{"line":27,"column":4},"end":{"line":27,"column":null}},"9":{"start":{"line":31,"column":2},"end":{"line":36,"column":null}},"10":{"start":{"line":32,"column":4},"end":{"line":35,"column":null}},"11":{"start":{"line":33,"column":22},"end":{"line":33,"column":48}},"12":{"start":{"line":34,"column":6},"end":{"line":34,"column":null}}},"fnMap":{"0":{"name":"TranscriptArea","decl":{"start":{"line":12,"column":24},"end":{"line":12,"column":39}},"loc":{"start":{"line":17,"column":22},"end":{"line":60,"column":null}}},"1":{"name":"(anonymous_2)","decl":{"start":{"line":22,"column":12},"end":{"line":22,"column":null}},"loc":{"start":{"line":22,"column":12},"end":{"line":28,"column":5}}},"2":{"name":"(anonymous_3)","decl":{"start":{"line":31,"column":12},"end":{"line":31,"column":null}},"loc":{"start":{"line":31,"column":12},"end":{"line":36,"column":5}}}},"branchMap":{"0":{"loc":{"start":{"line":14,"column":2},"end":{"line":14,"column":24}},"type":"default-arg","locations":[{"start":{"line":14,"column":22},"end":{"line":14,"column":24}}]},"1":{"loc":{"start":{"line":16,"column":2},"end":{"line":16,"column":14}},"type":"default-arg","locations":[{"start":{"line":16,"column":10},"end":{"line":16,"column":14}}]},"2":{"loc":{"start":{"line":23,"column":4},"end":{"line":26,"column":null}},"type":"if","locations":[{"start":{"line":23,"column":4},"end":{"line":26,"column":null}}]},"3":{"loc":{"start":{"line":23,"column":8},"end":{"line":23,"column":90}},"type":"binary-expr","locations":[{"start":{"line":23,"column":8},"end":{"line":23,"column":34}},{"start":{"line":23,"column":38},"end":{"line":23,"column":90}}]},"4":{"loc":{"start":{"line":32,"column":4},"end":{"line":35,"column":null}},"type":"if","locations":[{"start":{"line":32,"column":4},"end":{"line":35,"column":null}}]},"5":{"loc":{"start":{"line":32,"column":8},"end":{"line":32,"column":57}},"type":"binary-expr","locations":[{"start":{"line":32,"column":8},"end":{"line":32,"column":34}},{"start":{"line":32,"column":38},"end":{"line":32,"column":57}}]},"6":{"loc":{"start":{"line":46,"column":9},"end":{"line":46,"column":null}},"type":"binary-expr","locations":[{"start":{"line":46,"column":9},"end":{"line":46,"column":null}}]},"7":{"loc":{"start":{"line":49,"column":9},"end":{"line":49,"column":24}},"type":"binary-expr","locations":[{"start":{"line":49,"column":9},"end":{"line":49,"column":24}},{"start":{"line":49,"column":24},"end":{"line":49,"column":null}}]},"8":{"loc":{"start":{"line":51,"column":13},"end":{"line":51,"column":null}},"type":"cond-expr","locations":[{"start":{"line":51,"column":27},"end":{"line":51,"column":41}},{"start":{"line":51,"column":41},"end":{"line":51,"column":null}}]},"9":{"loc":{"start":{"line":55,"column":7},"end":{"line":55,"column":null}},"type":"binary-expr","locations":[{"start":{"line":55,"column":7},"end":{"line":55,"column":null}}]}},"s":{"0":2914,"1":8,"2":2895,"3":2895,"4":2895,"5":55,"6":3,"7":3,"8":55,"9":2895,"10":55,"11":3,"12":3},"f":{"0":2895,"1":55,"2":55},"b":{"0":[0],"1":[19],"2":[3],"3":[55,55],"4":[3],"5":[55,55],"6":[2895],"7":[2895,2882],"8":[1,2881],"9":[2895]}}
,"/Users/jrpj2010/vibe-coding/app/import/14_tanren-emotion-analysis/components/transcript-display.tsx": {"path":"/Users/jrpj2010/vibe-coding/app/import/14_tanren-emotion-analysis/components/transcript-display.tsx","statementMap":{"0":{"start":{"line":7,"column":16},"end":{"line":7,"column":34}}},"fnMap":{"0":{"name":"TranscriptDisplay","decl":{"start":{"line":7,"column":16},"end":{"line":7,"column":34}},"loc":{"start":{"line":7,"column":72},"end":{"line":24,"column":null}}}},"branchMap":{"0":{"loc":{"start":{"line":14,"column":8},"end":{"line":18,"column":9}},"type":"cond-expr","locations":[{"start":{"line":14,"column":8},"end":{"line":18,"column":9}}]}},"s":{"0":2},"f":{"0":2},"b":{"0":[0]}}
[...]
":{"start":{"line":20,"column":16},"end":{"line":20,"column":37}},"loc":{"start":{"line":25,"column":30},"end":{"line":189,"column":null}}},"1":{"name":"(anonymous_2)","decl":{"start":{"line":33,"column":12},"end":{"line":33,"column":null}},"loc":{"start":{"line":33,"column":12},"end":{"line":49,"column":5}}},"2":{"name":"(anonymous_3)","decl":{"start":{"line":44,"column":11},"end":{"line":44,"column":null}},"loc":{"start":{"line":44,"column":11},"end":{"line":48,"column":null}}},"3":{"name":"(anonymous_4)","decl":{"start":{"line":52,"column":35},"end":{"line":52,"column":null}},"loc":{"start":{"line":52,"column":35},"end":{"line":112,"column":5}}},"4":{"name":"(anonymous_5)","decl":{"start":{"line":115,"column":35},"end":{"line":115,"column":null}},"loc":{"start":{"line":115,"column":35},"end":{"line":150,"column":5}}},"5":{"name":"(anonymous_6)","decl":{"start":{"line":128,"column":30},"end":{"line":128,"column":31}},"loc":{"start":{"line":128,"column":31},"end":{"line":137,"column":null}}},"6":{"name":"(anonymous_7)","decl":{"start":{"line":129,"column":27},"end":{"line":129,"column":null}},"loc":{"start":{"line":129,"column":27},"end":{"line":135,"column":null}}},"7":{"name":"(anonymous_8)","decl":{"start":{"line":143,"column":40},"end":{"line":143,"column":null}},"loc":{"start":{"line":143,"column":40},"end":{"line":145,"column":9}}},"8":{"name":"(anonymous_9)","decl":{"start":{"line":153,"column":34},"end":{"line":153,"column":null}},"loc":{"start":{"line":153,"column":34},"end":{"line":167,"column":5}}},"9":{"name":"(anonymous_10)","decl":{"start":{"line":170,"column":12},"end":{"line":170,"column":null}},"loc":{"start":{"line":170,"column":12},"end":{"line":180,"column":5}}},"10":{"name":"(anonymous_11)","decl":{"start":{"line":177,"column":11},"end":{"line":177,"column":null}},"loc":{"start":{"line":177,"column":11},"end":{"line":179,"column":null}}}},"branchMap":{"0":{"loc":{"start":{"line":22,"column":2},"end":{"line":22,"column":48}},"type":"default-arg","locations":[{"start":{"line":22,"column":20},"end":{"line":22,"column":48}}]},"1":{"loc":{"start":{"line":23,"column":2},"end":{"line":23,"column":34}},"type":"default-arg","locations":[{"start":{"line":23,"column":13},"end":{"line":23,"column":34}}]},"2":{"loc":{"start":{"line":24,"column":2},"end":{"line":24,"column":36}},"type":"default-arg","locations":[{"start":{"line":24,"column":14},"end":{"line":24,"column":36}}]},"3":{"loc":{"start":{"line":34,"column":4},"end":{"line":38,"column":null}},"type":"if","locations":[{"start":{"line":34,"column":4},"end":{"line":38,"column":null}}]},"4":{"loc":{"start":{"line":40,"column":4},"end":{"line":42,"column":null}},"type":"if","locations":[{"start":{"line":40,"column":4},"end":{"line":42,"column":null}}]},"5":{"loc":{"start":{"line":45,"column":6},"end":{"line":47,"column":null}},"type":"if","locations":[{"start":{"line":45,"column":6},"end":{"line":47,"column":null}}]},"6":{"loc":{"start":{"line":53,"column":4},"end":{"line":55,"column":null}},"type":"if","locations":[{"start":{"line":53,"column":4},"end":{"line":55,"column":null}}]},"7":{"loc":{"start":{"line":53,"column":8},"end":{"line":53,"column":60}},"type":"binary-expr","locations":[{"start":{"line":53,"column":8},"end":{"line":53,"column":25}},{"start":{"line":53,"column":29},"end":{"line":53,"column":47}},{"start":{"line":53,"column":51},"end":{"line":53,"column":60}}]},"8":{"loc":{"start":{"line":61,"column":4},"end":{"line":63,"column":null}},"type":"if","locations":[{"start":{"line":61,"column":4},"end":{"line":63,"column":null}}]},"9":{"loc":{"start":{"line":70,"column":6},"end":{"line":72,"column":null}},"type":"if","locations":[{"start":{"line":70,"column":6},"end":{"line":72,"column":null}}]},"10":{"loc":{"start":{"line":70,"column":10},"end":{"line":70,"column":49}},"type":"binary-expr","locations":[{"start":{"line":70,"column":10},"end":{"line":70,"column":30}},{"start":{"line":70,"column":30},"end":{"line":70,"column":49}}]},"11":{"loc":{"start":{"line":79,"column":6},"end":{"line":82,"column":null}},"type":"if","locations":[{"start":{"line":79,"column":6},"end":{"line":82,"column":null}}]},"12":{"loc":{"start":{"line":84,"column":6},"end":{"line":87,"column":null}},"type":"if","locations":[{"start":{"line":84,"column":6},"end":{"line":87,"column":null}}]},"13":{"loc":{"start":{"line":116,"column":4},"end":{"line":118,"column":null}},"type":"if","locations":[{"start":{"line":116,"column":4},"end":{"line":118,"column":null}}]},"14":{"loc":{"start":{"line":116,"column":8},"end":{"line":116,"column":53}},"type":"binary-expr","locations":[{"start":{"line":116,"column":8},"end":{"line":116,"column":19}},{"start":{"line":116,"column":19},"end":{"line":116,"column":36}},{"start":{"line":116,"column":40},"end":{"line":116,"column":53}}]},"15":{"loc":{"start":{"line":130,"column":10},"end":{"line":134,"column":null}},"type":"if","locations":[{"start":{"line":130,"column":10},"end":{"line":134,"column":null}},{"start":{"line":132,"column":17},"end":{"line":134,"column":null}}]},"16":{"loc":{"start":{"line":130,"column":14},"end":{"line":130,"column":61}},"type":"binary-expr","locations":[{"start":{"line":130,"column":14},"end":{"line":130,"column":38}},{"start":{"line":130,"column":38},"end":{"line":130,"column":61}}]},"17":{"loc":{"start":{"line":156,"column":4},"end":{"line":159,"column":null}},"type":"if","locations":[{"start":{"line":156,"column":4},"end":{"line":159,"column":null}}]},"18":{"loc":{"start":{"line":161,"column":4},"end":{"line":164,"column":null}},"type":"if","locations":[{"start":{"line":161,"column":4},"end":{"line":164,"column":null}}]},"19":{"loc":{"start":{"line":171,"column":4},"end":{"line":175,"column":null}},"type":"if","locations":[{"start":{"line":171,"column":4},"end":{"line":175,"column":null}},{"start":{"line":173,"column":11},"end":{"line":175,"column":null}}]}},"s":{"0":2866,"1":4,"2":4,"3":4,"4":2865,"5":2865,"6":2865,"7":2865,"8":2865,"9":2865,"10":25,"11":25,"12":25,"13":25,"14":25,"15":25,"16":25,"17":25,"18":25,"19":2865,"20":0,"21":0,"22":0,"23":0,"24":0,"25":0,"26":0,"27":0,"28":0,"29":0,"30":0,"31":0,"32":0,"33":0,"34":0,"35":0,"36":0,"37":0,"38":0,"39":0,"40":0,"41":0,"42":0,"43":0,"44":0,"45":0,"46":0,"47":0,"48":0,"49":0,"50":2865,"51":2805,"52":1401,"53":1404,"54":1404,"55":1404,"56":1404,"57":1404,"58":1404,"59":1404,"60":98524,"61":0,"62":98524,"63":1404,"64":0,"65":0,"66":0,"67":0,"68":0,"69":2865,"70":2855,"71":2855,"72":0,"73":0,"74":2855,"75":2855,"76":2855,"77":2855,"78":2865,"79":2830,"80":2805,"81":25,"82":2830,"83":2830,"84":2865},"f":{"0":2865,"1":25,"2":25,"3":0,"4":2805,"5":1404,"6":98524,"7":0,"8":2855,"9":2830,"10":2830},"b":{"0":[2865],"1":[2865],"2":[2865],"3":[25],"4":[25],"5":[25],"6":[0],"7":[0,0,0],"8":[0],"9":[0],"10":[0,0],"11":[0],"12":[0],"13":[1401],"14":[2805,2805,2805],"15":[0,98524],"16":[98524,0],"17":[0],"18":[2855],"19":[2805,25]}}
,"/Users/jrpj2010/vibe-coding/app/import/14_tanren-emotion-analysis/lib/mock-data.ts": {"path":"/Users/jrpj2010/vibe-coding/app/import/14_tanren-emotion-analysis/lib/mock-data.ts","statementMap":{"0":{"start":{"line":86,"column":16},"end":{"line":86,"column":43}},"1":{"start":{"line":32,"column":16},"end":{"line":32,"column":35}},"2":{"start":{"line":78,"column":16},"end":{"line":78,"column":35}},"3":{"start":{"line":57,"column":16},"end":{"line":57,"column":37}},"4":{"start":{"line":111,"column":16},"end":{"line":111,"column":38}},"5":{"start":{"line":97,"column":13},"end":{"line":97,"column":29}},"6":{"start":{"line":33,"column":15},"end":{"line":40,"column":null}},"7":{"start":{"line":43,"column":20},"end":{"line":43,"column":null}},"8":{"start":{"line":44,"column":16},"end":{"line":44,"column":null}},"9":{"start":{"line":44,"column":22},"end":{"line":44,"column":null}},"10":{"start":{"line":46,"column":2},"end":{"line":53,"column":null}},"11":{"start":{"line":58,"column":19},"end":{"line":58,"column":null}},"12":{"start":{"line":59,"column":19},"end":{"line":59,"column":87}},"13":{"start":{"line":60,"column":16},"end":{"line":60,"column":null}},"14":{"start":{"line":62,"column":2},"end":{"line":64,"column":null}},"15":{"start":{"line":63,"column":4},"end":{"line":63,"column":null}},"16":{"start":{"line":66,"column":26},"end":{"line":66,"column":null}},"17":{"start":{"line":67,"column":26},"end":{"line":67,"column":null}},"18":{"start":{"line":68,"column":25},"end":{"line":68,"column":null}},"19":{"start":{"line":70,"column":2},"end":{"line":74,"column":null}},"20":{"start":{"line":79,"column":2},"end":{"line":82,"column":null}},"21":{"start":{"line":87,"column":2},"end":{"line":93,"column":null}},"22":{"start":{"line":97,"column":32},"end":{"line":108,"column":null}},"23":{"start":{"line":112,"column":15},"end":{"line":112,"column":17}},"24":{"start":{"line":113,"column":2},"end":{"line":121,"column":null}},"25":{"start":{"line":113,"column":15},"end":{"line":113,"column":18}},"26":{"start":{"line":114,"column":21},"end":{"line":114,"column":null}},"27":{"start":{"line":115,"column":22},"end":{"line":115,"column":null}},"28":{"start":{"line":116,"column":4},"end":{"line":120,"column":null}},"29":{"start":{"line":122,"column":2},"end":{"line":122,"column":null}}},"fnMap":{"0":{"name":"generateEmotionData","decl":{"start":{"line":32,"column":16},"end":{"line":32,"column":35}},"loc":{"start":{"line":32,"column":48},"end":{"line":54,"column":null}}},"1":{"name":"(anonymous_8)","decl":{"start":{"line":44,"column":16},"end":{"line":44,"column":22}},"loc":{"start":{"line":44,"column":22},"end":{"line":44,"column":null}}},"2":{"name":"generateSentimentData","decl":{"start":{"line":57,"column":16},"end":{"line":57,"column":37}},"loc":{"start":{"line":57,"column":59},"end":{"line":75,"column":null}}},"3":{"name":"generateFaceMetrics","decl":{"start":{"line":78,"column":16},"end":{"line":78,"column":35}},"loc":{"start":{"line":78,"column":48},"end":{"line":83,"column":null}}},"4":{"name":"generateConversationMetrics","decl":{"start":{"line":86,"column":16},"end":{"line":86,"column":43}},"loc":{"start":{"line":86,"column":16},"end":{"line":94,"column":null}}},"5":{"name":"generateTimeSeriesData","decl":{"start":{"line":111,"column":16},"end":{"line":111,"column":38}},"loc":{"start":{"line":111,"column":58},"end":{"line":123,"column":null}}}},"branchMap":{"0":{"loc":{"start":{"line":62,"column":2},"end":{"line":64,"column":null}},"type":"if","locations":[{"start":{"line":62,"column":2},"end":{"line":64,"column":null}}]},"1":{"loc":{"start":{"line":111,"column":39},"end":{"line":111,"column":58}},"type":"default-arg","locations":[{"start":{"line":111,"column":56},"end":{"line":111,"column":58}}]}},"s":{"0":11,"1":23,"2":21,"3":13,"4":3,"5":0,"6":118,"7":118,"8":118,"9":708,"10":118,"11":108,"12":108,"13":108,"14":108,"15":1,"16":107,"17":107,"18":107,"19":107,"20":21,"21":11,"22":8,"23":3,"24":3,"25":3,"26":95,"27":95,"28":95,"29":3},"f":{"0":118,"1":708,"2":108,"3":21,"4":11,"5":3},"b":{"0":[1],"1":[1]}}
,"/Users/jrpj2010/vibe-coding/app/import/14_tanren-emotion-analysis/lib/performance-config.ts": {"path":"/Users/jrpj2010/vibe-coding/app/import/14_tanren-emotion-analysis/lib/performance-config.ts","statementMap":{"0":{"start":{"line":3,"column":13},"end":{"line":3,"column":31}},"1":{"start":{"line":62,"column":16},"end":{"line":62,"column":34}},"2":{"start":{"line":3,"column":34},"end":{"line":59,"column":null}},"3":{"start":{"line":63,"column":17},"end":{"line":63,"column":null}},"4":{"start":{"line":66,"column":2},"end":{"line":69,"column":null}},"5":{"start":{"line":67,"column":4},"end":{"line":67,"column":null}},"6":{"start":{"line":68,"column":4},"end":{"line":68,"column":null}},"7":{"start":{"line":72,"column":2},"end":{"line":77,"column":null}},"8":{"start":{"line":73,"column":4},"end":{"line":73,"column":null}},"9":{"start":{"line":74,"column":4},"end":{"line":74,"column":null}},"10":{"start":{"line":75,"column":4},"end":{"line":75,"column":null}},"11":{"start":{"line":76,"column":4},"end":{"line":76,"column":null}},"12":{"start":{"line":79,"column":2},"end":{"line":79,"column":null}}},"fnMap":{"0":{"name":"getOptimizedConfig","decl":{"start":{"line":62,"column":16},"end":{"line":62,"column":34}},"loc":{"start":{"line":62,"column":16},"end":{"line":80,"column":null}}}},"branchMap":{"0":{"loc":{"start":{"line":66,"column":2},"end":{"line":69,"column":null}},"type":"if","locations":[{"start":{"line":66,"column":2},"end":{"line":69,"column":null}}]},"1":{"loc":{"start":{"line":72,"column":2},"end":{"line":77,"column":null}},"type":"if","locations":[{"start":{"line":72,"column":2},"end":{"line":77,"column":null}}]},"2":{"loc":{"start":{"line":72,"column":6},"end":{"line":72,"column":82}},"type":"binary-expr","locations":[{"start":{"line":72,"column":6},"end":{"line":72,"column":39}},{"start":{"line":72,"column":39},"end":{"line":72,"column":82}}]}},"s":{"0":0,"1":12,"2":5,"3":12,"4":12,"5":0,"6":0,"7":12,"8":0,"9":0,"10":0,"11":0,"12":12},"f":{"0":12},"b":{"0":[0],"1":[0],"2":[12,12]}}
,"/Users/jrpj2010/vibe-coding/app/import/14_tanren-emotion-analysis/lib/utils.ts": {"path":"/Users/jrpj2010/vibe-coding/app/import/14_tanren-emotion-analysis/lib/utils.ts","statementMap":{"0":{"start":{"line":4,"column":16},"end":{"line":4,"column":19}},"1":{"start":{"line":1,"column":38},"end":{"line":1,"column":null}},"2":{"start":{"line":2,"column":24},"end":{"line":2,"column":null}},"3":{"start":{"line":5,"column":2},"end":{"line":5,"column":null}}},"fnMap":{"0":{"name":"cn","decl":{"start":{"line":4,"column":16},"end":{"line":4,"column":19}},"loc":{"start":{"line":4,"column":42},"end":{"line":6,"column":null}}}},"branchMap":{},"s":{"0":71146,"1":13,"2":13,"3":71146},"f":{"0":71146},"b":{}}
,"/Users/jrpj2010/vibe-coding/app/import/14_tanren-emotion-analysis/lib/cache/emotion-cache.ts": {"path":"/Users/jrpj2010/vibe-coding/app/import/14_tanren-emotion-analysis/lib/cache/emotion-cache.ts","statementMap":{"0":{"start":{"line":11,"column":13},"end":{"line":11,"column":25}},"1":{"start":{"line":107,"column":13},"end":{"line":107,"column":25}},"2":{"start":{"line":1,"column":35},"end":{"line":1,"column":null}},"3":{"start":{"line":3,"column":15},"end":{"line":3,"column":null}},"4":{"start":{"line":15,"column":22},"end":{"line":15,"column":43}},"5":{"start":{"line":12,"column":10},"end":{"line":12,"column":null}},"6":{"start":{"line":13,"column":10},"end":{"line":13,"column":null}},"7":{"start":{"line":17,"column":4},"end":{"line":17,"column":null}},"8":{"start":{"line":22,"column":4},"end":{"line":26,"column":null}},"9":{"start":{"line":31,"column":18},"end":{"line":31,"column":null}},"10":{"start":{"line":33,"column":4},"end":{"line":35,"column":null}},"11":{"start":{"line":34,"column":6},"end":{"line":34,"column":null}},"12":{"start":{"line":38,"column":4},"end":{"line":41,"column":null}},"13":{"start":{"line":39,"column":6},"end":{"line":39,"column":null}},"14":{"start":{"line":40,"column":6},"end":{"line":40,"column":null}},"15":{"start":{"line":43,"column":4},"end":{"line":43,"column":null}},"16":{"start":{"line":48,"column":17},"end":{"line":48,"column":null}},"17":{"start":{"line":49,"column":4},"end":{"line":49,"column":null}},"18":{"start":{"line":54,"column":4},"end":{"line":54,"column":null}},"19":{"start":{"line":59,"column":4},"end":{"line":59,"column":null}},"20":{"start":{"line":64,"column":4},"end":{"line":64,"column":null}},"21":{"start":{"line":69,"column":16},"end":{"line":69,"column":null}},"22":{"start":{"line":71,"column":4},"end":{"line":75,"column":null}},"23":{"start":{"line":72,"column":6},"end":{"line":74,"column":null}},"24":{"start":{"line":73,"column":8},"end":{"line":73,"column":null}},"25":{"start":{"line":81,"column":6},"end":{"line":81,"column":null}},"26":{"start":{"line":87,"column":4},"end":{"line":90,"column":null}},"27":{"start":{"line":88,"column":6},"end":{"line":88,"column":null}},"28":{"start":{"line":89,"column":6},"end":{"line":89,"column":null}},"29":{"start":{"line":96,"column":15},"end":{"line":96,"column":null}},"30":{"start":{"line":97,"column":4},"end":{"line":101,"column":null}},"31":{"start":{"line":97,"column":17},"end":{"line":97,"column":20}},"32":{"start":{"line":98,"column":19},"end":{"line":98,"column":null}},"33":{"start":{"line":99,"column":6},"end":{"line":99,"column":null}},"34":{"start":{"line":102,"column":4},"end":{"line":102,"column":null}},"35":{"start":{"line":107,"column":28},"end":{"line":107,"column":null}}},"fnMap":{"0":{"name":"(anonymous_3)","decl":{"start":{"line":15,"column":2},"end":{"line":15,"column":14}},"loc":{"start":{"line":15,"column":80},"end":{"line":18,"column":null}}},"1":{"name":"(anonymous_4)","decl":{"start":{"line":21,"column":2},"end":{"line":21,"column":6}},"loc":{"start":{"line":21,"column":48},"end":{"line":27,"column":null}}},"2":{"name":"(anonymous_5)","decl":{"start":{"line":30,"column":2},"end":{"line":30,"column":6}},"loc":{"start":{"line":30,"column":29},"end":{"line":44,"column":null}}},"3":{"name":"(anonymous_6)","decl":{"start":{"line":47,"column":2},"end":{"line":47,"column":6}},"loc":{"start":{"line":47,"column":28},"end":{"line":50,"column":null}}},"4":{"name":"(anonymous_7)","decl":{"start":{"line":53,"column":2},"end":{"line":53,"column":9}},"loc":{"start":{"line":53,"column":28},"end":{"line":55,"column":null}}},"5":{"name":"(anonymous_8)","decl":{"start":{"line":58,"column":2},"end":{"line":58,"column":16}},"loc":{"start":{"line":58,"column":16},"end":{"line":60,"column":null}}},"6":{"name":"(anonymous_9)","decl":{"start":{"line":63,"column":2},"end":{"line":63,"column":17}},"loc":{"start":{"line":63,"column":17},"end":{"line":65,"column":null}}},"7":{"name":"(anonymous_10)","decl":{"start":{"line":68,"column":10},"end":{"line":68,"column":26}},"loc":{"start":{"line":68,"column":26},"end":{"line":76,"column":null}}},"8":{"name":"(anonymous_11)","decl":{"start":{"line":79,"column":10},"end":{"line":79,"column":31}},"loc":{"start":{"line":79,"column":31},"end":{"line":83,"column":null}}},"9":{"name":"(anonymous_12)","decl":{"start":{"line":80,"column":39},"end":{"line":80,"column":null}},"loc":{"start":{"line":80,"column":39},"end":{"line":82,"column":7}}},"10":{"name":"(anonymous_13)","decl":{"start":{"line":86,"column":2},"end":{"line":86,"column":22}},"loc":{"start":{"line":86,"column":22},"end":{"line":91,"column":null}}},"11":{"name":"(anonymous_14)","decl":{"start":{"line":94,"column":2},"end":{"line":94,"column":9}},"loc":{"start":{"line":94,"column":52},"end":{"line":103,"column":null}}}},"branchMap":{"0":{"loc":{"start":{"line":15,"column":14},"end":{"line":15,"column":78}},"type":"default-arg","locations":[{"start":{"line":15,"column":43},"end":{"line":15,"column":78}}]},"1":{"loc":{"start":{"line":25,"column":11},"end":{"line":25,"column":33}},"type":"binary-expr","locations":[{"start":{"line":25,"column":11},"end":{"line":25,"column":18}},{"start":{"line":25,"column":18},"end":{"line":25,"column":33}}]},"2":{"loc":{"start":{"line":33,"column":4},"end":{"line":35,"column":null}},"type":"if","locations":[{"start":{"line":33,"column":4},"end":{"line":35,"column":null}}]},"3":{"loc":{"start":{"line":38,"column":4},"end":{"line":41,"column":null}},"type":"if","locations":[{"start":{"line":38,"column":4},"end":{"line":41,"column":null}}]},"4":{"loc":{"start":{"line":72,"column":6},"end":{"line":74,"column":null}},"type":"if","locations":[{"start":{"line":72,"column":6},"end":{"line":74,"column":null}}]},"5":{"loc":{"start":{"line":87,"column":4},"end":{"line":90,"column":null}},"type":"if","locations":[{"start":{"line":87,"column":4},"end":{"line":90,"column":null}}]}},"s":{"0":0,"1":0,"2":4,"3":4,"4":4,"5":4,"6":4,"7":4,"8":0,"9":0,"10":0,"11":0,"12":0,"13":0,"14":0,"15":0,"16":0,"17":0,"18":0,"19":0,"20":0,"21":0,"22":0,"23":0,"24":0,"25":0,"26":0,"27":0,"28":0,"29":0,"30":0,"31":0,"32":0,"33":0,"34":0,"35":4},"f":{"0":4,"1":0,"2":0,"3":0,"4":0,"5":0,"6":0,"7":0,"8":4,"9":0,"10":0,"11":0},"b":{"0":[4],"1":[0,0],"2":[0],"3":[0],"4":[0],"5":[0]}}
}
