TN:
SF:components/audio-visualizer.tsx
FN:10,AudioVisualizer
FNF:1
FNH:0
FNDA:0,AudioVisualizer
DA:3,1
DA:10,0
DA:11,0
LF:3
LH:1
BRDA:11,0,0,0
BRDA:11,0,1,0
BRF:2
BRH:0
end_of_record
TN:
SF:components/emotion-radar-chart.tsx
FN:10,EmotionRadarChart
FNF:1
FNH:0
FNDA:0,EmotionRadarChart
DA:3,1
DA:10,0
DA:12,0
LF:3
LH:1
BRDA:12,0,0,0
BRDA:12,0,1,0
BRDA:13,1,0,0
BRDA:13,1,1,0
BRDA:13,1,2,0
BRDA:14,2,0,0
BRDA:14,2,1,0
BRDA:15,3,0,0
BRDA:15,3,1,0
BRDA:16,4,0,0
BRDA:16,4,1,0
BRDA:17,5,0,0
BRDA:17,5,1,0
BRDA:18,6,0,0
BRDA:18,6,1,0
BRDA:30,7,0,0
BRDA:37,8,0,0
BRDA:37,8,1,0
BRDA:38,9,0,0
BRDA:38,9,1,0
BRDA:39,10,0,0
BRDA:39,10,1,0
BRDA:45,11,0,0
BRDA:45,11,1,0
BRF:24
BRH:0
end_of_record
TN:
SF:components/emotion-trend-chart.tsx
FN:17,EmotionTrendChart
FN:22,(anonymous_2)
FN:59,(anonymous_3)
FNF:3
FNH:0
FNDA:0,EmotionTrendChart
FNDA:0,(anonymous_2)
FNDA:0,(anonymous_3)
DA:3,1
DA:4,1
DA:17,0
DA:19,0
DA:22,0
DA:23,0
DA:24,0
DA:59,0
LF:8
LH:2
BRDA:19,0,0,0
BRDA:19,0,1,0
BRDA:23,1,0,0
BRDA:34,2,0,0
BRDA:41,3,0,0
BRDA:41,3,1,0
BRDA:48,4,0,0
BRDA:48,4,1,0
BRDA:53,5,0,0
BRDA:53,5,1,0
BRDA:62,6,0,0
BRDA:62,6,1,0
BRDA:65,7,0,0
BRF:13
BRH:0
end_of_record
TN:
SF:components/face-map-canvas.tsx
FN:21,FaceMapCanvas
FN:25,(anonymous_2)
FN:32,(anonymous_3)
FN:41,(anonymous_4)
FN:60,(anonymous_5)
FN:70,(anonymous_6)
FN:92,(anonymous_7)
FN:124,(anonymous_8)
FNF:8
FNH:0
FNDA:0,FaceMapCanvas
FNDA:0,(anonymous_2)
FNDA:0,(anonymous_3)
FNDA:0,(anonymous_4)
FNDA:0,(anonymous_5)
FNDA:0,(anonymous_6)
FNDA:0,(anonymous_7)
FNDA:0,(anonymous_8)
DA:3,1
DA:4,1
DA:13,1
DA:21,0
DA:22,0
DA:23,0
DA:25,0
DA:26,0
DA:27,0
DA:29,0
DA:30,0
DA:32,0
DA:33,0
DA:35,0
DA:37,0
DA:38,0
DA:39,0
DA:41,0
DA:42,0
DA:43,0
DA:44,0
DA:45,0
DA:46,0
DA:51,0
DA:52,0
DA:55,0
DA:56,0
DA:59,0
DA:60,0
DA:61,0
DA:62,0
DA:63,0
DA:64,0
DA:69,0
DA:70,0
DA:71,0
DA:72,0
DA:73,0
DA:74,0
DA:79,0
DA:80,0
DA:81,0
DA:82,0
DA:83,0
DA:87,0
DA:88,0
DA:89,0
DA:91,0
DA:92,0
DA:93,0
DA:94,0
DA:95,0
DA:96,0
DA:101,0
DA:102,0
DA:103,0
DA:106,0
DA:107,0
DA:108,0
DA:111,0
DA:112,0
DA:113,0
DA:114,0
DA:115,0
DA:116,0
DA:119,0
DA:122,0
DA:124,0
DA:125,0
DA:126,0
LF:70
LH:3
BRDA:21,0,0,0
BRDA:21,1,0,0
BRDA:27,2,0,0
BRDA:30,3,0,0
BRDA:35,4,0,0
BRDA:35,4,1,0
BRDA:35,5,0,0
BRDA:35,5,1,0
BRDA:42,6,0,0
BRDA:42,7,0,0
BRDA:42,7,1,0
BRDA:61,8,0,0
BRDA:71,9,0,0
BRDA:79,10,0,0
BRDA:93,11,0,0
BRDA:125,12,0,0
BRF:16
BRH:0
end_of_record
TN:
SF:components/face-map-visualization.tsx
FN:10,FaceMapVisualization
FNF:1
FNH:0
FNDA:0,FaceMapVisualization
DA:3,1
DA:10,0
LF:2
LH:1
BRDA:10,0,0,0
BRDA:10,1,0,0
BRDA:13,2,0,0
BRDA:13,2,1,0
BRF:4
BRH:0
end_of_record
TN:
SF:components/face-metrics-gauge.tsx
FN:11,FaceMetricsGauge
FN:21,(anonymous_2)
FN:27,(anonymous_3)
FN:33,(anonymous_4)
FN:50,(anonymous_5)
FN:54,(anonymous_6)
FN:81,(anonymous_7)
FN:83,(anonymous_8)
FN:115,(anonymous_9)
FN:117,(anonymous_10)
FNF:10
FNH:0
FNDA:0,FaceMetricsGauge
FNDA:0,(anonymous_2)
FNDA:0,(anonymous_3)
FNDA:0,(anonymous_4)
FNDA:0,(anonymous_5)
FNDA:0,(anonymous_6)
FNDA:0,(anonymous_7)
FNDA:0,(anonymous_8)
FNDA:0,(anonymous_9)
FNDA:0,(anonymous_10)
DA:3,1
DA:4,1
DA:11,0
DA:12,0
DA:13,0
DA:14,0
DA:15,0
DA:17,0
DA:18,0
DA:19,0
DA:21,0
DA:22,0
DA:23,0
DA:24,0
DA:27,0
DA:28,0
DA:29,0
DA:30,0
DA:33,0
DA:34,0
DA:35,0
DA:36,0
DA:39,0
DA:40,0
DA:42,0
DA:43,0
DA:47,0
DA:50,0
DA:51,0
DA:54,0
DA:55,0
DA:56,0
DA:57,0
DA:60,0
DA:61,0
DA:62,0
DA:65,0
DA:81,0
DA:83,0
DA:115,0
DA:117,0
LF:41
LH:2
BRDA:17,0,0,0
BRDA:17,0,1,0
BRDA:18,1,0,0
BRDA:18,1,1,0
BRDA:19,2,0,0
BRDA:19,2,1,0
BRDA:22,3,0,0
BRDA:23,4,0,0
BRDA:28,5,0,0
BRDA:29,6,0,0
BRDA:34,7,0,0
BRDA:34,7,1,0
BRDA:35,8,0,0
BRDA:35,8,1,0
BRDA:36,9,0,0
BRDA:36,9,1,0
BRDA:55,10,0,0
BRDA:55,10,1,0
BRDA:56,11,0,0
BRDA:56,11,1,0
BRDA:57,12,0,0
BRDA:57,12,1,0
BRDA:65,13,0,0
BRDA:130,14,0,0
BRDA:133,15,0,0
BRDA:133,15,1,0
BRF:26
BRH:0
end_of_record
TN:
SF:components/realtime-dashboard.tsx
FN:28,RealtimeDashboard
FN:104,(anonymous_3)
FN:111,(anonymous_4)
FN:125,(anonymous_5)
FN:137,(anonymous_6)
FN:150,(anonymous_7)
FN:157,(anonymous_8)
FN:160,(anonymous_9)
FN:161,(anonymous_10)
FN:182,(anonymous_11)
FN:202,(anonymous_12)
FN:222,(anonymous_13)
FN:225,(anonymous_14)
FN:288,(anonymous_15)
FN:298,(anonymous_16)
FN:304,(anonymous_17)
FN:340,(anonymous_18)
FN:347,(anonymous_19)
FN:352,(anonymous_20)
FN:471,(anonymous_21)
FN:600,(anonymous_22)
FNF:21
FNH:1
FNDA:5,RealtimeDashboard
FNDA:0,(anonymous_3)
FNDA:0,(anonymous_4)
FNDA:0,(anonymous_5)
FNDA:0,(anonymous_6)
FNDA:0,(anonymous_7)
FNDA:0,(anonymous_8)
FNDA:0,(anonymous_9)
FNDA:0,(anonymous_10)
FNDA:0,(anonymous_11)
FNDA:0,(anonymous_12)
FNDA:0,(anonymous_13)
FNDA:0,(anonymous_14)
FNDA:0,(anonymous_15)
FNDA:0,(anonymous_16)
FNDA:0,(anonymous_17)
FNDA:0,(anonymous_18)
FNDA:0,(anonymous_19)
FNDA:0,(anonymous_20)
FNDA:0,(anonymous_21)
FNDA:0,(anonymous_22)
DA:3,1
DA:4,1
DA:5,1
DA:6,1
DA:7,1
DA:8,1
DA:9,1
DA:10,1
DA:11,1
DA:12,1
DA:13,1
DA:14,1
DA:15,1
DA:16,1
DA:17,1
DA:18,1
DA:19,1
DA:20,1
DA:21,1
DA:22,1
DA:23,1
DA:24,1
DA:25,1
DA:26,1
DA:28,2
DA:29,5
DA:30,0
DA:32,0
DA:33,0
DA:34,0
DA:35,0
DA:36,0
DA:37,0
DA:38,0
DA:39,0
DA:42,0
DA:52,0
DA:55,0
DA:65,0
DA:80,0
DA:99,0
DA:104,0
DA:105,0
DA:106,0
DA:111,0
DA:112,0
DA:113,0
DA:121,0
DA:122,0
DA:123,0
DA:125,0
DA:126,0
DA:127,0
DA:134,0
DA:137,0
DA:138,0
DA:139,0
DA:140,0
DA:141,0
DA:143,0
DA:150,0
DA:151,0
DA:152,0
DA:157,0
DA:159,0
DA:160,0
DA:161,0
DA:164,0
DA:165,0
DA:175,0
DA:178,0
DA:179,0
DA:180,0
DA:182,0
DA:183,0
DA:190,0
DA:192,0
DA:194,0
DA:198,0
DA:199,0
DA:200,0
DA:202,0
DA:203,0
DA:210,0
DA:212,0
DA:213,0
DA:218,0
DA:219,0
DA:222,0
DA:225,0
DA:226,0
DA:227,0
DA:228,0
DA:229,0
DA:232,0
DA:234,0
DA:236,0
DA:237,0
DA:239,0
DA:241,0
DA:244,0
DA:247,0
DA:248,0
DA:249,0
DA:251,0
DA:253,0
DA:255,0
DA:258,0
DA:259,0
DA:261,0
DA:265,0
DA:268,0
DA:271,0
DA:272,0
DA:274,0
DA:278,0
DA:279,0
DA:280,0
DA:282,0
DA:284,0
DA:288,0
DA:289,0
DA:291,0
DA:293,0
DA:294,0
DA:295,0
DA:298,0
DA:300,0
DA:301,0
DA:304,0
DA:307,0
DA:308,0
DA:316,0
DA:317,0
DA:318,0
DA:320,0
DA:322,0
DA:323,0
DA:326,0
DA:329,0
DA:331,0
DA:332,0
DA:333,0
DA:335,0
DA:336,0
DA:340,0
DA:341,0
DA:342,0
DA:343,0
DA:347,0
DA:348,0
DA:349,0
DA:352,0
DA:355,0
DA:357,0
DA:360,0
DA:472,0
DA:473,0
DA:600,0
LF:159
LH:26
BRDA:105,0,0,0
BRDA:105,1,0,0
BRDA:105,1,1,0
BRDA:112,2,0,0
BRDA:112,3,0,0
BRDA:112,3,1,0
BRDA:112,3,2,0
BRDA:112,3,3,0
BRDA:126,4,0,0
BRDA:126,4,1,0
BRDA:138,5,0,0
BRDA:138,5,1,0
BRDA:151,6,0,0
BRDA:151,7,0,0
BRDA:151,7,1,0
BRDA:159,8,0,0
BRDA:164,9,0,0
BRDA:164,9,1,0
BRDA:236,10,0,0
BRDA:236,10,1,0
BRDA:258,11,0,0
BRDA:258,11,1,0
BRDA:271,12,0,0
BRDA:271,12,1,0
BRDA:279,13,0,0
BRDA:279,13,1,0
BRDA:307,14,0,0
BRDA:307,14,1,0
BRDA:317,15,0,0
BRDA:317,15,1,0
BRDA:335,16,0,0
BRDA:335,16,1,0
BRDA:342,17,0,0
BRDA:342,18,0,0
BRDA:342,18,1,0
BRDA:348,19,0,0
BRDA:380,20,0,0
BRDA:390,21,0,0
BRDA:390,21,1,0
BRDA:394,22,0,0
BRDA:394,22,1,0
BRDA:394,23,0,0
BRDA:394,23,1,0
BRDA:400,24,0,0
BRDA:400,24,1,0
BRDA:400,25,0,0
BRDA:400,25,1,0
BRDA:403,26,0,0
BRDA:418,27,0,0
BRDA:418,27,1,0
BRDA:435,28,0,0
BRDA:435,28,1,0
BRDA:439,29,0,0
BRDA:439,29,1,0
BRDA:440,30,0,0
BRDA:440,30,1,0
BRDA:441,31,0,0
BRDA:441,31,1,0
BRDA:447,32,0,0
BRDA:470,33,0,0
BRDA:469,34,0,0
BRDA:469,34,1,0
BRDA:481,35,0,0
BRDA:493,36,0,0
BRDA:526,37,0,0
BRDA:526,37,1,0
BRDA:530,38,0,0
BRDA:541,39,0,0
BRDA:566,40,0,0
BRDA:566,40,1,0
BRF:70
BRH:0
end_of_record
TN:
SF:components/transcript-area.tsx
FN:12,TranscriptArea
FN:22,(anonymous_2)
FN:31,(anonymous_3)
FNF:3
FNH:0
FNDA:0,TranscriptArea
FNDA:0,(anonymous_2)
FNDA:0,(anonymous_3)
DA:3,1
DA:12,0
DA:18,0
DA:19,0
DA:22,0
DA:23,0
DA:24,0
DA:25,0
DA:27,0
DA:31,0
DA:32,0
DA:33,0
DA:34,0
LF:13
LH:1
BRDA:14,0,0,0
BRDA:16,1,0,0
BRDA:23,2,0,0
BRDA:23,3,0,0
BRDA:23,3,1,0
BRDA:32,4,0,0
BRDA:32,5,0,0
BRDA:32,5,1,0
BRDA:47,6,0,0
BRDA:50,7,0,0
BRDA:50,7,1,0
BRDA:52,8,0,0
BRDA:52,8,1,0
BRDA:56,9,0,0
BRF:14
BRH:0
end_of_record
TN:
SF:components/video-playback-modal.tsx
FN:14,VideoPlaybackModal
FN:78,(anonymous_3)
FNF:2
FNH:0
FNDA:0,VideoPlaybackModal
FNDA:0,(anonymous_3)
DA:3,1
DA:4,1
DA:14,0
DA:20,0
DA:21,0
DA:25,0
DA:79,0
LF:7
LH:2
BRDA:20,0,0,0
BRDA:20,1,0,0
BRDA:20,1,1,0
BRDA:56,2,0,0
BRDA:74,3,0,0
BRF:5
BRH:0
end_of_record
TN:
SF:components/video-player.tsx
FN:44,VideoPlayer
FN:55,(anonymous_2)
FN:59,(anonymous_3)
FN:63,(anonymous_4)
FN:77,(anonymous_5)
FN:85,(anonymous_6)
FN:103,(anonymous_7)
FN:107,(anonymous_8)
FN:113,(anonymous_9)
FN:124,(anonymous_10)
FN:131,(anonymous_11)
FN:138,(anonymous_12)
FN:144,(anonymous_13)
FN:151,(anonymous_14)
FN:152,(anonymous_15)
FN:170,(anonymous_16)
FN:241,(anonymous_17)
FN:293,(anonymous_18)
FNF:18
FNH:0
FNDA:0,VideoPlayer
FNDA:0,(anonymous_2)
FNDA:0,(anonymous_3)
FNDA:0,(anonymous_4)
FNDA:0,(anonymous_5)
FNDA:0,(anonymous_6)
FNDA:0,(anonymous_7)
FNDA:0,(anonymous_8)
FNDA:0,(anonymous_9)
FNDA:0,(anonymous_10)
FNDA:0,(anonymous_11)
FNDA:0,(anonymous_12)
FNDA:0,(anonymous_13)
FNDA:0,(anonymous_14)
FNDA:0,(anonymous_15)
FNDA:0,(anonymous_16)
FNDA:0,(anonymous_17)
FNDA:0,(anonymous_18)
DA:3,1
DA:4,1
DA:5,1
DA:6,1
DA:7,1
DA:44,0
DA:45,0
DA:46,0
DA:47,0
DA:48,0
DA:49,0
DA:50,0
DA:51,0
DA:52,0
DA:55,0
DA:56,0
DA:57,0
DA:59,0
DA:60,0
DA:63,0
DA:64,0
DA:65,0
DA:66,0
DA:69,0
DA:70,0
DA:73,0
DA:74,0
DA:77,0
DA:78,0
DA:79,0
DA:85,0
DA:86,0
DA:88,0
DA:89,0
DA:91,0
DA:92,0
DA:93,0
DA:95,0
DA:99,0
DA:103,0
DA:104,0
DA:106,0
DA:107,0
DA:110,0
DA:113,0
DA:114,0
DA:115,0
DA:116,0
DA:118,0
DA:120,0
DA:124,0
DA:125,0
DA:126,0
DA:127,0
DA:131,0
DA:132,0
DA:133,0
DA:134,0
DA:138,0
DA:139,0
DA:140,0
DA:144,0
DA:145,0
DA:146,0
DA:147,0
DA:151,0
DA:152,0
DA:153,0
DA:155,0
DA:157,0
DA:158,0
DA:159,0
DA:161,0
DA:162,0
DA:164,0
DA:165,0
DA:169,0
DA:170,0
DA:173,0
DA:241,0
DA:294,0
LF:81
LH:5
BRDA:49,0,0,0
BRDA:49,0,1,0
BRDA:56,1,0,0
BRDA:73,2,0,0
BRDA:86,3,0,0
BRDA:86,4,0,0
BRDA:86,4,1,0
BRDA:92,5,0,0
BRDA:92,5,1,0
BRDA:104,6,0,0
BRDA:107,7,0,0
BRDA:107,7,1,0
BRDA:114,8,0,0
BRDA:115,9,0,0
BRDA:115,9,1,0
BRDA:125,10,0,0
BRDA:132,11,0,0
BRDA:139,12,0,0
BRDA:153,13,0,0
BRDA:155,14,0,0
BRDA:155,14,1,0
BRDA:155,14,2,0
BRDA:173,15,0,0
BRDA:215,16,0,0
BRDA:267,17,0,0
BRDA:270,18,0,0
BRDA:293,19,0,0
BRDA:297,20,0,0
BRDA:297,20,1,0
BRF:29
BRH:0
end_of_record
TN:
SF:components/video-stream.tsx
FN:14,VideoStream
FN:17,(anonymous_2)
FNF:2
FNH:0
FNDA:0,VideoStream
FNDA:0,(anonymous_2)
DA:3,1
DA:4,1
DA:5,1
DA:14,0
DA:15,0
DA:17,0
DA:18,0
DA:19,0
DA:24,0
DA:25,0
DA:27,0
DA:38,0
DA:49,0
LF:13
LH:3
BRDA:18,0,0,0
BRDA:18,1,0,0
BRDA:18,1,1,0
BRDA:27,2,0,0
BRDA:38,3,0,0
BRDA:49,4,0,0
BRF:6
BRH:0
end_of_record
TN:
SF:components/ui/alert.tsx
FNF:0
FNH:0
DA:1,1
DA:2,1
DA:4,1
DA:6,1
DA:33,1
DA:45,1
DA:57,1
DA:59,0
LF:8
LH:7
BRF:0
BRH:0
end_of_record
TN:
SF:components/ui/button.tsx
FN:43,(anonymous_6)
FNF:1
FNH:0
FNDA:0,(anonymous_6)
DA:1,1
DA:2,1
DA:3,1
DA:5,1
DA:7,1
DA:42,1
DA:44,0
DA:54,1
DA:56,0
LF:9
LH:7
BRDA:43,0,0,0
BRDA:44,1,0,0
BRDA:44,1,1,0
BRF:3
BRH:0
end_of_record
TN:
SF:components/ui/card.tsx
FNF:0
FNH:0
DA:1,1
DA:3,1
DA:18,1
DA:30,1
DA:45,1
DA:57,1
DA:65,1
DA:77,1
DA:79,0
LF:9
LH:8
BRF:0
BRH:0
end_of_record
TN:
SF:components/ui/dialog.tsx
FNF:0
FNH:0
DA:3,1
DA:4,1
DA:5,1
DA:7,1
DA:9,1
DA:11,1
DA:13,1
DA:15,1
DA:30,1
DA:54,1
DA:68,1
DA:82,1
DA:97,1
DA:109,1
DA:112,0
DA:113,0
DA:114,0
DA:115,0
DA:116,0
DA:117,0
DA:118,0
DA:119,0
DA:120,0
DA:121,0
LF:24
LH:14
BRF:0
BRH:0
end_of_record
TN:
SF:components/ui/progress.tsx
FNF:0
FNH:0
DA:3,1
DA:4,1
DA:6,1
DA:26,1
DA:28,0
LF:5
LH:4
BRDA:22,0,0,0
BRDA:22,0,1,0
BRF:2
BRH:0
end_of_record
TN:
SF:components/ui/slider.tsx
FNF:0
FNH:0
DA:3,1
DA:4,1
DA:6,1
DA:26,1
DA:28,0
LF:5
LH:4
BRF:0
BRH:0
end_of_record
TN:
SF:contexts/session-context.tsx
FN:15,SessionProvider
FN:33,useSessionContext
FNF:2
FNH:1
FNDA:4,SessionProvider
FNDA:0,useSessionContext
DA:3,1
DA:13,1
DA:15,2
DA:16,4
DA:17,4
DA:33,0
DA:34,0
DA:35,0
DA:36,0
DA:38,0
LF:10
LH:5
BRDA:35,0,0,0
BRF:1
BRH:0
end_of_record
TN:
SF:hooks/use-audio-visualizer.ts
FN:3,useAudioVisualizer
FN:10,(anonymous_2)
FN:36,(anonymous_3)
FN:72,(anonymous_4)
FN:79,(anonymous_5)
FN:82,(anonymous_6)
FN:92,(anonymous_7)
FNF:7
FNH:0
FNDA:0,useAudioVisualizer
FNDA:0,(anonymous_2)
FNDA:0,(anonymous_3)
FNDA:0,(anonymous_4)
FNDA:0,(anonymous_5)
FNDA:0,(anonymous_6)
FNDA:0,(anonymous_7)
DA:1,1
DA:3,0
DA:4,0
DA:5,0
DA:6,0
DA:7,0
DA:8,0
DA:10,0
DA:11,0
DA:13,0
DA:14,0
DA:16,0
DA:18,0
DA:19,0
DA:22,0
DA:23,0
DA:24,0
DA:26,0
DA:27,0
DA:30,0
DA:32,0
DA:36,0
DA:37,0
DA:39,0
DA:40,0
DA:41,0
DA:43,0
DA:44,0
DA:47,0
DA:50,0
DA:52,0
DA:53,0
DA:55,0
DA:56,0
DA:59,0
DA:60,0
DA:61,0
DA:63,0
DA:64,0
DA:66,0
DA:69,0
DA:72,0
DA:73,0
DA:74,0
DA:75,0
DA:79,0
DA:80,0
DA:82,0
DA:83,0
DA:84,0
DA:86,0
DA:87,0
DA:92,0
DA:93,0
DA:94,0
DA:95,0
DA:96,0
DA:98,0
DA:99,0
DA:100,0
DA:101,0
DA:102,0
DA:103,0
DA:104,0
DA:105,0
DA:106,0
DA:107,0
DA:108,0
DA:109,0
DA:110,0
DA:117,0
LF:71
LH:1
BRDA:11,0,0,0
BRDA:11,1,0,0
BRDA:11,1,1,0
BRDA:14,2,0,0
BRDA:18,3,0,0
BRDA:18,3,1,0
BRDA:37,4,0,0
BRDA:37,5,0,0
BRDA:37,5,1,0
BRDA:37,5,2,0
BRDA:41,6,0,0
BRDA:74,7,0,0
BRDA:74,8,0,0
BRDA:74,8,1,0
BRDA:83,9,0,0
BRDA:86,10,0,0
BRDA:93,11,0,0
BRDA:93,11,1,0
BRDA:93,12,0,0
BRDA:93,12,1,0
BRDA:95,13,0,0
BRDA:98,14,0,0
BRDA:101,15,0,0
BRF:23
BRH:0
end_of_record
TN:
SF:hooks/use-face-detection.ts
FN:9,useFaceDetection
FN:18,(anonymous_2)
FN:47,(anonymous_3)
FN:72,(anonymous_4)
FN:82,(anonymous_5)
FN:87,(anonymous_6)
FN:98,(anonymous_7)
FN:103,(anonymous_8)
FNF:8
FNH:0
FNDA:0,useFaceDetection
FNDA:0,(anonymous_2)
FNDA:0,(anonymous_3)
FNDA:0,(anonymous_4)
FNDA:0,(anonymous_5)
FNDA:0,(anonymous_6)
FNDA:0,(anonymous_7)
FNDA:0,(anonymous_8)
DA:1,1
DA:2,1
DA:9,0
DA:10,0
DA:11,0
DA:12,0
DA:13,0
DA:14,0
DA:15,0
DA:18,0
DA:19,0
DA:20,0
DA:21,0
DA:23,0
DA:27,0
DA:39,0
DA:41,0
DA:42,0
DA:47,0
DA:48,0
DA:49,0
DA:52,0
DA:53,0
DA:54,0
DA:55,0
DA:57,0
DA:58,0
DA:60,0
DA:63,0
DA:68,0
DA:72,0
DA:73,0
DA:75,0
DA:76,0
DA:77,0
DA:78,0
DA:79,0
DA:80,0
DA:82,0
DA:83,0
DA:84,0
DA:87,0
DA:88,0
DA:89,0
DA:91,0
DA:92,0
DA:93,0
DA:98,0
DA:99,0
DA:100,0
DA:103,0
DA:104,0
DA:105,0
DA:106,0
DA:111,0
LF:55
LH:2
BRDA:9,0,0,0
BRDA:41,1,0,0
BRDA:41,1,1,0
BRDA:48,2,0,0
BRDA:48,3,0,0
BRDA:48,3,1,0
BRDA:48,3,2,0
BRDA:53,4,0,0
BRDA:57,5,0,0
BRDA:57,5,1,0
BRDA:57,6,0,0
BRDA:57,6,1,0
BRDA:73,7,0,0
BRDA:73,8,0,0
BRDA:73,8,1,0
BRDA:88,9,0,0
BRDA:99,10,0,0
BRDA:104,11,0,0
BRF:18
BRH:0
end_of_record
TN:
SF:lib/error-messages.ts
FN:49,getMediaErrorMessage
FN:51,(anonymous_5)
FN:56,getRecordingErrorMessage
FNF:3
FNH:0
FNDA:0,getMediaErrorMessage
FNDA:0,(anonymous_5)
FNDA:0,getRecordingErrorMessage
DA:19,1
DA:49,0
DA:50,0
DA:51,0
DA:53,0
DA:56,0
DA:57,0
DA:59,0
DA:60,0
DA:63,0
DA:64,0
DA:67,0
DA:68,0
DA:71,0
LF:14
LH:1
BRDA:53,0,0,0
BRDA:53,0,1,0
BRDA:59,1,0,0
BRDA:59,2,0,0
BRDA:59,2,1,0
BRDA:63,3,0,0
BRDA:63,4,0,0
BRDA:63,4,1,0
BRDA:67,5,0,0
BRDA:67,6,0,0
BRDA:67,6,1,0
BRF:11
BRH:0
end_of_record
TN:
SF:lib/mock-data.ts
FN:32,generateEmotionData
FN:44,(anonymous_8)
FN:57,generateSentimentData
FN:78,generateFaceMetrics
FN:86,generateConversationMetrics
FN:111,generateTimeSeriesData
FNF:6
FNH:0
FNDA:0,generateEmotionData
FNDA:0,(anonymous_8)
FNDA:0,generateSentimentData
FNDA:0,generateFaceMetrics
FNDA:0,generateConversationMetrics
FNDA:0,generateTimeSeriesData
DA:32,0
DA:33,0
DA:43,0
DA:44,0
DA:46,0
DA:57,0
DA:58,0
DA:59,0
DA:60,0
DA:62,0
DA:63,0
DA:66,0
DA:67,0
DA:68,0
DA:70,0
DA:78,0
DA:79,0
DA:86,0
DA:87,0
DA:97,1
DA:111,0
DA:112,0
DA:113,0
DA:114,0
DA:115,0
DA:116,0
DA:122,0
LF:27
LH:1
BRDA:62,0,0,0
BRDA:111,1,0,0
BRF:2
BRH:0
end_of_record
TN:
SF:lib/translation.ts
FN:109,(anonymous_4)
FN:117,(anonymous_5)
FN:125,(anonymous_6)
FN:134,(anonymous_7)
FN:144,translateWord
FN:152,translateEmotionText
FN:164,(anonymous_10)
FN:202,translateEmotionAnalysis
FNF:8
FNH:0
FNDA:0,(anonymous_4)
FNDA:0,(anonymous_5)
FNDA:0,(anonymous_6)
FNDA:0,(anonymous_7)
FNDA:0,translateWord
FNDA:0,translateEmotionText
FNDA:0,(anonymous_10)
FNDA:0,translateEmotionAnalysis
DA:2,1
DA:105,1
DA:110,0
DA:111,0
DA:118,0
DA:119,0
DA:126,0
DA:127,0
DA:128,0
DA:135,0
DA:136,0
DA:145,0
DA:146,0
DA:152,0
DA:153,0
DA:155,0
DA:158,0
DA:159,0
DA:164,0
DA:166,0
DA:168,0
DA:169,0
DA:170,0
DA:174,0
DA:187,0
DA:188,0
DA:191,0
DA:202,0
DA:206,0
DA:215,1
LF:30
LH:3
BRDA:146,0,0,0
BRDA:146,0,1,0
BRDA:153,1,0,0
BRDA:187,2,0,0
BRF:4
BRH:0
end_of_record
TN:
SF:lib/utils.ts
FN:4,cn
FNF:1
FNH:0
FNDA:0,cn
DA:1,1
DA:2,1
DA:4,0
DA:5,0
LF:4
LH:2
BRF:0
BRH:0
end_of_record
