TN:
SF:components/face-metrics-gauge.tsx
FN:11,FaceMetricsGauge
FN:21,(anonymous_2)
FN:27,(anonymous_3)
FN:33,(anonymous_4)
FN:50,(anonymous_5)
FN:54,(anonymous_6)
FN:81,(anonymous_7)
FN:83,(anonymous_8)
FN:115,(anonymous_9)
FN:117,(anonymous_10)
FNF:10
FNH:9
FNDA:31,FaceMetricsGauge
FNDA:13,(anonymous_2)
FNDA:13,(anonymous_3)
FNDA:12,(anonymous_4)
FNDA:2,(anonymous_5)
FNDA:1,(anonymous_6)
FNDA:11,(anonymous_7)
FNDA:1,(anonymous_8)
FNDA:1,(anonymous_9)
FNDA:0,(anonymous_10)
DA:3,1
DA:4,1
DA:11,16
DA:12,31
DA:13,31
DA:14,31
DA:15,31
DA:17,31
DA:18,31
DA:19,31
DA:21,31
DA:22,13
DA:23,11
DA:24,8
DA:27,31
DA:28,13
DA:29,11
DA:30,8
DA:33,31
DA:34,12
DA:35,12
DA:36,12
DA:39,12
DA:40,12
DA:42,12
DA:43,12
DA:47,12
DA:50,31
DA:51,2
DA:54,31
DA:55,1
DA:56,1
DA:57,1
DA:60,1
DA:61,1
DA:62,1
DA:65,31
DA:81,11
DA:83,1
DA:115,1
DA:117,0
LF:41
LH:40
BRDA:17,0,0,31
BRDA:17,0,1,1
BRDA:18,1,0,31
BRDA:18,1,1,1
BRDA:19,2,0,31
BRDA:19,2,1,31
BRDA:22,3,0,2
BRDA:23,4,0,3
BRDA:28,5,0,2
BRDA:29,6,0,3
BRDA:34,7,0,11
BRDA:34,7,1,1
BRDA:35,8,0,11
BRDA:35,8,1,1
BRDA:36,9,0,11
BRDA:36,9,1,1
BRDA:55,10,0,1
BRDA:55,10,1,0
BRDA:56,11,0,1
BRDA:56,11,1,0
BRDA:57,12,0,1
BRDA:57,12,1,0
BRDA:65,13,0,1
BRDA:130,14,0,30
BRDA:133,15,0,12
BRDA:133,15,1,1
BRF:26
BRH:23
end_of_record
TN:
SF:components/ui/progress.tsx
FNF:0
FNH:0
DA:3,1
DA:4,1
DA:6,1
DA:26,1
DA:28,30
LF:5
LH:5
BRDA:22,0,0,30
BRDA:22,0,1,0
BRF:2
BRH:1
end_of_record
TN:
SF:lib/utils.ts
FN:4,cn
FNF:1
FNH:1
FNDA:30,cn
DA:1,1
DA:2,1
DA:4,30
DA:5,30
LF:4
LH:4
BRF:0
BRH:0
end_of_record
